[2026-06-10T12:00:01.077Z] ═══════════════════════════════════════════════════════
[2026-06-10T12:00:01.078Z] LinkedIn Auto-Publisher — 2026-06-10
[2026-06-10T12:00:01.078Z] Mode: LIVE
[2026-06-10T12:00:01.079Z] ═══════════════════════════════════════════════════════
[2026-06-10T12:00:01.079Z] Querying Notion for scheduled posts...
[2026-06-10T12:00:05.515Z] Found 1 post(s) scheduled for today
[2026-06-10T12:00:05.515Z] 
─── Post 1/1: "Part 2: Computer Vision Fundamentals" ───
[2026-06-10T12:00:05.515Z]   Platform: LinkedIn Company
[2026-06-10T12:00:05.515Z]   Posted By: Company Page
[2026-06-10T12:00:05.515Z]   Resolved Targets: company
[2026-06-10T12:00:05.515Z]   Post Type: Text+Image
[2026-06-10T12:00:05.515Z]   Image: /root/themaximoguys-blog/posts/MAS-VISUAL-INSPECTION/images/mas-visual-inspection-02.png
[2026-06-10T12:00:05.515Z]   Hashtags: #IBMMaximo #MVI #DeepLearning #ComputerVision #IndustrialAI...
[2026-06-10T12:00:05.515Z]   First Comment: yes
[2026-06-10T12:00:05.516Z]   Series: Visual Inspection
[2026-06-10T12:00:05.516Z]   Publishing as company (urn:li:organization:111960338)...
[2026-06-10T12:00:05.516Z]   Uploading image: /root/themaximoguys-blog/posts/MAS-VISUAL-INSPECTION/images/mas-visual-inspection-02.png
[2026-06-10T12:00:05.879Z] ERROR: Failed to publish "Part 2: Computer Vision Fundamentals" — Image init failed: 401 {"status":401,"serviceErrorCode":65602,"code":"EXPIRED_ACCESS_TOKEN","message":"The token used in the request has expired"}
[2026-06-10T12:00:05.880Z] 
═══════════════════════════════════════════════════════
[2026-06-10T12:00:05.880Z] SUMMARY: 0 published, 1 failed, 1 total
[2026-06-10T12:00:05.880Z] ═══════════════════════════════════════════════════════
