[2026-07-04T12:00:02.403Z] ═══════════════════════════════════════════════════════
[2026-07-04T12:00:02.408Z] LinkedIn Auto-Publisher — 2026-07-04
[2026-07-04T12:00:02.408Z] Mode: LIVE
[2026-07-04T12:00:02.409Z] ═══════════════════════════════════════════════════════
[2026-07-04T12:00:02.409Z] Querying Notion for scheduled posts...
[2026-07-04T12:00:03.852Z] Found 1 post(s) scheduled for today
[2026-07-04T12:00:03.853Z] 
─── Post 1/1: "Part 6: Integrating Maximo Predict (The Closed Loop)" ───
[2026-07-04T12:00:03.853Z]   Platform: LinkedIn Personal
[2026-07-04T12:00:03.853Z]   Posted By: Surendra Katta
[2026-07-04T12:00:03.853Z]   Resolved Targets: personal
[2026-07-04T12:00:03.853Z]   Post Type: Text+Image
[2026-07-04T12:00:03.853Z]   Image: /root/themaximoguys-blog/SocialMedia/LinkedIn/Content/images/HMP/li-mas-predict-06.png
[2026-07-04T12:00:03.853Z]   Hashtags: #IBMMaximo #MaximoPredict #PredictiveMaintenance #MASIntegration #ReliabilityEng...
[2026-07-04T12:00:03.853Z]   First Comment: yes
[2026-07-04T12:00:03.853Z]   Series: MAS Predict
[2026-07-04T12:00:03.854Z]   Publishing as personal (urn:li:person:hj5bWVNgmt)...
[2026-07-04T12:00:03.855Z]   Uploading image: /root/themaximoguys-blog/SocialMedia/LinkedIn/Content/images/HMP/li-mas-predict-06.png
[2026-07-04T12:00:05.090Z]   Image uploaded: urn:li:image:D5610AQHL0b2r1ih_dg
[2026-07-04T12:00:05.090Z]   Creating post...
[2026-07-04T12:00:05.793Z]   Post published: urn:li:share:7479141987288240129
[2026-07-04T12:00:05.793Z]   URL: https://www.linkedin.com/feed/update/urn:li:share:7479141987288240129/
[2026-07-04T12:00:05.793Z]   Waiting 5s for post propagation...
[2026-07-04T12:00:10.797Z]   Adding first comment as personal...
[2026-07-04T12:00:11.017Z] Comment API failed: 404 {"message":"Unable to obtain activity for urn: 'urn:li:share:7479141987288240129'","status":404}
[2026-07-04T12:00:11.017Z]   Retrying comment after 10s...
[2026-07-04T12:00:21.375Z]   First comment added successfully
[2026-07-04T12:00:21.376Z]   Updating Notion page 38263851-9ab1-81b0-b657-ff6467491579...
[2026-07-04T12:00:21.689Z]   Notion updated: Status=POSTED, URL=https://www.linkedin.com/feed/update/urn:li:share:7479141987288240129/
[2026-07-04T12:00:21.689Z] 
═══════════════════════════════════════════════════════
[2026-07-04T12:00:21.689Z] SUMMARY: 1 published, 0 failed, 1 total
[2026-07-04T12:00:21.689Z] ═══════════════════════════════════════════════════════
