[2026-06-25T12:00:02.138Z] ═══════════════════════════════════════════════════════
[2026-06-25T12:00:02.157Z] LinkedIn Auto-Publisher — 2026-06-25
[2026-06-25T12:00:02.157Z] Mode: LIVE
[2026-06-25T12:00:02.157Z] ═══════════════════════════════════════════════════════
[2026-06-25T12:00:02.157Z] Querying Notion for scheduled posts...
[2026-06-25T12:00:03.361Z] Found 1 post(s) scheduled for today
[2026-06-25T12:00:03.365Z] 
─── Post 1/1: "Part 3: Getting Started with Maximo Predict" ───
[2026-06-25T12:00:03.365Z]   Platform: LinkedIn Personal
[2026-06-25T12:00:03.365Z]   Posted By: Surendra Katta
[2026-06-25T12:00:03.365Z]   Resolved Targets: personal
[2026-06-25T12:00:03.365Z]   Post Type: Text+Image
[2026-06-25T12:00:03.365Z]   Image: /root/themaximoguys-blog/SocialMedia/LinkedIn/Content/images/HMP/li-mas-predict-03.png
[2026-06-25T12:00:03.365Z]   Hashtags: #IBMMaximo #MaximoPredict #PredictiveMaintenance #MAS #ReliabilityEngineering #T...
[2026-06-25T12:00:03.365Z]   First Comment: yes
[2026-06-25T12:00:03.365Z]   Series: MAS Predict
[2026-06-25T12:00:03.366Z]   Publishing as personal (urn:li:person:hj5bWVNgmt)...
[2026-06-25T12:00:03.367Z]   Uploading image: /root/themaximoguys-blog/SocialMedia/LinkedIn/Content/images/HMP/li-mas-predict-03.png
[2026-06-25T12:00:04.393Z]   Image uploaded: urn:li:image:D4E10AQGDWOiK_kwXmg
[2026-06-25T12:00:04.395Z]   Creating post...
[2026-06-25T12:00:04.829Z]   Post published: urn:li:share:7475880492618256386
[2026-06-25T12:00:04.853Z]   URL: https://www.linkedin.com/feed/update/urn:li:share:7475880492618256386/
[2026-06-25T12:00:04.855Z]   Waiting 5s for post propagation...
[2026-06-25T12:00:09.862Z]   Adding first comment as personal...
[2026-06-25T12:00:10.069Z] Comment API failed: 404 {"message":"Unable to obtain activity for urn: 'urn:li:share:7475880492618256386'","status":404}
[2026-06-25T12:00:10.070Z]   Retrying comment after 10s...
[2026-06-25T12:00:20.681Z]   First comment added successfully
[2026-06-25T12:00:20.681Z]   Updating Notion page 38263851-9ab1-815d-ae53-d61b7e9d6097...
[2026-06-25T12:00:21.165Z]   Notion updated: Status=POSTED, URL=https://www.linkedin.com/feed/update/urn:li:share:7475880492618256386/
[2026-06-25T12:00:21.165Z] 
═══════════════════════════════════════════════════════
[2026-06-25T12:00:21.165Z] SUMMARY: 1 published, 0 failed, 1 total
[2026-06-25T12:00:21.165Z] ═══════════════════════════════════════════════════════
