[2026-06-03T12:00:02.277Z] ═══════════════════════════════════════════════════════
[2026-06-03T12:00:02.318Z] LinkedIn Auto-Publisher — 2026-06-03
[2026-06-03T12:00:02.318Z] Mode: LIVE
[2026-06-03T12:00:02.323Z] ═══════════════════════════════════════════════════════
[2026-06-03T12:00:02.323Z] Querying Notion for scheduled posts...
[2026-06-03T12:00:05.454Z] Found 1 post(s) scheduled for today
[2026-06-03T12:00:05.455Z] 
─── Post 1/1: "Part 2: Data Model and Health Scoring" ───
[2026-06-03T12:00:05.455Z]   Platform: LinkedIn Company
[2026-06-03T12:00:05.455Z]   Posted By: Company Page
[2026-06-03T12:00:05.455Z]   Resolved Targets: company
[2026-06-03T12:00:05.455Z]   Post Type: Text+Image
[2026-06-03T12:00:05.455Z]   Image: /root/themaximoguys-blog/posts/MAS-HEALTH/images/mas-health-02.png
[2026-06-03T12:00:05.455Z]   Hashtags: #IBMMaximo #MAS9 #AssetHealth #PredictiveMaintenance #AssetPerformance...
[2026-06-03T12:00:05.455Z]   First Comment: yes
[2026-06-03T12:00:05.455Z]   Series: MAS Features
[2026-06-03T12:00:05.455Z]   Publishing as company (urn:li:organization:111960338)...
[2026-06-03T12:00:05.455Z]   Uploading image: /root/themaximoguys-blog/posts/MAS-HEALTH/images/mas-health-02.png
[2026-06-03T12:00:05.742Z] ERROR: Failed to publish "Part 2: Data Model and Health Scoring" — Image init failed: 401 {"status":401,"serviceErrorCode":65602,"code":"EXPIRED_ACCESS_TOKEN","message":"The token used in the request has expired"}
[2026-06-03T12:00:05.742Z] 
═══════════════════════════════════════════════════════
[2026-06-03T12:00:05.742Z] SUMMARY: 0 published, 1 failed, 1 total
[2026-06-03T12:00:05.742Z] ═══════════════════════════════════════════════════════
