[2026-04-27T12:00:01.436Z] ═══════════════════════════════════════════════════════
[2026-04-27T12:00:01.443Z] LinkedIn Auto-Publisher — 2026-04-27
[2026-04-27T12:00:01.443Z] Mode: LIVE
[2026-04-27T12:00:01.443Z] ═══════════════════════════════════════════════════════
[2026-04-27T12:00:01.443Z] Querying Notion for scheduled posts...
[2026-04-27T12:00:02.083Z] Found 1 post(s) scheduled for today
[2026-04-27T12:00:02.083Z] 
─── Post 1/1: "Think MAS 11: Migration Case Study" ───
[2026-04-27T12:00:02.083Z]   Platform: Both
[2026-04-27T12:00:02.084Z]   Posted By: Surendra Katta
[2026-04-27T12:00:02.084Z]   Resolved Targets: personal
[2026-04-27T12:00:02.084Z]   Post Type: Text+Image
[2026-04-27T12:00:02.084Z]   Image: /root/themaximoguys-blog/SocialMedia/LinkedIn/Content/images/linkedin-infographic-think-mas-11.png
[2026-04-27T12:00:02.084Z]   Hashtags: #Maximo #MAS9 #AssetManagement #DigitalTransformation #MigrationLessons...
[2026-04-27T12:00:02.084Z]   First Comment: yes
[2026-04-27T12:00:02.084Z]   Series: Think MAS
[2026-04-27T12:00:02.084Z]   Publishing as personal (urn:li:person:hj5bWVNgmt)...
[2026-04-27T12:00:02.084Z]   Uploading image: /root/themaximoguys-blog/SocialMedia/LinkedIn/Content/images/linkedin-infographic-think-mas-11.png
[2026-04-27T12:00:03.112Z]   Image uploaded: urn:li:image:D4E10AQGxd5uWpxsu0w
[2026-04-27T12:00:03.112Z]   Creating post...
[2026-04-27T12:00:03.445Z]   Post published: urn:li:share:7454499602818387968
[2026-04-27T12:00:03.445Z]   URL: https://www.linkedin.com/feed/update/urn:li:share:7454499602818387968/
[2026-04-27T12:00:03.445Z]   Waiting 5s for post propagation...
[2026-04-27T12:00:08.450Z]   Adding first comment as personal...
[2026-04-27T12:00:08.669Z] Comment API failed: 404 {"message":"Unable to obtain activity for urn: 'urn:li:share:7454499602818387968'","status":404}
[2026-04-27T12:00:08.670Z]   Retrying comment after 10s...
[2026-04-27T12:00:19.001Z]   First comment added successfully
[2026-04-27T12:00:19.001Z]   Updating Notion page 33d63851-9ab1-81bf-86cc-d82b8764505c...
[2026-04-27T12:00:19.353Z]   Notion updated: Status=POSTED, URL=https://www.linkedin.com/feed/update/urn:li:share:7454499602818387968/
[2026-04-27T12:00:19.353Z] 
═══════════════════════════════════════════════════════
[2026-04-27T12:00:19.353Z] SUMMARY: 1 published, 0 failed, 1 total
[2026-04-27T12:00:19.354Z] ═══════════════════════════════════════════════════════
