[2026-04-01T20:53:43.408Z] ═══════════════════════════════════════════════════════
[2026-04-01T20:53:43.408Z] LinkedIn Auto-Publisher — 2026-04-01
[2026-04-01T20:53:43.408Z] Mode: DRY RUN
[2026-04-01T20:53:43.408Z] ═══════════════════════════════════════════════════════
[2026-04-01T20:53:43.408Z] Querying Notion for scheduled posts...
[2026-04-01T20:53:44.012Z] Found 3 post(s) scheduled for today
[2026-04-01T20:53:44.013Z] 
─── Post 1/3: "Carbon Design System UI" ───
[2026-04-01T20:53:44.013Z]   Platform: LinkedIn Company
[2026-04-01T20:53:44.013Z]   Posted By: Company Page
[2026-04-01T20:53:44.013Z]   Post Type: Text+Image
[2026-04-01T20:53:44.013Z]   Image: /root/themaximoguys-blog/posts/MAS-FEATURES/images/mas-features-carbon-design-ui.png
[2026-04-01T20:53:44.013Z]   Hashtags: #IBMMaximo #CarbonDesign #MAS9 #TheMaximoGuys #UX...
[2026-04-01T20:53:44.013Z]   First Comment: yes
[2026-04-01T20:53:44.013Z]   Series: MAS Features
[2026-04-01T20:53:44.013Z]   DRY RUN — Would publish as: company
[2026-04-01T20:53:44.013Z] 
─── Post 2/3: "Maximo Mobile" ───
[2026-04-01T20:53:44.013Z]   Platform: LinkedIn Company
[2026-04-01T20:53:44.013Z]   Posted By: Surendra Katta
[2026-04-01T20:53:44.013Z]   Post Type: Text+Image
[2026-04-01T20:53:44.013Z]   Image: /root/Downloads/linkedin-infographic-05-maximo-mobile.png
[2026-04-01T20:53:44.013Z]   Hashtags: #IBMMaximo #MobileMaintenance #EAM #TheMaximoGuys...
[2026-04-01T20:53:44.013Z]   First Comment: yes
[2026-04-01T20:53:44.013Z]   Series: MAS Features
[2026-04-01T20:53:44.013Z]   DRY RUN — Would publish as: company
[2026-04-01T20:53:44.013Z] 
─── Post 3/3: "Maximo API Collections" ───
[2026-04-01T20:53:44.013Z]   Platform: LinkedIn Company
[2026-04-01T20:53:44.013Z]   Posted By: Company Page
[2026-04-01T20:53:44.013Z]   Post Type: Text+Image
[2026-04-01T20:53:44.013Z]   Image: /root/Downloads/linkedin-infographic-tmg-maximo-api-collections.png
[2026-04-01T20:53:44.013Z]   Hashtags: #IBMMaximo #API #AssetManagement #TheMaximoGuys...
[2026-04-01T20:53:44.013Z]   First Comment: yes
[2026-04-01T20:53:44.013Z]   Series: TMG Tools
[2026-04-01T20:53:44.013Z]   DRY RUN — Would publish as: company
[2026-04-01T20:53:44.013Z] 
═══════════════════════════════════════════════════════
[2026-04-01T20:53:44.013Z] SUMMARY: 3 published, 0 failed, 3 total
[2026-04-01T20:53:44.013Z] ═══════════════════════════════════════════════════════
[2026-04-01T20:54:56.610Z] ═══════════════════════════════════════════════════════
[2026-04-01T20:54:56.610Z] LinkedIn Auto-Publisher — 2026-04-01
[2026-04-01T20:54:56.610Z] Mode: DRY RUN
[2026-04-01T20:54:56.610Z] ═══════════════════════════════════════════════════════
[2026-04-01T20:54:56.610Z] Querying Notion for scheduled posts...
[2026-04-01T20:54:56.964Z] Found 3 post(s) scheduled for today
[2026-04-01T20:54:56.964Z] 
─── Post 1/3: "Carbon Design System UI" ───
[2026-04-01T20:54:56.964Z]   Platform: LinkedIn Company
[2026-04-01T20:54:56.964Z]   Posted By: Company Page
[2026-04-01T20:54:56.964Z]   Post Type: Text+Image
[2026-04-01T20:54:56.964Z]   Image: /root/themaximoguys-blog/posts/MAS-FEATURES/images/mas-features-carbon-design-ui.png
[2026-04-01T20:54:56.964Z]   Hashtags: #IBMMaximo #CarbonDesign #MAS9 #TheMaximoGuys #UX...
[2026-04-01T20:54:56.964Z]   First Comment: yes
[2026-04-01T20:54:56.964Z]   Series: MAS Features
[2026-04-01T20:54:56.965Z]   DRY RUN — Would publish as: company
[2026-04-01T20:54:56.965Z] 
─── Post 2/3: "Maximo Mobile" ───
[2026-04-01T20:54:56.965Z]   Platform: LinkedIn Company
[2026-04-01T20:54:56.965Z]   Posted By: Surendra Katta
[2026-04-01T20:54:56.965Z]   Post Type: Text+Image
[2026-04-01T20:54:56.965Z]   Image: /root/Downloads/linkedin-infographic-05-maximo-mobile.png
[2026-04-01T20:54:56.965Z]   Hashtags: #IBMMaximo #MobileMaintenance #EAM #TheMaximoGuys...
[2026-04-01T20:54:56.965Z]   First Comment: yes
[2026-04-01T20:54:56.965Z]   Series: MAS Features
[2026-04-01T20:54:56.965Z]   DRY RUN — Would publish as: company
[2026-04-01T20:54:56.965Z] 
─── Post 3/3: "Maximo API Collections" ───
[2026-04-01T20:54:56.965Z]   Platform: LinkedIn Company
[2026-04-01T20:54:56.965Z]   Posted By: Company Page
[2026-04-01T20:54:56.965Z]   Post Type: Text+Image
[2026-04-01T20:54:56.965Z]   Image: /root/Downloads/linkedin-infographic-tmg-maximo-api-collections.png
[2026-04-01T20:54:56.965Z]   Hashtags: #IBMMaximo #API #AssetManagement #TheMaximoGuys...
[2026-04-01T20:54:56.965Z]   First Comment: yes
[2026-04-01T20:54:56.965Z]   Series: TMG Tools
[2026-04-01T20:54:56.965Z]   DRY RUN — Would publish as: company
[2026-04-01T20:54:56.965Z] 
═══════════════════════════════════════════════════════
[2026-04-01T20:54:56.965Z] SUMMARY: 3 published, 0 failed, 3 total
[2026-04-01T20:54:56.965Z] ═══════════════════════════════════════════════════════
[2026-04-01T20:55:49.409Z] ═══════════════════════════════════════════════════════
[2026-04-01T20:55:49.409Z] LinkedIn Auto-Publisher — 2026-04-01
[2026-04-01T20:55:49.409Z] Mode: LIVE
[2026-04-01T20:55:49.409Z] ═══════════════════════════════════════════════════════
[2026-04-01T20:55:49.409Z] Querying Notion for scheduled posts...
[2026-04-01T20:55:49.978Z] Found 3 post(s) scheduled for today
[2026-04-01T20:55:49.979Z] 
─── Post 1/3: "Carbon Design System UI" ───
[2026-04-01T20:55:49.979Z]   Platform: LinkedIn Company
[2026-04-01T20:55:49.979Z]   Posted By: Company Page
[2026-04-01T20:55:49.979Z]   Post Type: Text+Image
[2026-04-01T20:55:49.979Z]   Image: /root/themaximoguys-blog/posts/MAS-FEATURES/images/mas-features-carbon-design-ui.png
[2026-04-01T20:55:49.979Z]   Hashtags: #IBMMaximo #CarbonDesign #MAS9 #TheMaximoGuys #UX...
[2026-04-01T20:55:49.979Z]   First Comment: yes
[2026-04-01T20:55:49.979Z]   Series: MAS Features
[2026-04-01T20:55:49.979Z]   Publishing as company (urn:li:organization:111960338)...
[2026-04-01T20:55:49.980Z]   Uploading image: /root/themaximoguys-blog/posts/MAS-FEATURES/images/mas-features-carbon-design-ui.png
[2026-04-01T20:55:51.166Z]   Image uploaded: urn:li:image:D4E10AQERjKw2hjJLeg
[2026-04-01T20:55:51.166Z]   Creating post...
[2026-04-01T20:55:51.708Z]   Post published: urn:li:share:7445212357452062722
[2026-04-01T20:55:51.708Z]   URL: https://www.linkedin.com/feed/update/urn:li:share:7445212357452062722/
[2026-04-01T20:55:51.708Z]   Waiting 5s for post propagation...
[2026-04-01T20:55:56.709Z]   Adding first comment as company...
[2026-04-01T20:55:57.003Z]   First comment added successfully
[2026-04-01T20:55:57.003Z]   Updating Notion page 33363851-9ab1-81b7-8090-c4edbf2a4703...
[2026-04-01T20:55:57.532Z]   Notion updated: Status=POSTED, URL=https://www.linkedin.com/feed/update/urn:li:share:7445212357452062722/
[2026-04-01T20:55:57.533Z] 
Waiting 30s before next post...
[2026-04-01T20:56:27.532Z] 
─── Post 2/3: "Maximo Mobile" ───
[2026-04-01T20:56:27.533Z]   Platform: LinkedIn Company
[2026-04-01T20:56:27.533Z]   Posted By: Surendra Katta
[2026-04-01T20:56:27.533Z]   Post Type: Text+Image
[2026-04-01T20:56:27.533Z]   Image: /root/Downloads/linkedin-infographic-05-maximo-mobile.png
[2026-04-01T20:56:27.533Z]   Hashtags: #IBMMaximo #MobileMaintenance #EAM #TheMaximoGuys...
[2026-04-01T20:56:27.533Z]   First Comment: yes
[2026-04-01T20:56:27.533Z]   Series: MAS Features
[2026-04-01T20:56:27.533Z]   Publishing as company (urn:li:organization:111960338)...
[2026-04-01T20:56:27.535Z] ERROR: Failed to publish "Maximo Mobile" — Image not found: /root/Downloads/linkedin-infographic-05-maximo-mobile.png
[2026-04-01T20:56:27.535Z] 
Waiting 30s before next post...
[2026-04-01T20:56:57.536Z] 
─── Post 3/3: "Maximo API Collections" ───
[2026-04-01T20:56:57.537Z]   Platform: LinkedIn Company
[2026-04-01T20:56:57.537Z]   Posted By: Company Page
[2026-04-01T20:56:57.537Z]   Post Type: Text+Image
[2026-04-01T20:56:57.537Z]   Image: /root/Downloads/linkedin-infographic-tmg-maximo-api-collections.png
[2026-04-01T20:56:57.537Z]   Hashtags: #IBMMaximo #API #AssetManagement #TheMaximoGuys...
[2026-04-01T20:56:57.537Z]   First Comment: yes
[2026-04-01T20:56:57.537Z]   Series: TMG Tools
[2026-04-01T20:56:57.537Z]   Publishing as company (urn:li:organization:111960338)...
[2026-04-01T20:56:57.537Z] ERROR: Failed to publish "Maximo API Collections" — Image not found: /root/Downloads/linkedin-infographic-tmg-maximo-api-collections.png
[2026-04-01T20:56:57.537Z] 
═══════════════════════════════════════════════════════
[2026-04-01T20:56:57.537Z] SUMMARY: 1 published, 2 failed, 3 total
[2026-04-01T20:56:57.537Z] ═══════════════════════════════════════════════════════
[2026-04-01T20:59:19.240Z] ═══════════════════════════════════════════════════════
[2026-04-01T20:59:19.240Z] LinkedIn Auto-Publisher — 2026-04-01
[2026-04-01T20:59:19.240Z] Mode: DRY RUN
[2026-04-01T20:59:19.240Z] ═══════════════════════════════════════════════════════
[2026-04-01T20:59:19.240Z] Querying Notion for scheduled posts...
[2026-04-01T20:59:19.814Z] Found 2 post(s) scheduled for today
[2026-04-01T20:59:19.814Z] 
─── Post 1/2: "Maximo Mobile" ───
[2026-04-01T20:59:19.814Z]   Platform: LinkedIn Company
[2026-04-01T20:59:19.814Z]   Posted By: Surendra Katta
[2026-04-01T20:59:19.814Z]   Post Type: Text+Image
[2026-04-01T20:59:19.814Z]   Image: /root/themaximoguys-blog/SocialMedia/LinkedIn/Content/images/linkedin-infographic-05-maximo-mobile.png
[2026-04-01T20:59:19.814Z]   Hashtags: #IBMMaximo #MobileMaintenance #EAM #TheMaximoGuys...
[2026-04-01T20:59:19.814Z]   First Comment: yes
[2026-04-01T20:59:19.814Z]   Series: MAS Features
[2026-04-01T20:59:19.815Z]   DRY RUN — Would publish as: company
[2026-04-01T20:59:19.815Z] 
─── Post 2/2: "Maximo API Collections" ───
[2026-04-01T20:59:19.815Z]   Platform: LinkedIn Company
[2026-04-01T20:59:19.815Z]   Posted By: Company Page
[2026-04-01T20:59:19.815Z]   Post Type: Text+Image
[2026-04-01T20:59:19.815Z]   Image: /root/Downloads/linkedin-infographic-tmg-maximo-api-collections.png
[2026-04-01T20:59:19.815Z]   Hashtags: #IBMMaximo #API #AssetManagement #TheMaximoGuys...
[2026-04-01T20:59:19.815Z]   First Comment: yes
[2026-04-01T20:59:19.815Z]   Series: TMG Tools
[2026-04-01T20:59:19.815Z]   DRY RUN — Would publish as: company
[2026-04-01T20:59:19.815Z] 
═══════════════════════════════════════════════════════
[2026-04-01T20:59:19.815Z] SUMMARY: 2 published, 0 failed, 2 total
[2026-04-01T20:59:19.815Z] ═══════════════════════════════════════════════════════
[2026-04-01T20:59:41.269Z] ═══════════════════════════════════════════════════════
[2026-04-01T20:59:41.269Z] LinkedIn Auto-Publisher — 2026-04-01
[2026-04-01T20:59:41.269Z] Mode: LIVE
[2026-04-01T20:59:41.269Z] ═══════════════════════════════════════════════════════
[2026-04-01T20:59:41.269Z] Querying Notion for scheduled posts...
[2026-04-01T20:59:41.533Z] Found 2 post(s) scheduled for today
[2026-04-01T20:59:41.533Z] 
─── Post 1/2: "Maximo Mobile" ───
[2026-04-01T20:59:41.533Z]   Platform: LinkedIn Company
[2026-04-01T20:59:41.533Z]   Posted By: Surendra Katta
[2026-04-01T20:59:41.533Z]   Post Type: Text+Image
[2026-04-01T20:59:41.533Z]   Image: /root/themaximoguys-blog/SocialMedia/LinkedIn/Content/images/linkedin-infographic-05-maximo-mobile.png
[2026-04-01T20:59:41.533Z]   Hashtags: #IBMMaximo #MobileMaintenance #EAM #TheMaximoGuys...
[2026-04-01T20:59:41.533Z]   First Comment: yes
[2026-04-01T20:59:41.533Z]   Series: MAS Features
[2026-04-01T20:59:41.533Z]   Publishing as company (urn:li:organization:111960338)...
[2026-04-01T20:59:41.533Z]   Uploading image: /root/themaximoguys-blog/SocialMedia/LinkedIn/Content/images/linkedin-infographic-05-maximo-mobile.png
[2026-04-01T20:59:43.312Z]   Image uploaded: urn:li:image:D4E10AQGgTu5Xnhd3mQ
[2026-04-01T20:59:43.312Z]   Creating post...
[2026-04-01T20:59:43.643Z]   Post published: urn:li:share:7445213330757079040
[2026-04-01T20:59:43.643Z]   URL: https://www.linkedin.com/feed/update/urn:li:share:7445213330757079040/
[2026-04-01T20:59:43.643Z]   Waiting 5s for post propagation...
[2026-04-01T20:59:48.645Z]   Adding first comment as company...
[2026-04-01T20:59:48.809Z] Comment API failed: 404 {"message":"Unable to obtain activity for urn: 'urn:li:share:7445213330757079040'","status":404}
[2026-04-01T20:59:48.809Z]   Retrying comment after 10s...
[2026-04-01T20:59:59.130Z]   First comment added successfully
[2026-04-01T20:59:59.131Z]   Updating Notion page 33363851-9ab1-81f5-ac05-e9c6cf556bd7...
[2026-04-01T20:59:59.848Z]   Notion updated: Status=POSTED, URL=https://www.linkedin.com/feed/update/urn:li:share:7445213330757079040/
[2026-04-01T20:59:59.848Z] 
Waiting 30s before next post...
[2026-04-01T21:00:29.850Z] 
─── Post 2/2: "Maximo API Collections" ───
[2026-04-01T21:00:29.850Z]   Platform: LinkedIn Company
[2026-04-01T21:00:29.850Z]   Posted By: Company Page
[2026-04-01T21:00:29.850Z]   Post Type: Text+Image
[2026-04-01T21:00:29.850Z]   Image: /root/Downloads/linkedin-infographic-tmg-maximo-api-collections.png
[2026-04-01T21:00:29.850Z]   Hashtags: #IBMMaximo #API #AssetManagement #TheMaximoGuys...
[2026-04-01T21:00:29.850Z]   First Comment: yes
[2026-04-01T21:00:29.850Z]   Series: TMG Tools
[2026-04-01T21:00:29.850Z]   Publishing as company (urn:li:organization:111960338)...
[2026-04-01T21:00:29.851Z] ERROR: Failed to publish "Maximo API Collections" — Image not found: /root/Downloads/linkedin-infographic-tmg-maximo-api-collections.png
[2026-04-01T21:00:29.851Z] 
═══════════════════════════════════════════════════════
[2026-04-01T21:00:29.851Z] SUMMARY: 1 published, 1 failed, 2 total
[2026-04-01T21:00:29.851Z] ═══════════════════════════════════════════════════════
