[2026-04-22T12:00:02.553Z] ═══════════════════════════════════════════════════════
[2026-04-22T12:00:02.581Z] LinkedIn Auto-Publisher — 2026-04-22
[2026-04-22T12:00:02.581Z] Mode: LIVE
[2026-04-22T12:00:02.581Z] ═══════════════════════════════════════════════════════
[2026-04-22T12:00:02.581Z] Querying Notion for scheduled posts...
[2026-04-22T12:00:04.629Z] Found 2 post(s) scheduled for today
[2026-04-22T12:00:04.629Z] 
─── Post 1/2: "Think MAS 6: Data Migration" ───
[2026-04-22T12:00:04.630Z]   Platform: Both
[2026-04-22T12:00:04.630Z]   Posted By: Surendra Katta
[2026-04-22T12:00:04.630Z]   Resolved Targets: personal
[2026-04-22T12:00:04.630Z]   Post Type: Text+Image
[2026-04-22T12:00:04.630Z]   Image: /root/themaximoguys-blog/SocialMedia/LinkedIn/Content/images/linkedin-infographic-think-mas-06.png
[2026-04-22T12:00:04.630Z]   Hashtags: #Maximo #MAS9 #DataMigration #AssetManagement #DigitalTransformation...
[2026-04-22T12:00:04.630Z]   First Comment: yes
[2026-04-22T12:00:04.630Z]   Series: Think MAS
[2026-04-22T12:00:04.632Z]   Publishing as personal (urn:li:person:hj5bWVNgmt)...
[2026-04-22T12:00:04.632Z]   Uploading image: /root/themaximoguys-blog/SocialMedia/LinkedIn/Content/images/linkedin-infographic-think-mas-06.png
[2026-04-22T12:00:05.844Z]   Image uploaded: urn:li:image:D4E10AQETguGt2NZtrg
[2026-04-22T12:00:05.844Z]   Creating post...
[2026-04-22T12:00:06.136Z]   Post published: urn:li:share:7452687674836062209
[2026-04-22T12:00:06.136Z]   URL: https://www.linkedin.com/feed/update/urn:li:share:7452687674836062209/
[2026-04-22T12:00:06.137Z]   Waiting 5s for post propagation...
[2026-04-22T12:00:11.143Z]   Adding first comment as personal...
[2026-04-22T12:00:11.305Z] Comment API failed: 404 {"message":"Unable to obtain activity for urn: 'urn:li:share:7452687674836062209'","status":404}
[2026-04-22T12:00:11.305Z]   Retrying comment after 10s...
[2026-04-22T12:00:21.557Z]   First comment added successfully
[2026-04-22T12:00:21.558Z]   Updating Notion page 33d63851-9ab1-8122-a9ef-fd8ebfb495b7...
[2026-04-22T12:00:22.884Z]   Notion updated: Status=POSTED, URL=https://www.linkedin.com/feed/update/urn:li:share:7452687674836062209/
[2026-04-22T12:00:22.884Z] 
Waiting 30s before next post...
[2026-04-22T12:00:52.885Z] 
─── Post 2/2: "Part 23: Mobile Supply Chain Apps" ───
[2026-04-22T12:00:52.887Z]   Platform: LinkedIn Company
[2026-04-22T12:00:52.887Z]   Posted By: Company Page
[2026-04-22T12:00:52.887Z]   Resolved Targets: company
[2026-04-22T12:00:52.887Z]   Post Type: Text+Image
[2026-04-22T12:00:52.887Z]   Image: /root/themaximoguys-blog/posts/MAS-FEATURES/images/mas-features-mobile-supply-chain.png
[2026-04-22T12:00:52.887Z]   Hashtags: #IBMMaximo #MobileApps #SupplyChain #MAS9 #TheMaximoGuys...
[2026-04-22T12:00:52.887Z]   First Comment: yes
[2026-04-22T12:00:52.887Z]   Series: MAS Features
[2026-04-22T12:00:52.887Z]   Publishing as company (urn:li:organization:111960338)...
[2026-04-22T12:00:52.889Z]   Uploading image: /root/themaximoguys-blog/posts/MAS-FEATURES/images/mas-features-mobile-supply-chain.png
[2026-04-22T12:00:53.469Z]   Image uploaded: urn:li:image:D4E10AQE3w08bR0yOIA
[2026-04-22T12:00:53.472Z]   Creating post...
[2026-04-22T12:00:53.779Z]   Post published: urn:li:share:7452687874665410561
[2026-04-22T12:00:53.780Z]   URL: https://www.linkedin.com/feed/update/urn:li:share:7452687874665410561/
[2026-04-22T12:00:53.782Z]   Waiting 5s for post propagation...
[2026-04-22T12:00:58.784Z]   Adding first comment as company...
[2026-04-22T12:00:58.887Z] Comment API failed: 404 {"message":"Unable to obtain activity for urn: 'urn:li:share:7452687874665410561'","status":404}
[2026-04-22T12:00:58.894Z]   Retrying comment after 10s...
[2026-04-22T12:01:09.212Z]   First comment added successfully
[2026-04-22T12:01:09.212Z]   Updating Notion page 33363851-9ab1-8141-8e0c-d5ddbfadaf7c...
[2026-04-22T12:01:09.677Z]   Notion updated: Status=POSTED, URL=https://www.linkedin.com/feed/update/urn:li:share:7452687874665410561/
[2026-04-22T12:01:09.678Z] 
═══════════════════════════════════════════════════════
[2026-04-22T12:01:09.678Z] SUMMARY: 2 published, 0 failed, 2 total
[2026-04-22T12:01:09.678Z] ═══════════════════════════════════════════════════════
