[2026-05-25T12:00:02.395Z] ═══════════════════════════════════════════════════════
[2026-05-25T12:00:02.477Z] LinkedIn Auto-Publisher — 2026-05-25
[2026-05-25T12:00:02.478Z] Mode: LIVE
[2026-05-25T12:00:02.478Z] ═══════════════════════════════════════════════════════
[2026-05-25T12:00:02.478Z] Querying Notion for scheduled posts...
[2026-05-25T12:00:04.203Z] Found 1 post(s) scheduled for today
[2026-05-25T12:00:04.203Z] 
─── Post 1/1: "Part 1: Introduction to IBM Maximo Health" ───
[2026-05-25T12:00:04.203Z]   Platform: LinkedIn Company
[2026-05-25T12:00:04.203Z]   Posted By: Company Page
[2026-05-25T12:00:04.203Z]   Resolved Targets: company
[2026-05-25T12:00:04.203Z]   Post Type: Text+Image
[2026-05-25T12:00:04.203Z]   Image: /root/themaximoguys-blog/posts/MAS-HEALTH/images/mas-health-01.png
[2026-05-25T12:00:04.203Z]   Hashtags: #IBMMaximo #MAS9 #AssetHealth #Reliability #PredictiveMaintenance...
[2026-05-25T12:00:04.203Z]   First Comment: yes
[2026-05-25T12:00:04.203Z]   Series: MAS Features
[2026-05-25T12:00:04.209Z]   Publishing as company (urn:li:organization:111960338)...
[2026-05-25T12:00:04.210Z]   Uploading image: /root/themaximoguys-blog/posts/MAS-HEALTH/images/mas-health-01.png
[2026-05-25T12:00:05.665Z]   Image uploaded: urn:li:image:D4E10AQEHnvy1srvB-w
[2026-05-25T12:00:05.666Z]   Creating post...
[2026-05-25T12:00:06.051Z]   Post published: urn:li:share:7464646473838673920
[2026-05-25T12:00:06.051Z]   URL: https://www.linkedin.com/feed/update/urn:li:share:7464646473838673920/
[2026-05-25T12:00:06.051Z]   Waiting 5s for post propagation...
[2026-05-25T12:00:11.057Z]   Adding first comment as company...
[2026-05-25T12:00:11.325Z] Comment API failed: 404 {"message":"Unable to obtain activity for urn: 'urn:li:share:7464646473838673920'","status":404}
[2026-05-25T12:00:11.325Z]   Retrying comment after 10s...
[2026-05-25T12:00:21.676Z]   First comment added successfully
[2026-05-25T12:00:21.676Z]   Updating Notion page 36063851-9ab1-8168-a524-fcc9c7710d46...
[2026-05-25T12:00:22.120Z]   Notion updated: Status=POSTED, URL=https://www.linkedin.com/feed/update/urn:li:share:7464646473838673920/
[2026-05-25T12:00:22.120Z] 
═══════════════════════════════════════════════════════
[2026-05-25T12:00:22.120Z] SUMMARY: 1 published, 0 failed, 1 total
[2026-05-25T12:00:22.120Z] ═══════════════════════════════════════════════════════
