[2026-07-03T12:00:02.360Z] ═══════════════════════════════════════════════════════
[2026-07-03T12:00:02.369Z] LinkedIn Auto-Publisher — 2026-07-03
[2026-07-03T12:00:02.370Z] Mode: LIVE
[2026-07-03T12:00:02.370Z] ═══════════════════════════════════════════════════════
[2026-07-03T12:00:02.370Z] Querying Notion for scheduled posts...
[2026-07-03T12:00:04.385Z] Found 2 post(s) scheduled for today
[2026-07-03T12:00:04.388Z] 
─── Post 1/2: "Part 6: Alerts to Work Order in Seconds" ───
[2026-07-03T12:00:04.388Z]   Platform: LinkedIn Personal
[2026-07-03T12:00:04.388Z]   Posted By: Surendra Katta
[2026-07-03T12:00:04.388Z]   Resolved Targets: personal
[2026-07-03T12:00:04.388Z]   Post Type: Text+Image
[2026-07-03T12:00:04.388Z]   Image: /root/themaximoguys-blog/SocialMedia/LinkedIn/Content/images/HMP/li-mas-monitor-06.png
[2026-07-03T12:00:04.388Z]   Hashtags: #IBMMaximo #MaximoMonitor #IIoT #PredictiveMaintenance #Automation #TheMaximoGuy...
[2026-07-03T12:00:04.388Z]   First Comment: yes
[2026-07-03T12:00:04.388Z]   Series: MAS Monitor
[2026-07-03T12:00:04.389Z]   Publishing as personal (urn:li:person:hj5bWVNgmt)...
[2026-07-03T12:00:04.389Z]   Uploading image: /root/themaximoguys-blog/SocialMedia/LinkedIn/Content/images/HMP/li-mas-monitor-06.png
[2026-07-03T12:00:05.526Z]   Image uploaded: urn:li:image:D5610AQHG5qhHOXk4nA
[2026-07-03T12:00:05.526Z]   Creating post...
[2026-07-03T12:00:05.960Z]   Post published: urn:li:share:7478779600039235585
[2026-07-03T12:00:05.960Z]   URL: https://www.linkedin.com/feed/update/urn:li:share:7478779600039235585/
[2026-07-03T12:00:05.964Z]   Waiting 5s for post propagation...
[2026-07-03T12:00:10.973Z]   Adding first comment as personal...
[2026-07-03T12:00:11.216Z] Comment API failed: 404 {"message":"Unable to obtain activity for urn: 'urn:li:share:7478779600039235585'","status":404}
[2026-07-03T12:00:11.216Z]   Retrying comment after 10s...
[2026-07-03T12:00:21.562Z]   First comment added successfully
[2026-07-03T12:00:21.562Z]   Updating Notion page 38263851-9ab1-8170-ba85-ca9ce291f374...
[2026-07-03T12:00:23.032Z]   Notion updated: Status=POSTED, URL=https://www.linkedin.com/feed/update/urn:li:share:7478779600039235585/
[2026-07-03T12:00:23.032Z] 
Waiting 30s before next post...
[2026-07-03T12:00:53.033Z] 
─── Post 2/2: "Part 5: Analytics and AI in Maximo Monitor" ───
[2026-07-03T12:00:53.034Z]   Platform: LinkedIn Company
[2026-07-03T12:00:53.034Z]   Posted By: Company Page
[2026-07-03T12:00:53.034Z]   Resolved Targets: company
[2026-07-03T12:00:53.034Z]   Post Type: Text+Image
[2026-07-03T12:00:53.034Z]   Image: /root/themaximoguys-blog/posts/MAS-MONITOR/images/mas-monitor-05.png
[2026-07-03T12:00:53.034Z]   Hashtags: #IBMMaximo #MAS9 #AnomalyDetection #PredictiveMaintenance #MaximoMonitor...
[2026-07-03T12:00:53.035Z]   First Comment: yes
[2026-07-03T12:00:53.035Z]   Series: MAS Features
[2026-07-03T12:00:53.035Z]   Publishing as company (urn:li:organization:111960338)...
[2026-07-03T12:00:53.035Z]   Uploading image: /root/themaximoguys-blog/posts/MAS-MONITOR/images/mas-monitor-05.png
[2026-07-03T12:00:53.988Z]   Image uploaded: urn:li:image:D5610AQGV-KE1tNBDbg
[2026-07-03T12:00:53.988Z]   Creating post...
[2026-07-03T12:00:54.371Z]   Post published: urn:li:share:7478779803450404864
[2026-07-03T12:00:54.371Z]   URL: https://www.linkedin.com/feed/update/urn:li:share:7478779803450404864/
[2026-07-03T12:00:54.371Z]   Waiting 5s for post propagation...
[2026-07-03T12:00:59.375Z]   Adding first comment as company...
[2026-07-03T12:00:59.599Z] Comment API failed: 404 {"message":"Unable to obtain activity for urn: 'urn:li:share:7478779803450404864'","status":404}
[2026-07-03T12:00:59.599Z]   Retrying comment after 10s...
[2026-07-03T12:01:09.957Z]   First comment added successfully
[2026-07-03T12:01:09.957Z]   Updating Notion page 36063851-9ab1-8119-b528-c7fb2dc944bb...
[2026-07-03T12:01:10.416Z]   Notion updated: Status=POSTED, URL=https://www.linkedin.com/feed/update/urn:li:share:7478779803450404864/
[2026-07-03T12:01:10.416Z] 
═══════════════════════════════════════════════════════
[2026-07-03T12:01:10.416Z] SUMMARY: 2 published, 0 failed, 2 total
[2026-07-03T12:01:10.416Z] ═══════════════════════════════════════════════════════
