[2026-05-22T12:00:01.665Z] ═══════════════════════════════════════════════════════
[2026-05-22T12:00:01.670Z] LinkedIn Auto-Publisher — 2026-05-22
[2026-05-22T12:00:01.670Z] Mode: LIVE
[2026-05-22T12:00:01.671Z] ═══════════════════════════════════════════════════════
[2026-05-22T12:00:01.671Z] Querying Notion for scheduled posts...
[2026-05-22T12:00:04.138Z] Found 1 post(s) scheduled for today
[2026-05-22T12:00:04.138Z] 
─── Post 1/1: "Part 0: MVI Series Index" ───
[2026-05-22T12:00:04.139Z]   Platform: LinkedIn Company
[2026-05-22T12:00:04.139Z]   Posted By: Company Page
[2026-05-22T12:00:04.139Z]   Resolved Targets: company
[2026-05-22T12:00:04.139Z]   Post Type: Text+Image
[2026-05-22T12:00:04.139Z]   Image: /root/themaximoguys-blog/posts/MAS-VISUAL-INSPECTION/images/mas-visual-inspection-00.png
[2026-05-22T12:00:04.139Z]   Hashtags: #IBMMaximo #MVI #ComputerVision #VisualInspection #IndustrialAI...
[2026-05-22T12:00:04.139Z]   First Comment: yes
[2026-05-22T12:00:04.139Z]   Series: Visual Inspection
[2026-05-22T12:00:04.139Z]   Publishing as company (urn:li:organization:111960338)...
[2026-05-22T12:00:04.141Z]   Uploading image: /root/themaximoguys-blog/posts/MAS-VISUAL-INSPECTION/images/mas-visual-inspection-00.png
[2026-05-22T12:00:05.454Z]   Image uploaded: urn:li:image:D4E10AQFjzrwNlQLXmA
[2026-05-22T12:00:05.454Z]   Creating post...
[2026-05-22T12:00:05.800Z]   Post published: urn:li:share:7463559309407285248
[2026-05-22T12:00:05.800Z]   URL: https://www.linkedin.com/feed/update/urn:li:share:7463559309407285248/
[2026-05-22T12:00:05.800Z]   Waiting 5s for post propagation...
[2026-05-22T12:00:10.808Z]   Adding first comment as company...
[2026-05-22T12:00:11.018Z] Comment API failed: 404 {"message":"Unable to obtain activity for urn: 'urn:li:share:7463559309407285248'","status":404}
[2026-05-22T12:00:11.018Z]   Retrying comment after 10s...
[2026-05-22T12:00:21.398Z]   First comment added successfully
[2026-05-22T12:00:21.398Z]   Updating Notion page 36063851-9ab1-8195-82c5-fd206ed1f896...
[2026-05-22T12:00:22.171Z]   Notion updated: Status=POSTED, URL=https://www.linkedin.com/feed/update/urn:li:share:7463559309407285248/
[2026-05-22T12:00:22.171Z] 
═══════════════════════════════════════════════════════
[2026-05-22T12:00:22.171Z] SUMMARY: 1 published, 0 failed, 1 total
[2026-05-22T12:00:22.171Z] ═══════════════════════════════════════════════════════
