[2026-06-08T12:00:01.560Z] ═══════════════════════════════════════════════════════
[2026-06-08T12:00:01.568Z] LinkedIn Auto-Publisher — 2026-06-08
[2026-06-08T12:00:01.568Z] Mode: LIVE
[2026-06-08T12:00:01.569Z] ═══════════════════════════════════════════════════════
[2026-06-08T12:00:01.569Z] Querying Notion for scheduled posts...
[2026-06-08T12:00:04.322Z] Found 1 post(s) scheduled for today
[2026-06-08T12:00:04.323Z] 
─── Post 1/1: "Part 2: Data Foundations for Maximo Predict" ───
[2026-06-08T12:00:04.323Z]   Platform: LinkedIn Company
[2026-06-08T12:00:04.323Z]   Posted By: Company Page
[2026-06-08T12:00:04.323Z]   Resolved Targets: company
[2026-06-08T12:00:04.323Z]   Post Type: Text+Image
[2026-06-08T12:00:04.323Z]   Image: /root/themaximoguys-blog/posts/MAS-PREDICT/images/mas-predict-02.png
[2026-06-08T12:00:04.323Z]   Hashtags: #IBMMaximo #MAS9 #MaximoPredict #DataScience #FMEA...
[2026-06-08T12:00:04.323Z]   First Comment: yes
[2026-06-08T12:00:04.323Z]   Series: MAS Features
[2026-06-08T12:00:04.325Z]   Publishing as company (urn:li:organization:111960338)...
[2026-06-08T12:00:04.325Z]   Uploading image: /root/themaximoguys-blog/posts/MAS-PREDICT/images/mas-predict-02.png
[2026-06-08T12:00:04.926Z] ERROR: Failed to publish "Part 2: Data Foundations for Maximo Predict" — Image init failed: 401 {"status":401,"serviceErrorCode":65602,"code":"EXPIRED_ACCESS_TOKEN","message":"The token used in the request has expired"}
[2026-06-08T12:00:04.926Z] 
═══════════════════════════════════════════════════════
[2026-06-08T12:00:04.926Z] SUMMARY: 0 published, 1 failed, 1 total
[2026-06-08T12:00:04.926Z] ═══════════════════════════════════════════════════════
