[2026-06-30T12:00:02.361Z] ═══════════════════════════════════════════════════════
[2026-06-30T12:00:02.387Z] LinkedIn Auto-Publisher — 2026-06-30
[2026-06-30T12:00:02.387Z] Mode: LIVE
[2026-06-30T12:00:02.387Z] ═══════════════════════════════════════════════════════
[2026-06-30T12:00:02.387Z] Querying Notion for scheduled posts...
[2026-06-30T12:00:04.384Z] Found 1 post(s) scheduled for today
[2026-06-30T12:00:04.384Z] 
─── Post 1/1: "Part 5: Analytics & AI in Maximo Monitor" ───
[2026-06-30T12:00:04.384Z]   Platform: LinkedIn Personal
[2026-06-30T12:00:04.384Z]   Posted By: Surendra Katta
[2026-06-30T12:00:04.384Z]   Resolved Targets: personal
[2026-06-30T12:00:04.384Z]   Post Type: Text+Image
[2026-06-30T12:00:04.384Z]   Image: /root/themaximoguys-blog/SocialMedia/LinkedIn/Content/images/HMP/li-mas-monitor-05.png
[2026-06-30T12:00:04.384Z]   Hashtags: #IBMMaximo #MaximoMonitor #PredictiveMaintenance #IoT #AnomalyDetection #TheMaxi...
[2026-06-30T12:00:04.384Z]   First Comment: yes
[2026-06-30T12:00:04.384Z]   Series: MAS Monitor
[2026-06-30T12:00:04.386Z]   Publishing as personal (urn:li:person:hj5bWVNgmt)...
[2026-06-30T12:00:04.391Z]   Uploading image: /root/themaximoguys-blog/SocialMedia/LinkedIn/Content/images/HMP/li-mas-monitor-05.png
[2026-06-30T12:00:05.505Z]   Image uploaded: urn:li:image:D4D10AQGJhD70n30Khw
[2026-06-30T12:00:05.505Z]   Creating post...
[2026-06-30T12:00:05.942Z]   Post published: urn:li:share:7477692436467834881
[2026-06-30T12:00:05.942Z]   URL: https://www.linkedin.com/feed/update/urn:li:share:7477692436467834881/
[2026-06-30T12:00:05.943Z]   Waiting 5s for post propagation...
[2026-06-30T12:00:10.946Z]   Adding first comment as personal...
[2026-06-30T12:00:11.338Z]   First comment added successfully
[2026-06-30T12:00:11.338Z]   Updating Notion page 38263851-9ab1-8112-8708-fa83c7972fcb...
[2026-06-30T12:00:12.073Z]   Notion updated: Status=POSTED, URL=https://www.linkedin.com/feed/update/urn:li:share:7477692436467834881/
[2026-06-30T12:00:12.073Z] 
═══════════════════════════════════════════════════════
[2026-06-30T12:00:12.073Z] SUMMARY: 1 published, 0 failed, 1 total
[2026-06-30T12:00:12.073Z] ═══════════════════════════════════════════════════════
