[2026-06-19T12:00:02.512Z] ═══════════════════════════════════════════════════════
[2026-06-19T12:00:02.520Z] LinkedIn Auto-Publisher — 2026-06-19
[2026-06-19T12:00:02.520Z] Mode: LIVE
[2026-06-19T12:00:02.521Z] ═══════════════════════════════════════════════════════
[2026-06-19T12:00:02.521Z] Querying Notion for scheduled posts...
[2026-06-19T12:00:03.766Z] Found 2 post(s) scheduled for today
[2026-06-19T12:00:03.766Z] 
─── Post 1/2: "Part 1: Introduction to Maximo Predict" ───
[2026-06-19T12:00:03.766Z]   Platform: LinkedIn Personal
[2026-06-19T12:00:03.766Z]   Posted By: Surendra Katta
[2026-06-19T12:00:03.766Z]   Resolved Targets: personal
[2026-06-19T12:00:03.766Z]   Post Type: Text+Image
[2026-06-19T12:00:03.766Z]   Image: /root/themaximoguys-blog/SocialMedia/LinkedIn/Content/images/HMP/li-mas-predict-01.png
[2026-06-19T12:00:03.766Z]   Hashtags: #IBMMaximo #PredictiveMaintenance #MaximoPredict #ReliabilityEngineering #AssetM...
[2026-06-19T12:00:03.766Z]   First Comment: yes
[2026-06-19T12:00:03.766Z]   Series: MAS Predict
[2026-06-19T12:00:03.767Z]   Publishing as personal (urn:li:person:hj5bWVNgmt)...
[2026-06-19T12:00:03.767Z]   Uploading image: /root/themaximoguys-blog/SocialMedia/LinkedIn/Content/images/HMP/li-mas-predict-01.png
[2026-06-19T12:00:04.836Z]   Image uploaded: urn:li:image:D5610AQHrpyueM4y8ww
[2026-06-19T12:00:04.836Z]   Creating post...
[2026-06-19T12:00:05.246Z]   Post published: urn:li:share:7473706167207190528
[2026-06-19T12:00:05.247Z]   URL: https://www.linkedin.com/feed/update/urn:li:share:7473706167207190528/
[2026-06-19T12:00:05.247Z]   Waiting 5s for post propagation...
[2026-06-19T12:00:10.266Z]   Adding first comment as personal...
[2026-06-19T12:00:10.495Z] Comment API failed: 404 {"message":"Unable to obtain activity for urn: 'urn:li:share:7473706167207190528'","status":404}
[2026-06-19T12:00:10.495Z]   Retrying comment after 10s...
[2026-06-19T12:00:20.959Z]   First comment added successfully
[2026-06-19T12:00:20.959Z]   Updating Notion page 38263851-9ab1-812e-86ba-df9f03d34004...
[2026-06-19T12:00:21.461Z]   Notion updated: Status=POSTED, URL=https://www.linkedin.com/feed/update/urn:li:share:7473706167207190528/
[2026-06-19T12:00:21.461Z] 
Waiting 30s before next post...
[2026-06-19T12:00:51.462Z] 
─── Post 2/2: "Part 3: MVI Deployment and Infrastructure" ───
[2026-06-19T12:00:51.462Z]   Platform: LinkedIn Company
[2026-06-19T12:00:51.462Z]   Posted By: Company Page
[2026-06-19T12:00:51.462Z]   Resolved Targets: company
[2026-06-19T12:00:51.464Z]   Post Type: Text+Image
[2026-06-19T12:00:51.464Z]   Image: /root/themaximoguys-blog/posts/MAS-VISUAL-INSPECTION/images/mas-visual-inspection-03.png
[2026-06-19T12:00:51.464Z]   Hashtags: #IBMMaximo #MVI #NVIDIA #IndustrialAI #ComputerVision...
[2026-06-19T12:00:51.464Z]   First Comment: yes
[2026-06-19T12:00:51.464Z]   Series: Visual Inspection
[2026-06-19T12:00:51.464Z]   Publishing as company (urn:li:organization:111960338)...
[2026-06-19T12:00:51.464Z]   Uploading image: /root/themaximoguys-blog/posts/MAS-VISUAL-INSPECTION/images/mas-visual-inspection-03.png
[2026-06-19T12:00:52.561Z]   Image uploaded: urn:li:image:D5610AQFvmXNLU2deJw
[2026-06-19T12:00:52.562Z]   Creating post...
[2026-06-19T12:00:53.032Z]   Post published: urn:li:share:7473706367602802689
[2026-06-19T12:00:53.032Z]   URL: https://www.linkedin.com/feed/update/urn:li:share:7473706367602802689/
[2026-06-19T12:00:53.032Z]   Waiting 5s for post propagation...
[2026-06-19T12:00:58.035Z]   Adding first comment as company...
[2026-06-19T12:00:58.352Z] Comment API failed: 404 {"message":"Unable to obtain activity for urn: 'urn:li:share:7473706367602802689'","status":404}
[2026-06-19T12:00:58.352Z]   Retrying comment after 10s...
[2026-06-19T12:01:08.770Z]   First comment added successfully
[2026-06-19T12:01:08.770Z]   Updating Notion page 36063851-9ab1-81bf-9f93-e0ced5fb8a21...
[2026-06-19T12:01:09.116Z]   Notion updated: Status=POSTED, URL=https://www.linkedin.com/feed/update/urn:li:share:7473706367602802689/
[2026-06-19T12:01:09.116Z] 
═══════════════════════════════════════════════════════
[2026-06-19T12:01:09.116Z] SUMMARY: 2 published, 0 failed, 2 total
[2026-06-19T12:01:09.116Z] ═══════════════════════════════════════════════════════
