[2026-04-19T12:00:01.269Z] ═══════════════════════════════════════════════════════
[2026-04-19T12:00:01.274Z] LinkedIn Auto-Publisher — 2026-04-19
[2026-04-19T12:00:01.274Z] Mode: LIVE
[2026-04-19T12:00:01.274Z] ═══════════════════════════════════════════════════════
[2026-04-19T12:00:01.274Z] Querying Notion for scheduled posts...
[2026-04-19T12:00:07.578Z] Found 2 post(s) scheduled for today
[2026-04-19T12:00:07.579Z] 
─── Post 1/2: "Think MAS 3: Migration Playbook" ───
[2026-04-19T12:00:07.579Z]   Platform: Both
[2026-04-19T12:00:07.579Z]   Posted By: Surendra Katta
[2026-04-19T12:00:07.580Z]   Resolved Targets: personal
[2026-04-19T12:00:07.580Z]   Post Type: Text+Image
[2026-04-19T12:00:07.580Z]   Image: /root/themaximoguys-blog/SocialMedia/LinkedIn/Content/images/linkedin-infographic-think-mas-03.png
[2026-04-19T12:00:07.580Z]   Hashtags: #Maximo #MAS9 #AssetManagement #DigitalTransformation #MaximoMigration...
[2026-04-19T12:00:07.580Z]   First Comment: yes
[2026-04-19T12:00:07.580Z]   Series: Think MAS
[2026-04-19T12:00:07.580Z]   Publishing as personal (urn:li:person:hj5bWVNgmt)...
[2026-04-19T12:00:07.582Z]   Uploading image: /root/themaximoguys-blog/SocialMedia/LinkedIn/Content/images/linkedin-infographic-think-mas-03.png
[2026-04-19T12:00:10.638Z]   Image uploaded: urn:li:image:D4E10AQGrzGUZCMtBTQ
[2026-04-19T12:00:10.640Z]   Creating post...
[2026-04-19T12:00:11.005Z]   Post published: urn:li:share:7451600531564843008
[2026-04-19T12:00:11.007Z]   URL: https://www.linkedin.com/feed/update/urn:li:share:7451600531564843008/
[2026-04-19T12:00:11.007Z]   Waiting 5s for post propagation...
[2026-04-19T12:00:16.017Z]   Adding first comment as personal...
[2026-04-19T12:00:16.331Z] Comment API failed: 404 {"message":"Unable to obtain activity for urn: 'urn:li:share:7451600531564843008'","status":404}
[2026-04-19T12:00:16.331Z]   Retrying comment after 10s...
[2026-04-19T12:00:26.687Z]   First comment added successfully
[2026-04-19T12:00:26.688Z]   Updating Notion page 33d63851-9ab1-8115-a931-f283d340bb4a...
[2026-04-19T12:00:27.967Z]   Notion updated: Status=POSTED, URL=https://www.linkedin.com/feed/update/urn:li:share:7451600531564843008/
[2026-04-19T12:00:27.968Z] 
Waiting 30s before next post...
[2026-04-19T12:00:57.971Z] 
─── Post 2/2: "Part 20: Industry Solutions" ───
[2026-04-19T12:00:57.971Z]   Platform: LinkedIn Company
[2026-04-19T12:00:57.971Z]   Posted By: Company Page
[2026-04-19T12:00:57.971Z]   Resolved Targets: company
[2026-04-19T12:00:57.971Z]   Post Type: Text+Image
[2026-04-19T12:00:57.971Z]   Image: /root/themaximoguys-blog/posts/MAS-FEATURES/images/mas-features-industry-solutions.png
[2026-04-19T12:00:57.971Z]   Hashtags: #IBMMaximo #IndustrySolutions #Compliance #MAS9 #TheMaximoGuys...
[2026-04-19T12:00:57.972Z]   First Comment: yes
[2026-04-19T12:00:57.972Z]   Series: MAS Features
[2026-04-19T12:00:57.972Z]   Publishing as company (urn:li:organization:111960338)...
[2026-04-19T12:00:57.973Z]   Uploading image: /root/themaximoguys-blog/posts/MAS-FEATURES/images/mas-features-industry-solutions.png
[2026-04-19T12:00:59.448Z]   Image uploaded: urn:li:image:D4E10AQE4S99htz6uxA
[2026-04-19T12:00:59.450Z]   Creating post...
[2026-04-19T12:00:59.825Z]   Post published: urn:li:share:7451600736251179009
[2026-04-19T12:00:59.825Z]   URL: https://www.linkedin.com/feed/update/urn:li:share:7451600736251179009/
[2026-04-19T12:00:59.825Z]   Waiting 5s for post propagation...
[2026-04-19T12:01:04.833Z]   Adding first comment as company...
[2026-04-19T12:01:04.996Z] Comment API failed: 404 {"message":"Unable to obtain activity for urn: 'urn:li:share:7451600736251179009'","status":404}
[2026-04-19T12:01:04.997Z]   Retrying comment after 10s...
[2026-04-19T12:01:15.361Z]   First comment added successfully
[2026-04-19T12:01:15.361Z]   Updating Notion page 33363851-9ab1-8175-902f-f56913b9b847...
[2026-04-19T12:01:16.405Z]   Notion updated: Status=POSTED, URL=https://www.linkedin.com/feed/update/urn:li:share:7451600736251179009/
[2026-04-19T12:01:16.407Z] 
═══════════════════════════════════════════════════════
[2026-04-19T12:01:16.407Z] SUMMARY: 2 published, 0 failed, 2 total
[2026-04-19T12:01:16.407Z] ═══════════════════════════════════════════════════════
