[2026-06-28T12:00:01.399Z] ═══════════════════════════════════════════════════════
[2026-06-28T12:00:01.408Z] LinkedIn Auto-Publisher — 2026-06-28
[2026-06-28T12:00:01.409Z] Mode: LIVE
[2026-06-28T12:00:01.409Z] ═══════════════════════════════════════════════════════
[2026-06-28T12:00:01.409Z] Querying Notion for scheduled posts...
[2026-06-28T12:00:03.461Z] Found 1 post(s) scheduled for today
[2026-06-28T12:00:03.461Z] 
─── Post 1/1: "Part 4: Building Predictive Models in Maximo Predict" ───
[2026-06-28T12:00:03.461Z]   Platform: LinkedIn Personal
[2026-06-28T12:00:03.461Z]   Posted By: Surendra Katta
[2026-06-28T12:00:03.461Z]   Resolved Targets: personal
[2026-06-28T12:00:03.461Z]   Post Type: Text+Image
[2026-06-28T12:00:03.461Z]   Image: /root/themaximoguys-blog/SocialMedia/LinkedIn/Content/images/HMP/li-mas-predict-04.png
[2026-06-28T12:00:03.461Z]   Hashtags: #IBMMaximo #MaximoPredict #PredictiveMaintenance #MachineLearning #ReliabilityEn...
[2026-06-28T12:00:03.461Z]   First Comment: yes
[2026-06-28T12:00:03.461Z]   Series: MAS Predict
[2026-06-28T12:00:03.462Z]   Publishing as personal (urn:li:person:hj5bWVNgmt)...
[2026-06-28T12:00:03.462Z]   Uploading image: /root/themaximoguys-blog/SocialMedia/LinkedIn/Content/images/HMP/li-mas-predict-04.png
[2026-06-28T12:00:04.389Z]   Image uploaded: urn:li:image:D5610AQGKXf2xZp2NnA
[2026-06-28T12:00:04.393Z]   Creating post...
[2026-06-28T12:00:04.939Z]   Post published: urn:li:share:7476967656282071040
[2026-06-28T12:00:04.939Z]   URL: https://www.linkedin.com/feed/update/urn:li:share:7476967656282071040/
[2026-06-28T12:00:04.940Z]   Waiting 5s for post propagation...
[2026-06-28T12:00:09.959Z]   Adding first comment as personal...
[2026-06-28T12:00:10.079Z] Comment API failed: 404 {"message":"Unable to obtain activity for urn: 'urn:li:share:7476967656282071040'","status":404}
[2026-06-28T12:00:10.079Z]   Retrying comment after 10s...
[2026-06-28T12:00:20.493Z]   First comment added successfully
[2026-06-28T12:00:20.494Z]   Updating Notion page 38263851-9ab1-8135-9a44-f06334a6e178...
[2026-06-28T12:00:22.344Z]   Notion updated: Status=POSTED, URL=https://www.linkedin.com/feed/update/urn:li:share:7476967656282071040/
[2026-06-28T12:00:22.344Z] 
═══════════════════════════════════════════════════════
[2026-06-28T12:00:22.344Z] SUMMARY: 1 published, 0 failed, 1 total
[2026-06-28T12:00:22.344Z] ═══════════════════════════════════════════════════════
