[2026-04-20T12:00:01.743Z] ═══════════════════════════════════════════════════════
[2026-04-20T12:00:01.747Z] LinkedIn Auto-Publisher — 2026-04-20
[2026-04-20T12:00:01.747Z] Mode: LIVE
[2026-04-20T12:00:01.747Z] ═══════════════════════════════════════════════════════
[2026-04-20T12:00:01.747Z] Querying Notion for scheduled posts...
[2026-04-20T12:00:05.283Z] Found 2 post(s) scheduled for today
[2026-04-20T12:00:05.283Z] 
─── Post 1/2: "Think MAS 4: Stop Customizing Old Way" ───
[2026-04-20T12:00:05.283Z]   Platform: Both
[2026-04-20T12:00:05.283Z]   Posted By: Surendra Katta
[2026-04-20T12:00:05.284Z]   Resolved Targets: personal
[2026-04-20T12:00:05.284Z]   Post Type: Text+Image
[2026-04-20T12:00:05.284Z]   Image: /root/themaximoguys-blog/SocialMedia/LinkedIn/Content/images/linkedin-infographic-think-mas-04.png
[2026-04-20T12:00:05.284Z]   Hashtags: #Maximo #MAS9 #AssetManagement #DigitalTransformation #MaximoMigration...
[2026-04-20T12:00:05.284Z]   First Comment: yes
[2026-04-20T12:00:05.284Z]   Series: Think MAS
[2026-04-20T12:00:05.285Z]   Publishing as personal (urn:li:person:hj5bWVNgmt)...
[2026-04-20T12:00:05.285Z]   Uploading image: /root/themaximoguys-blog/SocialMedia/LinkedIn/Content/images/linkedin-infographic-think-mas-04.png
[2026-04-20T12:00:06.801Z]   Image uploaded: urn:li:image:D4E10AQEWka-U4UAPwA
[2026-04-20T12:00:06.803Z]   Creating post...
[2026-04-20T12:00:07.166Z]   Post published: urn:li:share:7451962903311839232
[2026-04-20T12:00:07.168Z]   URL: https://www.linkedin.com/feed/update/urn:li:share:7451962903311839232/
[2026-04-20T12:00:07.168Z]   Waiting 5s for post propagation...
[2026-04-20T12:00:12.189Z]   Adding first comment as personal...
[2026-04-20T12:00:12.487Z] Comment API failed: 404 {"message":"Unable to obtain activity for urn: 'urn:li:share:7451962903311839232'","status":404}
[2026-04-20T12:00:12.489Z]   Retrying comment after 10s...
[2026-04-20T12:00:22.797Z]   First comment added successfully
[2026-04-20T12:00:22.797Z]   Updating Notion page 33d63851-9ab1-8177-b5c8-f96a87d89d5a...
[2026-04-20T12:00:23.252Z]   Notion updated: Status=POSTED, URL=https://www.linkedin.com/feed/update/urn:li:share:7451962903311839232/
[2026-04-20T12:00:23.253Z] 
Waiting 30s before next post...
[2026-04-20T12:00:53.255Z] 
─── Post 2/2: "Part 21: Supply Chain & Core Inventory" ───
[2026-04-20T12:00:53.255Z]   Platform: LinkedIn Company
[2026-04-20T12:00:53.256Z]   Posted By: Company Page
[2026-04-20T12:00:53.256Z]   Resolved Targets: company
[2026-04-20T12:00:53.258Z]   Post Type: Text+Image
[2026-04-20T12:00:53.259Z]   Image: /root/themaximoguys-blog/posts/MAS-FEATURES/images/mas-features-supply-chain-core-inventory.png
[2026-04-20T12:00:53.259Z]   Hashtags: #IBMMaximo #SupplyChain #InventoryManagement #MAS9 #TheMaximoGuys...
[2026-04-20T12:00:53.259Z]   First Comment: yes
[2026-04-20T12:00:53.259Z]   Series: MAS Features
[2026-04-20T12:00:53.259Z]   Publishing as company (urn:li:organization:111960338)...
[2026-04-20T12:00:53.259Z]   Uploading image: /root/themaximoguys-blog/posts/MAS-FEATURES/images/mas-features-supply-chain-core-inventory.png
[2026-04-20T12:00:53.986Z]   Image uploaded: urn:li:image:D4E10AQHywBM54faYVA
[2026-04-20T12:00:53.987Z]   Creating post...
[2026-04-20T12:00:54.334Z]   Post published: urn:li:share:7451963101169737730
[2026-04-20T12:00:54.335Z]   URL: https://www.linkedin.com/feed/update/urn:li:share:7451963101169737730/
[2026-04-20T12:00:54.335Z]   Waiting 5s for post propagation...
[2026-04-20T12:00:59.339Z]   Adding first comment as company...
[2026-04-20T12:00:59.507Z] Comment API failed: 404 {"message":"Unable to obtain activity for urn: 'urn:li:share:7451963101169737730'","status":404}
[2026-04-20T12:00:59.507Z]   Retrying comment after 10s...
[2026-04-20T12:01:09.924Z]   First comment added successfully
[2026-04-20T12:01:09.924Z]   Updating Notion page 33363851-9ab1-81f4-8095-c5cf0debd5b9...
[2026-04-20T12:01:10.373Z]   Notion updated: Status=POSTED, URL=https://www.linkedin.com/feed/update/urn:li:share:7451963101169737730/
[2026-04-20T12:01:10.374Z] 
═══════════════════════════════════════════════════════
[2026-04-20T12:01:10.375Z] SUMMARY: 2 published, 0 failed, 2 total
[2026-04-20T12:01:10.376Z] ═══════════════════════════════════════════════════════
