[2026-07-09T12:00:02.169Z] ═══════════════════════════════════════════════════════
[2026-07-09T12:00:02.187Z] LinkedIn Auto-Publisher — 2026-07-09
[2026-07-09T12:00:02.188Z] Mode: LIVE
[2026-07-09T12:00:02.190Z] ═══════════════════════════════════════════════════════
[2026-07-09T12:00:02.190Z] Querying Notion for scheduled posts...
[2026-07-09T12:00:03.347Z] Found 1 post(s) scheduled for today
[2026-07-09T12:00:03.347Z] 
─── Post 1/1: "Part 8: Maximo Monitor Best Practices & Real ROI" ───
[2026-07-09T12:00:03.347Z]   Platform: LinkedIn Personal
[2026-07-09T12:00:03.347Z]   Posted By: Surendra Katta
[2026-07-09T12:00:03.347Z]   Resolved Targets: personal
[2026-07-09T12:00:03.347Z]   Post Type: Text+Image
[2026-07-09T12:00:03.347Z]   Image: /root/themaximoguys-blog/SocialMedia/LinkedIn/Content/images/HMP/li-mas-monitor-08.png
[2026-07-09T12:00:03.348Z]   Hashtags: #IBMMaximo #MaximoMonitor #IIoT #PredictiveMaintenance #AssetManagement #TheMaxi...
[2026-07-09T12:00:03.348Z]   First Comment: yes
[2026-07-09T12:00:03.348Z]   Series: MAS Monitor
[2026-07-09T12:00:03.348Z]   Publishing as personal (urn:li:person:hj5bWVNgmt)...
[2026-07-09T12:00:03.348Z]   Uploading image: /root/themaximoguys-blog/SocialMedia/LinkedIn/Content/images/HMP/li-mas-monitor-08.png
[2026-07-09T12:00:04.250Z]   Image uploaded: urn:li:image:D5610AQGVwvUeK06cOg
[2026-07-09T12:00:04.250Z]   Creating post...
[2026-07-09T12:00:04.722Z]   Post published: urn:li:share:7480953921910353921
[2026-07-09T12:00:04.722Z]   URL: https://www.linkedin.com/feed/update/urn:li:share:7480953921910353921/
[2026-07-09T12:00:04.725Z]   Waiting 5s for post propagation...
[2026-07-09T12:00:09.736Z]   Adding first comment as personal...
[2026-07-09T12:00:10.052Z]   First comment added successfully
[2026-07-09T12:00:10.052Z]   Updating Notion page 38263851-9ab1-813f-9bb2-ddea0677fa76...
[2026-07-09T12:00:10.457Z]   Notion updated: Status=POSTED, URL=https://www.linkedin.com/feed/update/urn:li:share:7480953921910353921/
[2026-07-09T12:00:10.457Z] 
═══════════════════════════════════════════════════════
[2026-07-09T12:00:10.457Z] SUMMARY: 1 published, 0 failed, 1 total
[2026-07-09T12:00:10.457Z] ═══════════════════════════════════════════════════════
