[2026-06-21T12:00:02.735Z] ═══════════════════════════════════════════════════════
[2026-06-21T12:00:02.750Z] LinkedIn Auto-Publisher — 2026-06-21
[2026-06-21T12:00:02.750Z] Mode: LIVE
[2026-06-21T12:00:02.751Z] ═══════════════════════════════════════════════════════
[2026-06-21T12:00:02.751Z] Querying Notion for scheduled posts...
[2026-06-21T12:00:04.293Z] Found 1 post(s) scheduled for today
[2026-06-21T12:00:04.294Z] 
─── Post 1/1: "Part 2: Maximo Monitor From Zero to First Dashboard" ───
[2026-06-21T12:00:04.294Z]   Platform: LinkedIn Personal
[2026-06-21T12:00:04.294Z]   Posted By: Surendra Katta
[2026-06-21T12:00:04.294Z]   Resolved Targets: personal
[2026-06-21T12:00:04.294Z]   Post Type: Text+Image
[2026-06-21T12:00:04.294Z]   Image: /root/themaximoguys-blog/SocialMedia/LinkedIn/Content/images/HMP/li-mas-monitor-02.png
[2026-06-21T12:00:04.294Z]   Hashtags: #IBMMaximo #MaximoMonitor #IoT #MQTT #AssetManagement #TheMaximoGuys...
[2026-06-21T12:00:04.294Z]   First Comment: yes
[2026-06-21T12:00:04.294Z]   Series: MAS Monitor
[2026-06-21T12:00:04.295Z]   Publishing as personal (urn:li:person:hj5bWVNgmt)...
[2026-06-21T12:00:04.295Z]   Uploading image: /root/themaximoguys-blog/SocialMedia/LinkedIn/Content/images/HMP/li-mas-monitor-02.png
[2026-06-21T12:00:06.366Z]   Image uploaded: urn:li:image:D4E10AQG0qbb3QGWy0Q
[2026-06-21T12:00:06.366Z]   Creating post...
[2026-06-21T12:00:06.808Z]   Post published: urn:li:share:7474430949469040641
[2026-06-21T12:00:06.808Z]   URL: https://www.linkedin.com/feed/update/urn:li:share:7474430949469040641/
[2026-06-21T12:00:06.809Z]   Waiting 5s for post propagation...
[2026-06-21T12:00:11.813Z]   Adding first comment as personal...
[2026-06-21T12:00:11.990Z] Comment API failed: 404 {"message":"Unable to obtain activity for urn: 'urn:li:share:7474430949469040641'","status":404}
[2026-06-21T12:00:11.990Z]   Retrying comment after 10s...
[2026-06-21T12:00:22.267Z]   First comment added successfully
[2026-06-21T12:00:22.267Z]   Updating Notion page 38263851-9ab1-810d-9f61-e9852e3307e3...
[2026-06-21T12:00:23.564Z]   Notion updated: Status=POSTED, URL=https://www.linkedin.com/feed/update/urn:li:share:7474430949469040641/
[2026-06-21T12:00:23.564Z] 
═══════════════════════════════════════════════════════
[2026-06-21T12:00:23.564Z] SUMMARY: 1 published, 0 failed, 1 total
[2026-06-21T12:00:23.564Z] ═══════════════════════════════════════════════════════
