[2026-04-02T12:55:09.011Z] ═══════════════════════════════════════════════════════
[2026-04-02T12:55:09.012Z] LinkedIn Auto-Publisher — 2026-04-02
[2026-04-02T12:55:09.012Z] Mode: DRY RUN
[2026-04-02T12:55:09.012Z] ═══════════════════════════════════════════════════════
[2026-04-02T12:55:09.012Z] Querying Notion for scheduled posts...
[2026-04-02T12:55:09.884Z] Found 3 post(s) scheduled for today
[2026-04-02T12:55:09.884Z] 
─── Post 1/3: "Work Centers Removed - Role-Based Applications" ───
[2026-04-02T12:55:09.884Z]   Platform: LinkedIn Company
[2026-04-02T12:55:09.884Z]   Posted By: Company Page
[2026-04-02T12:55:09.884Z]   Post Type: Text+Image
[2026-04-02T12:55:09.884Z]   Image: /root/themaximoguys-blog/posts/MAS-FEATURES/images/mas-features-work-centers-rbas.png
[2026-04-02T12:55:09.884Z]   Hashtags: #IBMMaximo #MAS9 #Migration #TheMaximoGuys #EAM...
[2026-04-02T12:55:09.884Z]   First Comment: yes
[2026-04-02T12:55:09.884Z]   Series: MAS Features
[2026-04-02T12:55:09.884Z]   DRY RUN — Would publish as: company
[2026-04-02T12:55:09.884Z] 
─── Post 2/3: "Maximo Predict" ───
[2026-04-02T12:55:09.884Z]   Platform: LinkedIn Company
[2026-04-02T12:55:09.884Z]   Posted By: Surendra Katta
[2026-04-02T12:55:09.884Z]   Post Type: Text+Image
[2026-04-02T12:55:09.884Z]   Image: /root/themaximoguys-blog/SocialMedia/LinkedIn/Content/images/linkedin-infographic-12-maximo-predict.png
[2026-04-02T12:55:09.884Z]   Hashtags: #IBMMaximo #PredictiveMaintenance #ArtificialIntelligence #TheMaximoGuys...
[2026-04-02T12:55:09.884Z]   First Comment: yes
[2026-04-02T12:55:09.884Z]   Series: MAS Features
[2026-04-02T12:55:09.884Z]   DRY RUN — Would publish as: company
[2026-04-02T12:55:09.884Z] 
─── Post 3/3: "Carbon Design System UI" ───
[2026-04-02T12:55:09.884Z]   Platform: LinkedIn Company
[2026-04-02T12:55:09.884Z]   Posted By: Company Page
[2026-04-02T12:55:09.884Z]   Post Type: Text+Image
[2026-04-02T12:55:09.884Z]   Image: /root/themaximoguys-blog/SocialMedia/LinkedIn/Content/images/linkedin-infographic-02-carbon-design-ui.png
[2026-04-02T12:55:09.884Z]   Hashtags: #IBMMaximo #MAS #EAM #TheMaximoGuys...
[2026-04-02T12:55:09.884Z]   First Comment: yes
[2026-04-02T12:55:09.884Z]   Series: MAS Features
[2026-04-02T12:55:09.884Z]   DRY RUN — Would publish as: company
[2026-04-02T12:55:09.884Z] 
═══════════════════════════════════════════════════════
[2026-04-02T12:55:09.884Z] SUMMARY: 3 published, 0 failed, 3 total
[2026-04-02T12:55:09.884Z] ═══════════════════════════════════════════════════════
[2026-04-02T12:55:41.210Z] ═══════════════════════════════════════════════════════
[2026-04-02T12:55:41.211Z] LinkedIn Auto-Publisher — 2026-04-02
[2026-04-02T12:55:41.211Z] Mode: LIVE
[2026-04-02T12:55:41.211Z] ═══════════════════════════════════════════════════════
[2026-04-02T12:55:41.211Z] Querying Notion for scheduled posts...
[2026-04-02T12:55:42.615Z] Found 3 post(s) scheduled for today
[2026-04-02T12:55:42.615Z] 
─── Post 1/3: "Work Centers Removed - Role-Based Applications" ───
[2026-04-02T12:55:42.615Z]   Platform: LinkedIn Company
[2026-04-02T12:55:42.615Z]   Posted By: Company Page
[2026-04-02T12:55:42.615Z]   Post Type: Text+Image
[2026-04-02T12:55:42.615Z]   Image: /root/themaximoguys-blog/posts/MAS-FEATURES/images/mas-features-work-centers-rbas.png
[2026-04-02T12:55:42.615Z]   Hashtags: #IBMMaximo #MAS9 #Migration #TheMaximoGuys #EAM...
[2026-04-02T12:55:42.615Z]   First Comment: yes
[2026-04-02T12:55:42.615Z]   Series: MAS Features
[2026-04-02T12:55:42.616Z]   Publishing as company (urn:li:organization:111960338)...
[2026-04-02T12:55:42.616Z]   Uploading image: /root/themaximoguys-blog/posts/MAS-FEATURES/images/mas-features-work-centers-rbas.png
[2026-04-02T12:55:43.898Z]   Image uploaded: urn:li:image:D4E10AQFxZTh1Fuu6DQ
[2026-04-02T12:55:43.898Z]   Creating post...
[2026-04-02T12:55:44.306Z]   Post published: urn:li:share:7445453918504914944
[2026-04-02T12:55:44.307Z]   URL: https://www.linkedin.com/feed/update/urn:li:share:7445453918504914944/
[2026-04-02T12:55:44.307Z]   Waiting 5s for post propagation...
[2026-04-02T12:55:49.308Z]   Adding first comment as company...
[2026-04-02T12:55:49.465Z] Comment API failed: 404 {"message":"Unable to obtain activity for urn: 'urn:li:share:7445453918504914944'","status":404}
[2026-04-02T12:55:49.466Z]   Retrying comment after 10s...
[2026-04-02T12:55:59.918Z]   First comment added successfully
[2026-04-02T12:55:59.918Z]   Updating Notion page 33363851-9ab1-8138-b74c-da8853bc241b...
[2026-04-02T12:56:00.488Z]   Notion updated: Status=POSTED, URL=https://www.linkedin.com/feed/update/urn:li:share:7445453918504914944/
[2026-04-02T12:56:00.488Z] 
Waiting 30s before next post...
[2026-04-02T12:56:30.489Z] 
─── Post 2/3: "Maximo Predict" ───
[2026-04-02T12:56:30.489Z]   Platform: LinkedIn Company
[2026-04-02T12:56:30.489Z]   Posted By: Surendra Katta
[2026-04-02T12:56:30.489Z]   Post Type: Text+Image
[2026-04-02T12:56:30.489Z]   Image: /root/themaximoguys-blog/SocialMedia/LinkedIn/Content/images/linkedin-infographic-12-maximo-predict.png
[2026-04-02T12:56:30.489Z]   Hashtags: #IBMMaximo #PredictiveMaintenance #ArtificialIntelligence #TheMaximoGuys...
[2026-04-02T12:56:30.489Z]   First Comment: yes
[2026-04-02T12:56:30.489Z]   Series: MAS Features
[2026-04-02T12:56:30.489Z]   Publishing as company (urn:li:organization:111960338)...
[2026-04-02T12:56:30.489Z]   Uploading image: /root/themaximoguys-blog/SocialMedia/LinkedIn/Content/images/linkedin-infographic-12-maximo-predict.png
[2026-04-02T12:56:31.790Z]   Image uploaded: urn:li:image:D4E10AQEfi0SYSvwmvQ
[2026-04-02T12:56:31.790Z]   Creating post...
[2026-04-02T12:56:32.182Z]   Post published: urn:li:share:7445454119370248194
[2026-04-02T12:56:32.182Z]   URL: https://www.linkedin.com/feed/update/urn:li:share:7445454119370248194/
[2026-04-02T12:56:32.182Z]   Waiting 5s for post propagation...
[2026-04-02T12:56:37.183Z]   Adding first comment as company...
[2026-04-02T12:56:37.349Z] Comment API failed: 404 {"message":"Unable to obtain activity for urn: 'urn:li:share:7445454119370248194'","status":404}
[2026-04-02T12:56:37.349Z]   Retrying comment after 10s...
[2026-04-02T12:56:47.690Z]   First comment added successfully
[2026-04-02T12:56:47.690Z]   Updating Notion page 33363851-9ab1-8147-991f-e117b7d60081...
[2026-04-02T12:56:48.654Z]   Notion updated: Status=POSTED, URL=https://www.linkedin.com/feed/update/urn:li:share:7445454119370248194/
[2026-04-02T12:56:48.654Z] 
Waiting 30s before next post...
[2026-04-02T12:57:18.656Z] 
─── Post 3/3: "Carbon Design System UI" ───
[2026-04-02T12:57:18.656Z]   Platform: LinkedIn Company
[2026-04-02T12:57:18.656Z]   Posted By: Company Page
[2026-04-02T12:57:18.656Z]   Post Type: Text+Image
[2026-04-02T12:57:18.656Z]   Image: /root/themaximoguys-blog/SocialMedia/LinkedIn/Content/images/linkedin-infographic-02-carbon-design-ui.png
[2026-04-02T12:57:18.656Z]   Hashtags: #IBMMaximo #MAS #EAM #TheMaximoGuys...
[2026-04-02T12:57:18.656Z]   First Comment: yes
[2026-04-02T12:57:18.656Z]   Series: MAS Features
[2026-04-02T12:57:18.656Z]   Publishing as company (urn:li:organization:111960338)...
[2026-04-02T12:57:18.656Z]   Uploading image: /root/themaximoguys-blog/SocialMedia/LinkedIn/Content/images/linkedin-infographic-02-carbon-design-ui.png
[2026-04-02T12:57:19.517Z]   Image uploaded: urn:li:image:D4E10AQEAbxypFnn2yw
[2026-04-02T12:57:19.517Z]   Creating post...
[2026-04-02T12:57:19.896Z]   Post published: urn:li:share:7445454319518236672
[2026-04-02T12:57:19.896Z]   URL: https://www.linkedin.com/feed/update/urn:li:share:7445454319518236672/
[2026-04-02T12:57:19.896Z]   Waiting 5s for post propagation...
[2026-04-02T12:57:24.898Z]   Adding first comment as company...
[2026-04-02T12:57:25.071Z] Comment API failed: 404 {"message":"Unable to obtain activity for urn: 'urn:li:share:7445454319518236672'","status":404}
[2026-04-02T12:57:25.071Z]   Retrying comment after 10s...
[2026-04-02T12:57:35.398Z]   First comment added successfully
[2026-04-02T12:57:35.398Z]   Updating Notion page 33363851-9ab1-81f0-aae0-de2ef2558c2b...
[2026-04-02T12:57:42.089Z]   Notion updated: Status=POSTED, URL=https://www.linkedin.com/feed/update/urn:li:share:7445454319518236672/
[2026-04-02T12:57:42.089Z] 
═══════════════════════════════════════════════════════
[2026-04-02T12:57:42.089Z] SUMMARY: 3 published, 0 failed, 3 total
[2026-04-02T12:57:42.089Z] ═══════════════════════════════════════════════════════
