[2026-05-18T12:00:02.905Z] ═══════════════════════════════════════════════════════
[2026-05-18T12:00:02.916Z] LinkedIn Auto-Publisher — 2026-05-18
[2026-05-18T12:00:02.916Z] Mode: LIVE
[2026-05-18T12:00:02.916Z] ═══════════════════════════════════════════════════════
[2026-05-18T12:00:02.916Z] Querying Notion for scheduled posts...
[2026-05-18T12:00:03.950Z] Found 1 post(s) scheduled for today
[2026-05-18T12:00:03.951Z] 
─── Post 1/1: "Part 0: MAS Monitor Series Index" ───
[2026-05-18T12:00:03.951Z]   Platform: LinkedIn Company
[2026-05-18T12:00:03.951Z]   Posted By: Company Page
[2026-05-18T12:00:03.951Z]   Resolved Targets: company
[2026-05-18T12:00:03.951Z]   Post Type: Text+Image
[2026-05-18T12:00:03.951Z]   Image: /root/themaximoguys-blog/posts/MAS-MONITOR/images/mas-monitor-00.png
[2026-05-18T12:00:03.951Z]   Hashtags: #IBMMaximo #MAS9 #MaximoMonitor #IIoT #PredictiveMaintenance...
[2026-05-18T12:00:03.952Z]   First Comment: yes
[2026-05-18T12:00:03.952Z]   Series: MAS Features
[2026-05-18T12:00:03.953Z]   Publishing as company (urn:li:organization:111960338)...
[2026-05-18T12:00:03.953Z]   Uploading image: /root/themaximoguys-blog/posts/MAS-MONITOR/images/mas-monitor-00.png
[2026-05-18T12:00:05.756Z]   Image uploaded: urn:li:image:D4E10AQHP8-dho0Z3gA
[2026-05-18T12:00:05.757Z]   Creating post...
[2026-05-18T12:00:06.196Z]   Post published: urn:li:share:7462109759442423809
[2026-05-18T12:00:06.197Z]   URL: https://www.linkedin.com/feed/update/urn:li:share:7462109759442423809/
[2026-05-18T12:00:06.198Z]   Waiting 5s for post propagation...
[2026-05-18T12:00:11.205Z]   Adding first comment as company...
[2026-05-18T12:00:11.504Z] Comment API failed: 404 {"message":"Unable to obtain activity for urn: 'urn:li:share:7462109759442423809'","status":404}
[2026-05-18T12:00:11.504Z]   Retrying comment after 10s...
[2026-05-18T12:00:21.764Z]   First comment added successfully
[2026-05-18T12:00:21.764Z]   Updating Notion page 36063851-9ab1-81cf-a486-d6f58f901e0a...
[2026-05-18T12:00:22.159Z]   Notion updated: Status=POSTED, URL=https://www.linkedin.com/feed/update/urn:li:share:7462109759442423809/
[2026-05-18T12:00:22.160Z] 
═══════════════════════════════════════════════════════
[2026-05-18T12:00:22.160Z] SUMMARY: 1 published, 0 failed, 1 total
[2026-05-18T12:00:22.160Z] ═══════════════════════════════════════════════════════
