[2026-06-01T12:00:02.144Z] ═══════════════════════════════════════════════════════
[2026-06-01T12:00:02.159Z] LinkedIn Auto-Publisher — 2026-06-01
[2026-06-01T12:00:02.159Z] Mode: LIVE
[2026-06-01T12:00:02.159Z] ═══════════════════════════════════════════════════════
[2026-06-01T12:00:02.159Z] Querying Notion for scheduled posts...
[2026-06-01T12:00:04.405Z] Found 1 post(s) scheduled for today
[2026-06-01T12:00:04.407Z] 
─── Post 1/1: "Part 1: Introduction to Maximo Visual Inspection" ───
[2026-06-01T12:00:04.407Z]   Platform: LinkedIn Company
[2026-06-01T12:00:04.407Z]   Posted By: Company Page
[2026-06-01T12:00:04.407Z]   Resolved Targets: company
[2026-06-01T12:00:04.407Z]   Post Type: Text+Image
[2026-06-01T12:00:04.407Z]   Image: /root/themaximoguys-blog/posts/MAS-VISUAL-INSPECTION/images/mas-visual-inspection-01.png
[2026-06-01T12:00:04.407Z]   Hashtags: #IBMMaximo #MVI #DefectDetection #IndustrialAI #ComputerVision...
[2026-06-01T12:00:04.407Z]   First Comment: yes
[2026-06-01T12:00:04.407Z]   Series: Visual Inspection
[2026-06-01T12:00:04.408Z]   Publishing as company (urn:li:organization:111960338)...
[2026-06-01T12:00:04.408Z]   Uploading image: /root/themaximoguys-blog/posts/MAS-VISUAL-INSPECTION/images/mas-visual-inspection-01.png
[2026-06-01T12:00:04.946Z] ERROR: Failed to publish "Part 1: Introduction to Maximo Visual Inspection" — Image init failed: 401 {"status":401,"serviceErrorCode":65602,"code":"EXPIRED_ACCESS_TOKEN","message":"The token used in the request has expired"}
[2026-06-01T12:00:04.947Z] 
═══════════════════════════════════════════════════════
[2026-06-01T12:00:04.947Z] SUMMARY: 0 published, 1 failed, 1 total
[2026-06-01T12:00:04.947Z] ═══════════════════════════════════════════════════════
