[2026-07-01T12:00:02.561Z] ═══════════════════════════════════════════════════════
[2026-07-01T12:00:02.575Z] LinkedIn Auto-Publisher — 2026-07-01
[2026-07-01T12:00:02.576Z] Mode: LIVE
[2026-07-01T12:00:02.576Z] ═══════════════════════════════════════════════════════
[2026-07-01T12:00:02.576Z] Querying Notion for scheduled posts...
[2026-07-01T12:00:03.342Z] Found 2 post(s) scheduled for today
[2026-07-01T12:00:03.350Z] 
─── Post 1/2: "Part 5: Keeping Predict Models Alive" ───
[2026-07-01T12:00:03.350Z]   Platform: LinkedIn Personal
[2026-07-01T12:00:03.350Z]   Posted By: Surendra Katta
[2026-07-01T12:00:03.350Z]   Resolved Targets: personal
[2026-07-01T12:00:03.350Z]   Post Type: Text+Image
[2026-07-01T12:00:03.350Z]   Image: /root/themaximoguys-blog/SocialMedia/LinkedIn/Content/images/HMP/li-mas-predict-05.png
[2026-07-01T12:00:03.351Z]   Hashtags: #IBMMaximo #MaximoPredict #MLOps #PredictiveMaintenance #ModelMonitoring #TheMax...
[2026-07-01T12:00:03.351Z]   First Comment: yes
[2026-07-01T12:00:03.351Z]   Series: MAS Predict
[2026-07-01T12:00:03.353Z]   Publishing as personal (urn:li:person:hj5bWVNgmt)...
[2026-07-01T12:00:03.354Z]   Uploading image: /root/themaximoguys-blog/SocialMedia/LinkedIn/Content/images/HMP/li-mas-predict-05.png
[2026-07-01T12:00:04.369Z]   Image uploaded: urn:li:image:D4D10AQEcXClJvFhyvQ
[2026-07-01T12:00:04.369Z]   Creating post...
[2026-07-01T12:00:04.810Z]   Post published: urn:li:share:7478054819828690944
[2026-07-01T12:00:04.810Z]   URL: https://www.linkedin.com/feed/update/urn:li:share:7478054819828690944/
[2026-07-01T12:00:04.810Z]   Waiting 5s for post propagation...
[2026-07-01T12:00:09.818Z]   Adding first comment as personal...
[2026-07-01T12:00:09.967Z] Comment API failed: 404 {"message":"Unable to obtain activity for urn: 'urn:li:share:7478054819828690944'","status":404}
[2026-07-01T12:00:09.967Z]   Retrying comment after 10s...
[2026-07-01T12:00:20.375Z]   First comment added successfully
[2026-07-01T12:00:20.376Z]   Updating Notion page 38263851-9ab1-8170-b47f-f4b255b03af9...
[2026-07-01T12:00:23.903Z]   Notion updated: Status=POSTED, URL=https://www.linkedin.com/feed/update/urn:li:share:7478054819828690944/
[2026-07-01T12:00:23.903Z] 
Waiting 30s before next post...
[2026-07-01T12:00:53.905Z] 
─── Post 2/2: "Part 5: Integrating Health with Monitor and Predict" ───
[2026-07-01T12:00:53.905Z]   Platform: LinkedIn Company
[2026-07-01T12:00:53.905Z]   Posted By: Company Page
[2026-07-01T12:00:53.905Z]   Resolved Targets: company
[2026-07-01T12:00:53.905Z]   Post Type: Text+Image
[2026-07-01T12:00:53.905Z]   Image: /root/themaximoguys-blog/posts/MAS-HEALTH/images/mas-health-05.png
[2026-07-01T12:00:53.905Z]   Hashtags: #IBMMaximo #MAS9 #AssetHealth #PredictiveMaintenance #IndustrialAI...
[2026-07-01T12:00:53.905Z]   First Comment: yes
[2026-07-01T12:00:53.905Z]   Series: MAS Features
[2026-07-01T12:00:53.905Z]   Publishing as company (urn:li:organization:111960338)...
[2026-07-01T12:00:53.905Z]   Uploading image: /root/themaximoguys-blog/posts/MAS-HEALTH/images/mas-health-05.png
[2026-07-01T12:00:54.916Z]   Image uploaded: urn:li:image:D4D10AQGokg9rtxSASw
[2026-07-01T12:00:54.916Z]   Creating post...
[2026-07-01T12:00:55.357Z]   Post published: urn:li:share:7478055031754199041
[2026-07-01T12:00:55.358Z]   URL: https://www.linkedin.com/feed/update/urn:li:share:7478055031754199041/
[2026-07-01T12:00:55.358Z]   Waiting 5s for post propagation...
[2026-07-01T12:01:00.360Z]   Adding first comment as company...
[2026-07-01T12:01:00.545Z] Comment API failed: 404 {"message":"Unable to obtain activity for urn: 'urn:li:share:7478055031754199041'","status":404}
[2026-07-01T12:01:00.545Z]   Retrying comment after 10s...
[2026-07-01T12:01:10.988Z]   First comment added successfully
[2026-07-01T12:01:10.988Z]   Updating Notion page 36063851-9ab1-81db-bde4-e28840c8d135...
[2026-07-01T12:01:11.470Z]   Notion updated: Status=POSTED, URL=https://www.linkedin.com/feed/update/urn:li:share:7478055031754199041/
[2026-07-01T12:01:11.470Z] 
═══════════════════════════════════════════════════════
[2026-07-01T12:01:11.470Z] SUMMARY: 2 published, 0 failed, 2 total
[2026-07-01T12:01:11.470Z] ═══════════════════════════════════════════════════════
