[2026-06-29T12:00:01.917Z] ═══════════════════════════════════════════════════════
[2026-06-29T12:00:01.990Z] LinkedIn Auto-Publisher — 2026-06-29
[2026-06-29T12:00:01.990Z] Mode: LIVE
[2026-06-29T12:00:01.991Z] ═══════════════════════════════════════════════════════
[2026-06-29T12:00:01.991Z] Querying Notion for scheduled posts...
[2026-06-29T12:00:03.998Z] Found 2 post(s) scheduled for today
[2026-06-29T12:00:03.999Z] 
─── Post 1/2: "Part 5: Health + Monitor + Predict" ───
[2026-06-29T12:00:03.999Z]   Platform: LinkedIn Personal
[2026-06-29T12:00:03.999Z]   Posted By: Surendra Katta
[2026-06-29T12:00:03.999Z]   Resolved Targets: personal
[2026-06-29T12:00:03.999Z]   Post Type: Text+Image
[2026-06-29T12:00:03.999Z]   Image: /root/themaximoguys-blog/SocialMedia/LinkedIn/Content/images/HMP/li-mas-health-05.png
[2026-06-29T12:00:03.999Z]   Hashtags: #IBMMaximo #MaximoHealth #PredictiveMaintenance #IoT #AssetManagement #TheMaximo...
[2026-06-29T12:00:03.999Z]   First Comment: yes
[2026-06-29T12:00:03.999Z]   Series: MAS Health
[2026-06-29T12:00:04.000Z]   Publishing as personal (urn:li:person:hj5bWVNgmt)...
[2026-06-29T12:00:04.000Z]   Uploading image: /root/themaximoguys-blog/SocialMedia/LinkedIn/Content/images/HMP/li-mas-health-05.png
[2026-06-29T12:00:05.378Z]   Image uploaded: urn:li:image:D5610AQEEPhVB28Hh2w
[2026-06-29T12:00:05.378Z]   Creating post...
[2026-06-29T12:00:05.808Z]   Post published: urn:li:share:7477330048132358144
[2026-06-29T12:00:05.808Z]   URL: https://www.linkedin.com/feed/update/urn:li:share:7477330048132358144/
[2026-06-29T12:00:05.810Z]   Waiting 5s for post propagation...
[2026-06-29T12:00:10.818Z]   Adding first comment as personal...
[2026-06-29T12:00:10.933Z] Comment API failed: 404 {"message":"Unable to obtain activity for urn: 'urn:li:share:7477330048132358144'","status":404}
[2026-06-29T12:00:10.933Z]   Retrying comment after 10s...
[2026-06-29T12:00:21.261Z]   First comment added successfully
[2026-06-29T12:00:21.261Z]   Updating Notion page 38263851-9ab1-8164-8ed2-e71c2b579a42...
[2026-06-29T12:00:22.781Z]   Notion updated: Status=POSTED, URL=https://www.linkedin.com/feed/update/urn:li:share:7477330048132358144/
[2026-06-29T12:00:22.782Z] 
Waiting 30s before next post...
[2026-06-29T12:00:52.782Z] 
─── Post 2/2: "Part 4: Installation and Your First MVI Project" ───
[2026-06-29T12:00:52.782Z]   Platform: LinkedIn Company
[2026-06-29T12:00:52.782Z]   Posted By: Company Page
[2026-06-29T12:00:52.782Z]   Resolved Targets: company
[2026-06-29T12:00:52.783Z]   Post Type: Text+Image
[2026-06-29T12:00:52.783Z]   Image: /root/themaximoguys-blog/posts/MAS-VISUAL-INSPECTION/images/mas-visual-inspection-04.png
[2026-06-29T12:00:52.783Z]   Hashtags: #IBMMaximo #MVI #ComputerVision #IndustrialAI #NVIDIA...
[2026-06-29T12:00:52.783Z]   First Comment: yes
[2026-06-29T12:00:52.783Z]   Series: Visual Inspection
[2026-06-29T12:00:52.783Z]   Publishing as company (urn:li:organization:111960338)...
[2026-06-29T12:00:52.783Z]   Uploading image: /root/themaximoguys-blog/posts/MAS-VISUAL-INSPECTION/images/mas-visual-inspection-04.png
[2026-06-29T12:00:53.737Z]   Image uploaded: urn:li:image:D5610AQFRgend5EDrOQ
[2026-06-29T12:00:53.738Z]   Creating post...
[2026-06-29T12:00:54.064Z]   Post published: urn:li:share:7477330250608111616
[2026-06-29T12:00:54.064Z]   URL: https://www.linkedin.com/feed/update/urn:li:share:7477330250608111616/
[2026-06-29T12:00:54.064Z]   Waiting 5s for post propagation...
[2026-06-29T12:00:59.066Z]   Adding first comment as company...
[2026-06-29T12:00:59.280Z] Comment API failed: 404 {"message":"Unable to obtain activity for urn: 'urn:li:share:7477330250608111616'","status":404}
[2026-06-29T12:00:59.280Z]   Retrying comment after 10s...
[2026-06-29T12:01:09.897Z]   First comment added successfully
[2026-06-29T12:01:09.897Z]   Updating Notion page 36063851-9ab1-81b4-be96-f23033b9035b...
[2026-06-29T12:01:10.937Z]   Notion updated: Status=POSTED, URL=https://www.linkedin.com/feed/update/urn:li:share:7477330250608111616/
[2026-06-29T12:01:10.938Z] 
═══════════════════════════════════════════════════════
[2026-06-29T12:01:10.938Z] SUMMARY: 2 published, 0 failed, 2 total
[2026-06-29T12:01:10.938Z] ═══════════════════════════════════════════════════════
