[2026-04-16T12:00:01.143Z] ═══════════════════════════════════════════════════════
[2026-04-16T12:00:01.149Z] LinkedIn Auto-Publisher — 2026-04-16
[2026-04-16T12:00:01.149Z] Mode: LIVE
[2026-04-16T12:00:01.149Z] ═══════════════════════════════════════════════════════
[2026-04-16T12:00:01.150Z] Querying Notion for scheduled posts...
[2026-04-16T12:00:02.435Z] Found 3 post(s) scheduled for today
[2026-04-16T12:00:02.436Z] 
─── Post 1/3: "Dev Mindset 4: WebSphere to Platform Engineer" ───
[2026-04-16T12:00:02.436Z]   Platform: Both
[2026-04-16T12:00:02.436Z]   Posted By: Surendra Katta
[2026-04-16T12:00:02.436Z]   Resolved Targets: personal
[2026-04-16T12:00:02.436Z]   Post Type: Text+Image
[2026-04-16T12:00:02.436Z]   Image: /root/themaximoguys-blog/SocialMedia/LinkedIn/Content/images/linkedin-infographic-think-mas-dev-mindset-04.png
[2026-04-16T12:00:02.436Z]   Hashtags: #Maximo #MAS9 #OpenShift #PlatformEngineering #AssetManagement...
[2026-04-16T12:00:02.436Z]   First Comment: yes
[2026-04-16T12:00:02.436Z]   Series: Think MAS
[2026-04-16T12:00:02.437Z]   Publishing as personal (urn:li:person:hj5bWVNgmt)...
[2026-04-16T12:00:02.438Z]   Uploading image: /root/themaximoguys-blog/SocialMedia/LinkedIn/Content/images/linkedin-infographic-think-mas-dev-mindset-04.png
[2026-04-16T12:00:02.842Z] ERROR: Failed to publish "Dev Mindset 4: WebSphere to Platform Engineer" — Image init failed: 426 {"status":426,"code":"NONEXISTENT_VERSION","message":"Requested version 20250401 is not active"}
[2026-04-16T12:00:02.842Z] 
Waiting 30s before next post...
[2026-04-16T12:00:32.851Z] 
─── Post 2/3: "Skills MAS Admins Must Learn (And In What Order)" ───
[2026-04-16T12:00:32.851Z]   Platform: LinkedIn Personal
[2026-04-16T12:00:32.851Z]   Posted By: Laxmi
[2026-04-16T12:00:32.851Z]   Resolved Targets: personal
[2026-04-16T12:00:32.851Z]   Post Type: Text+Image
[2026-04-16T12:00:32.851Z]   Image: posts/MAS-ADMIN/images/linkedin/mas-admin-05-skills-roadmap-linkedin.png
[2026-04-16T12:00:32.851Z]   Hashtags: #IBMMaximo #MAS9 #SkillsDevelopment #CloudNative #MaximoXcellence...
[2026-04-16T12:00:32.851Z]   First Comment: yes
[2026-04-16T12:00:32.851Z]   Series: MAS Admin
[2026-04-16T12:00:32.851Z]   Publishing as personal (urn:li:person:hj5bWVNgmt)...
[2026-04-16T12:00:32.852Z]   Uploading image: /root/themaximoguys-blog/posts/MAS-ADMIN/images/linkedin/mas-admin-05-skills-roadmap-linkedin.png
[2026-04-16T12:00:32.944Z] ERROR: Failed to publish "Skills MAS Admins Must Learn (And In What Order)" — Image init failed: 426 {"status":426,"code":"NONEXISTENT_VERSION","message":"Requested version 20250401 is not active"}
[2026-04-16T12:00:32.944Z] 
Waiting 30s before next post...
[2026-04-16T12:01:02.947Z] 
─── Post 3/3: "Part 17: MRO Inventory Optimization & HSE" ───
[2026-04-16T12:01:02.947Z]   Platform: LinkedIn Company
[2026-04-16T12:01:02.948Z]   Posted By: Company Page
[2026-04-16T12:01:02.948Z]   Resolved Targets: company
[2026-04-16T12:01:02.948Z]   Post Type: Text+Image
[2026-04-16T12:01:02.948Z]   Image: /root/themaximoguys-blog/posts/MAS-FEATURES/images/mas-features-mro-optimization-hse.png
[2026-04-16T12:01:02.948Z]   Hashtags: #IBMMaximo #MRO #HSE #InventoryOptimization #TheMaximoGuys...
[2026-04-16T12:01:02.948Z]   First Comment: yes
[2026-04-16T12:01:02.948Z]   Series: MAS Features
[2026-04-16T12:01:02.950Z]   Publishing as company (urn:li:organization:111960338)...
[2026-04-16T12:01:02.951Z]   Uploading image: /root/themaximoguys-blog/posts/MAS-FEATURES/images/mas-features-mro-optimization-hse.png
[2026-04-16T12:01:03.055Z] ERROR: Failed to publish "Part 17: MRO Inventory Optimization & HSE" — Image init failed: 426 {"status":426,"code":"NONEXISTENT_VERSION","message":"Requested version 20250401 is not active"}
[2026-04-16T12:01:03.055Z] 
═══════════════════════════════════════════════════════
[2026-04-16T12:01:03.055Z] SUMMARY: 0 published, 3 failed, 3 total
[2026-04-16T12:01:03.055Z] ═══════════════════════════════════════════════════════
[2026-04-16T15:13:19.432Z] ═══════════════════════════════════════════════════════
[2026-04-16T15:13:19.433Z] LinkedIn Auto-Publisher — 2026-04-16
[2026-04-16T15:13:19.433Z] Mode: LIVE
[2026-04-16T15:13:19.433Z] ═══════════════════════════════════════════════════════
[2026-04-16T15:13:19.433Z] Querying Notion for scheduled posts...
[2026-04-16T15:13:26.137Z] Found 2 post(s) scheduled for today
[2026-04-16T15:13:26.138Z] 
─── Post 1/2: "Dev Mindset 4: WebSphere to Platform Engineer" ───
[2026-04-16T15:13:26.138Z]   Platform: Both
[2026-04-16T15:13:26.138Z]   Posted By: Surendra Katta
[2026-04-16T15:13:26.138Z]   Resolved Targets: personal
[2026-04-16T15:13:26.138Z]   Post Type: Text+Image
[2026-04-16T15:13:26.138Z]   Image: /root/themaximoguys-blog/SocialMedia/LinkedIn/Content/images/linkedin-infographic-think-mas-dev-mindset-04.png
[2026-04-16T15:13:26.138Z]   Hashtags: #Maximo #MAS9 #OpenShift #PlatformEngineering #AssetManagement...
[2026-04-16T15:13:26.138Z]   First Comment: yes
[2026-04-16T15:13:26.138Z]   Series: Think MAS
[2026-04-16T15:13:26.139Z]   Publishing as personal (urn:li:person:hj5bWVNgmt)...
[2026-04-16T15:13:26.139Z]   Uploading image: /root/themaximoguys-blog/SocialMedia/LinkedIn/Content/images/linkedin-infographic-think-mas-dev-mindset-04.png
[2026-04-16T15:13:28.049Z]   Image uploaded: urn:li:image:D4E10AQGqz5D7UiDZNg
[2026-04-16T15:13:28.049Z]   Creating post...
[2026-04-16T15:13:28.652Z]   Post published: urn:li:share:7450562011916242945
[2026-04-16T15:13:28.652Z]   URL: https://www.linkedin.com/feed/update/urn:li:share:7450562011916242945/
[2026-04-16T15:13:28.652Z]   Waiting 5s for post propagation...
[2026-04-16T15:13:33.654Z]   Adding first comment as personal...
[2026-04-16T15:13:33.982Z]   First comment added successfully
[2026-04-16T15:13:33.982Z]   Updating Notion page 33d63851-9ab1-8120-8651-f61d141493e6...
[2026-04-16T15:13:34.306Z]   Notion updated: Status=POSTED, URL=https://www.linkedin.com/feed/update/urn:li:share:7450562011916242945/
[2026-04-16T15:13:34.306Z] 
Waiting 30s before next post...
[2026-04-16T15:14:04.314Z] 
─── Post 2/2: "Part 17: MRO Inventory Optimization & HSE" ───
[2026-04-16T15:14:04.315Z]   Platform: LinkedIn Company
[2026-04-16T15:14:04.315Z]   Posted By: Company Page
[2026-04-16T15:14:04.315Z]   Resolved Targets: company
[2026-04-16T15:14:04.315Z]   Post Type: Text+Image
[2026-04-16T15:14:04.315Z]   Image: /root/themaximoguys-blog/posts/MAS-FEATURES/images/mas-features-mro-optimization-hse.png
[2026-04-16T15:14:04.316Z]   Hashtags: #IBMMaximo #MRO #HSE #InventoryOptimization #TheMaximoGuys...
[2026-04-16T15:14:04.317Z]   First Comment: yes
[2026-04-16T15:14:04.317Z]   Series: MAS Features
[2026-04-16T15:14:04.317Z]   Publishing as company (urn:li:organization:111960338)...
[2026-04-16T15:14:04.317Z]   Uploading image: /root/themaximoguys-blog/posts/MAS-FEATURES/images/mas-features-mro-optimization-hse.png
[2026-04-16T15:14:04.803Z]   Image uploaded: urn:li:image:D4E10AQEoyyOkAeDIhQ
[2026-04-16T15:14:04.804Z]   Creating post...
[2026-04-16T15:14:05.301Z]   Post published: urn:li:share:7450562165809254400
[2026-04-16T15:14:05.301Z]   URL: https://www.linkedin.com/feed/update/urn:li:share:7450562165809254400/
[2026-04-16T15:14:05.301Z]   Waiting 5s for post propagation...
[2026-04-16T15:14:10.306Z]   Adding first comment as company...
[2026-04-16T15:14:10.484Z] Comment API failed: 404 {"message":"Unable to obtain activity for urn: 'urn:li:share:7450562165809254400'","status":404}
[2026-04-16T15:14:10.485Z]   Retrying comment after 10s...
[2026-04-16T15:14:20.781Z]   First comment added successfully
[2026-04-16T15:14:20.782Z]   Updating Notion page 33363851-9ab1-8143-aba5-d937a09ed2f9...
[2026-04-16T15:14:21.278Z]   Notion updated: Status=POSTED, URL=https://www.linkedin.com/feed/update/urn:li:share:7450562165809254400/
[2026-04-16T15:14:21.279Z] 
═══════════════════════════════════════════════════════
[2026-04-16T15:14:21.280Z] SUMMARY: 2 published, 0 failed, 2 total
[2026-04-16T15:14:21.280Z] ═══════════════════════════════════════════════════════
