[2026-07-02T12:00:01.956Z] ═══════════════════════════════════════════════════════
[2026-07-02T12:00:01.977Z] LinkedIn Auto-Publisher — 2026-07-02
[2026-07-02T12:00:01.977Z] Mode: LIVE
[2026-07-02T12:00:01.979Z] ═══════════════════════════════════════════════════════
[2026-07-02T12:00:01.981Z] Querying Notion for scheduled posts...
[2026-07-02T12:00:05.724Z] Found 1 post(s) scheduled for today
[2026-07-02T12:00:05.725Z] 
─── Post 1/1: "Part 6: Health Dashboards That Get Used" ───
[2026-07-02T12:00:05.725Z]   Platform: LinkedIn Personal
[2026-07-02T12:00:05.725Z]   Posted By: Surendra Katta
[2026-07-02T12:00:05.725Z]   Resolved Targets: personal
[2026-07-02T12:00:05.725Z]   Post Type: Text+Image
[2026-07-02T12:00:05.725Z]   Image: /root/themaximoguys-blog/SocialMedia/LinkedIn/Content/images/HMP/li-mas-health-06.png
[2026-07-02T12:00:05.725Z]   Hashtags: #IBMMaximo #MaximoHealth #AssetManagement #Reliability #MASHealth #TheMaximoGuys...
[2026-07-02T12:00:05.725Z]   First Comment: yes
[2026-07-02T12:00:05.725Z]   Series: MAS Health
[2026-07-02T12:00:05.726Z]   Publishing as personal (urn:li:person:hj5bWVNgmt)...
[2026-07-02T12:00:05.727Z]   Uploading image: /root/themaximoguys-blog/SocialMedia/LinkedIn/Content/images/HMP/li-mas-health-06.png
[2026-07-02T12:00:07.477Z]   Image uploaded: urn:li:image:D5610AQFQdhWqS9IRGw
[2026-07-02T12:00:07.477Z]   Creating post...
[2026-07-02T12:00:07.877Z]   Post published: urn:li:share:7478417220465754112
[2026-07-02T12:00:07.880Z]   URL: https://www.linkedin.com/feed/update/urn:li:share:7478417220465754112/
[2026-07-02T12:00:07.881Z]   Waiting 5s for post propagation...
[2026-07-02T12:00:12.897Z]   Adding first comment as personal...
[2026-07-02T12:00:13.163Z] Comment API failed: 404 {"message":"Unable to obtain activity for urn: 'urn:li:share:7478417220465754112'","status":404}
[2026-07-02T12:00:13.163Z]   Retrying comment after 10s...
[2026-07-02T12:00:23.543Z]   First comment added successfully
[2026-07-02T12:00:23.543Z]   Updating Notion page 38263851-9ab1-8121-9213-dfa043f286b6...
[2026-07-02T12:00:23.895Z]   Notion updated: Status=POSTED, URL=https://www.linkedin.com/feed/update/urn:li:share:7478417220465754112/
[2026-07-02T12:00:23.895Z] 
═══════════════════════════════════════════════════════
[2026-07-02T12:00:23.895Z] SUMMARY: 1 published, 0 failed, 1 total
[2026-07-02T12:00:23.895Z] ═══════════════════════════════════════════════════════
