[2026-04-14T12:00:02.058Z] ═══════════════════════════════════════════════════════
[2026-04-14T12:00:02.061Z] LinkedIn Auto-Publisher — 2026-04-14
[2026-04-14T12:00:02.061Z] Mode: LIVE
[2026-04-14T12:00:02.061Z] ═══════════════════════════════════════════════════════
[2026-04-14T12:00:02.061Z] Querying Notion for scheduled posts...
[2026-04-14T12:00:03.135Z] Found 3 post(s) scheduled for today
[2026-04-14T12:00:03.135Z] 
─── Post 1/3: "Dev Mindset 2: MBOs to Microservices" ───
[2026-04-14T12:00:03.135Z]   Platform: Both
[2026-04-14T12:00:03.135Z]   Posted By: Surendra Katta
[2026-04-14T12:00:03.135Z]   Post Type: Text+Image
[2026-04-14T12:00:03.135Z]   Image: /root/themaximoguys-blog/SocialMedia/LinkedIn/Content/images/linkedin-infographic-think-mas-dev-mindset-02.png
[2026-04-14T12:00:03.135Z]   Hashtags: #Maximo #MAS9 #GraphQL #AssetManagement #MaximoDevelopment...
[2026-04-14T12:00:03.135Z]   First Comment: yes
[2026-04-14T12:00:03.135Z]   Series: Think MAS
[2026-04-14T12:00:03.136Z]   Publishing as company (urn:li:organization:111960338)...
[2026-04-14T12:00:03.136Z]   Uploading image: /root/themaximoguys-blog/SocialMedia/LinkedIn/Content/images/linkedin-infographic-think-mas-dev-mindset-02.png
[2026-04-14T12:00:04.278Z]   Image uploaded: urn:li:image:D4E10AQGe3NWofOgKKA
[2026-04-14T12:00:04.280Z]   Creating post...
[2026-04-14T12:00:04.614Z]   Post published: urn:li:share:7449788565473001474
[2026-04-14T12:00:04.614Z]   URL: https://www.linkedin.com/feed/update/urn:li:share:7449788565473001474/
[2026-04-14T12:00:04.614Z]   Waiting 5s for post propagation...
[2026-04-14T12:00:09.618Z]   Adding first comment as company...
[2026-04-14T12:00:09.847Z] Comment API failed: 404 {"message":"Unable to obtain activity for urn: 'urn:li:share:7449788565473001474'","status":404}
[2026-04-14T12:00:09.847Z]   Retrying comment after 10s...
[2026-04-14T12:00:20.154Z]   First comment added successfully
[2026-04-14T12:00:20.154Z]   Waiting 30s before personal publish...
[2026-04-14T12:00:50.154Z]   Publishing as personal (urn:li:person:hj5bWVNgmt)...
[2026-04-14T12:00:50.154Z]   Uploading image: /root/themaximoguys-blog/SocialMedia/LinkedIn/Content/images/linkedin-infographic-think-mas-dev-mindset-02.png
[2026-04-14T12:00:52.010Z]   Image uploaded: urn:li:image:D4E10AQE_F6lwFPo4eg
[2026-04-14T12:00:52.010Z]   Creating post...
[2026-04-14T12:00:52.356Z]   Post published: urn:li:share:7449788765717512193
[2026-04-14T12:00:52.357Z]   URL: https://www.linkedin.com/feed/update/urn:li:share:7449788765717512193/
[2026-04-14T12:00:52.357Z]   Waiting 5s for post propagation...
[2026-04-14T12:00:57.359Z]   Adding first comment as personal...
[2026-04-14T12:00:57.559Z] Comment API failed: 404 {"message":"Unable to obtain activity for urn: 'urn:li:share:7449788765717512193'","status":404}
[2026-04-14T12:00:57.559Z]   Retrying comment after 10s...
[2026-04-14T12:01:07.911Z]   First comment added successfully
[2026-04-14T12:01:07.911Z]   Updating Notion page 33d63851-9ab1-81f8-aef3-e4340b1cb035...
[2026-04-14T12:01:08.402Z]   Notion updated: Status=POSTED, URL=https://www.linkedin.com/feed/update/urn:li:share:7449788565473001474/
[2026-04-14T12:01:08.403Z] 
Waiting 30s before next post...
[2026-04-14T12:01:38.405Z] 
─── Post 2/3: "MAS On-Prem: Same Control, Completely Different Vehicle" ───
[2026-04-14T12:01:38.405Z]   Platform: LinkedIn Personal
[2026-04-14T12:01:38.405Z]   Posted By: Laxmi
[2026-04-14T12:01:38.405Z]   Post Type: Text+Image
[2026-04-14T12:01:38.405Z]   Image: posts/MAS-ADMIN/images/linkedin/mas-admin-04-onprem-admin-linkedin.png
[2026-04-14T12:01:38.405Z]   Hashtags: #IBMMaximo #MAS9 #OpenShift #PlatformEngineering #MaximoXcellence...
[2026-04-14T12:01:38.405Z]   First Comment: yes
[2026-04-14T12:01:38.405Z]   Series: MAS Admin
[2026-04-14T12:01:38.406Z]   Publishing as personal (urn:li:person:hj5bWVNgmt)...
[2026-04-14T12:01:38.407Z]   Uploading image: /root/themaximoguys-blog/posts/MAS-ADMIN/images/linkedin/mas-admin-04-onprem-admin-linkedin.png
[2026-04-14T12:01:39.480Z]   Image uploaded: urn:li:image:D4E10AQEEZM_crt4oRw
[2026-04-14T12:01:39.481Z]   Creating post...
[2026-04-14T12:01:39.864Z]   Post published: urn:li:share:7449788964825128960
[2026-04-14T12:01:39.864Z]   URL: https://www.linkedin.com/feed/update/urn:li:share:7449788964825128960/
[2026-04-14T12:01:39.864Z]   Waiting 5s for post propagation...
[2026-04-14T12:01:44.865Z]   Adding first comment as personal...
[2026-04-14T12:01:45.028Z] Comment API failed: 404 {"message":"Unable to obtain activity for urn: 'urn:li:share:7449788964825128960'","status":404}
[2026-04-14T12:01:45.028Z]   Retrying comment after 10s...
[2026-04-14T12:01:55.313Z]   First comment added successfully
[2026-04-14T12:01:55.313Z]   Updating Notion page 33663851-9ab1-810a-ac65-d29902e1ecad...
[2026-04-14T12:01:55.898Z]   Notion updated: Status=POSTED, URL=https://www.linkedin.com/feed/update/urn:li:share:7449788964825128960/
[2026-04-14T12:01:55.898Z] 
Waiting 30s before next post...
[2026-04-14T12:02:25.899Z] 
─── Post 3/3: "Part 15: AppPoints Strategy & Roadmap" ───
[2026-04-14T12:02:25.899Z]   Platform: LinkedIn Company
[2026-04-14T12:02:25.900Z]   Posted By: Company Page
[2026-04-14T12:02:25.900Z]   Post Type: Text+Image
[2026-04-14T12:02:25.900Z]   Image: /root/themaximoguys-blog/posts/MAS-FEATURES/images/mas-features-apppoints-roadmap.png
[2026-04-14T12:02:25.900Z]   Hashtags: #IBMMaximo #AppPoints #Implementation #MAS9 #TheMaximoGuys...
[2026-04-14T12:02:25.900Z]   First Comment: yes
[2026-04-14T12:02:25.900Z]   Series: MAS Features
[2026-04-14T12:02:25.900Z]   Publishing as company (urn:li:organization:111960338)...
[2026-04-14T12:02:25.900Z]   Uploading image: /root/themaximoguys-blog/posts/MAS-FEATURES/images/mas-features-apppoints-roadmap.png
[2026-04-14T12:02:26.620Z]   Image uploaded: urn:li:image:D4E10AQGWEDXqdSQg2g
[2026-04-14T12:02:26.620Z]   Creating post...
[2026-04-14T12:02:27.082Z]   Post published: urn:li:share:7449789163014352896
[2026-04-14T12:02:27.082Z]   URL: https://www.linkedin.com/feed/update/urn:li:share:7449789163014352896/
[2026-04-14T12:02:27.082Z]   Waiting 5s for post propagation...
[2026-04-14T12:02:32.083Z]   Adding first comment as company...
[2026-04-14T12:02:32.242Z] Comment API failed: 404 {"message":"Unable to obtain activity for urn: 'urn:li:share:7449789163014352896'","status":404}
[2026-04-14T12:02:32.243Z]   Retrying comment after 10s...
[2026-04-14T12:02:42.513Z]   First comment added successfully
[2026-04-14T12:02:42.513Z]   Updating Notion page 33363851-9ab1-8111-bbe8-eb27909517d4...
[2026-04-14T12:02:45.005Z]   Notion updated: Status=POSTED, URL=https://www.linkedin.com/feed/update/urn:li:share:7449789163014352896/
[2026-04-14T12:02:45.005Z] 
═══════════════════════════════════════════════════════
[2026-04-14T12:02:45.005Z] SUMMARY: 3 published, 0 failed, 3 total
[2026-04-14T12:02:45.005Z] ═══════════════════════════════════════════════════════
