[2026-06-18T12:00:01.136Z] ═══════════════════════════════════════════════════════
[2026-06-18T12:00:01.137Z] LinkedIn Auto-Publisher — 2026-06-18
[2026-06-18T12:00:01.137Z] Mode: LIVE
[2026-06-18T12:00:01.137Z] ═══════════════════════════════════════════════════════
[2026-06-18T12:00:01.137Z] Querying Notion for scheduled posts...
[2026-06-18T12:00:02.515Z] Found 1 post(s) scheduled for today
[2026-06-18T12:00:02.519Z] 
─── Post 1/1: "Part 1: Introduction to IBM Maximo Monitor" ───
[2026-06-18T12:00:02.522Z]   Platform: LinkedIn Personal
[2026-06-18T12:00:02.522Z]   Posted By: Surendra Katta
[2026-06-18T12:00:02.522Z]   Resolved Targets: personal
[2026-06-18T12:00:02.522Z]   Post Type: Text+Image
[2026-06-18T12:00:02.522Z]   Image: /root/themaximoguys-blog/SocialMedia/LinkedIn/Content/images/HMP/li-mas-monitor-01.png
[2026-06-18T12:00:02.522Z]   Hashtags: #IBMMaximo #MaximoMonitor #IoT #PredictiveMaintenance #AssetManagement #TheMaxim...
[2026-06-18T12:00:02.522Z]   First Comment: yes
[2026-06-18T12:00:02.522Z]   Series: MAS Monitor
[2026-06-18T12:00:02.523Z]   Publishing as personal (urn:li:person:hj5bWVNgmt)...
[2026-06-18T12:00:02.523Z]   Uploading image: /root/themaximoguys-blog/SocialMedia/LinkedIn/Content/images/HMP/li-mas-monitor-01.png
[2026-06-18T12:00:03.761Z]   Image uploaded: urn:li:image:D5610AQEUvOayEv0oAg
[2026-06-18T12:00:03.761Z]   Creating post...
[2026-06-18T12:00:04.092Z]   Post published: urn:li:share:7473343774547423233
[2026-06-18T12:00:04.095Z]   URL: https://www.linkedin.com/feed/update/urn:li:share:7473343774547423233/
[2026-06-18T12:00:04.095Z]   Waiting 5s for post propagation...
[2026-06-18T12:00:09.098Z]   Adding first comment as personal...
[2026-06-18T12:00:09.340Z] Comment API failed: 404 {"message":"Unable to obtain activity for urn: 'urn:li:share:7473343774547423233'","status":404}
[2026-06-18T12:00:09.340Z]   Retrying comment after 10s...
[2026-06-18T12:00:19.595Z]   First comment added successfully
[2026-06-18T12:00:19.595Z]   Updating Notion page 38263851-9ab1-811a-9a66-d4d8b56a1cc7...
[2026-06-18T12:00:20.072Z]   Notion updated: Status=POSTED, URL=https://www.linkedin.com/feed/update/urn:li:share:7473343774547423233/
[2026-06-18T12:00:20.072Z] 
═══════════════════════════════════════════════════════
[2026-06-18T12:00:20.072Z] SUMMARY: 1 published, 0 failed, 1 total
[2026-06-18T12:00:20.072Z] ═══════════════════════════════════════════════════════
