[2026-06-20T12:00:02.216Z] ═══════════════════════════════════════════════════════
[2026-06-20T12:00:02.252Z] LinkedIn Auto-Publisher — 2026-06-20
[2026-06-20T12:00:02.252Z] Mode: LIVE
[2026-06-20T12:00:02.252Z] ═══════════════════════════════════════════════════════
[2026-06-20T12:00:02.252Z] Querying Notion for scheduled posts...
[2026-06-20T12:00:03.748Z] Found 1 post(s) scheduled for today
[2026-06-20T12:00:03.750Z] 
─── Post 1/1: "Part 2: How Maximo Health Turns Noise Into Numbers" ───
[2026-06-20T12:00:03.750Z]   Platform: LinkedIn Personal
[2026-06-20T12:00:03.750Z]   Posted By: Surendra Katta
[2026-06-20T12:00:03.750Z]   Resolved Targets: personal
[2026-06-20T12:00:03.751Z]   Post Type: Text+Image
[2026-06-20T12:00:03.751Z]   Image: /root/themaximoguys-blog/SocialMedia/LinkedIn/Content/images/HMP/li-mas-health-02.png
[2026-06-20T12:00:03.751Z]   Hashtags: #IBMMaximo #MaximoHealth #AssetManagement #ReliabilityEngineering #APM #TheMaxim...
[2026-06-20T12:00:03.751Z]   First Comment: yes
[2026-06-20T12:00:03.751Z]   Series: MAS Health
[2026-06-20T12:00:03.752Z]   Publishing as personal (urn:li:person:hj5bWVNgmt)...
[2026-06-20T12:00:03.755Z]   Uploading image: /root/themaximoguys-blog/SocialMedia/LinkedIn/Content/images/HMP/li-mas-health-02.png
[2026-06-20T12:00:04.687Z]   Image uploaded: urn:li:image:D5610AQG8TLlsRB9K3A
[2026-06-20T12:00:04.687Z]   Creating post...
[2026-06-20T12:00:05.129Z]   Post published: urn:li:share:7474068554544349185
[2026-06-20T12:00:05.129Z]   URL: https://www.linkedin.com/feed/update/urn:li:share:7474068554544349185/
[2026-06-20T12:00:05.129Z]   Waiting 5s for post propagation...
[2026-06-20T12:00:10.136Z]   Adding first comment as personal...
[2026-06-20T12:00:10.716Z] Comment API failed: 404 {"message":"Unable to obtain activity for urn: 'urn:li:share:7474068554544349185'","status":404}
[2026-06-20T12:00:10.716Z]   Retrying comment after 10s...
[2026-06-20T12:00:21.095Z]   First comment added successfully
[2026-06-20T12:00:21.095Z]   Updating Notion page 38263851-9ab1-8179-afda-cfcfe0bcef32...
[2026-06-20T12:00:21.432Z]   Notion updated: Status=POSTED, URL=https://www.linkedin.com/feed/update/urn:li:share:7474068554544349185/
[2026-06-20T12:00:21.432Z] 
═══════════════════════════════════════════════════════
[2026-06-20T12:00:21.432Z] SUMMARY: 1 published, 0 failed, 1 total
[2026-06-20T12:00:21.432Z] ═══════════════════════════════════════════════════════
