[2026-04-17T12:00:01.990Z] ═══════════════════════════════════════════════════════
[2026-04-17T12:00:01.999Z] LinkedIn Auto-Publisher — 2026-04-17
[2026-04-17T12:00:01.999Z] Mode: LIVE
[2026-04-17T12:00:02.024Z] ═══════════════════════════════════════════════════════
[2026-04-17T12:00:02.024Z] Querying Notion for scheduled posts...
[2026-04-17T12:00:11.035Z] Found 3 post(s) scheduled for today
[2026-04-17T12:00:11.035Z] 
─── Post 1/3: "Think MAS 1: The Mindset Shift" ───
[2026-04-17T12:00:11.035Z]   Platform: Both
[2026-04-17T12:00:11.035Z]   Posted By: Surendra Katta
[2026-04-17T12:00:11.035Z]   Resolved Targets: personal
[2026-04-17T12:00:11.035Z]   Post Type: Text+Image
[2026-04-17T12:00:11.035Z]   Image: /root/themaximoguys-blog/SocialMedia/LinkedIn/Content/images/linkedin-infographic-think-mas-01.png
[2026-04-17T12:00:11.035Z]   Hashtags: #Maximo #MAS9 #AssetManagement #CloudNative #DigitalTransformation...
[2026-04-17T12:00:11.035Z]   First Comment: yes
[2026-04-17T12:00:11.035Z]   Series: Think MAS
[2026-04-17T12:00:11.036Z]   Publishing as personal (urn:li:person:hj5bWVNgmt)...
[2026-04-17T12:00:11.036Z]   Uploading image: /root/themaximoguys-blog/SocialMedia/LinkedIn/Content/images/linkedin-infographic-think-mas-01.png
[2026-04-17T12:00:12.008Z]   Image uploaded: urn:li:image:D4E10AQES5rxODoJ7hQ
[2026-04-17T12:00:12.008Z]   Creating post...
[2026-04-17T12:00:12.371Z]   Post published: urn:li:share:7450875761516859393
[2026-04-17T12:00:12.371Z]   URL: https://www.linkedin.com/feed/update/urn:li:share:7450875761516859393/
[2026-04-17T12:00:12.371Z]   Waiting 5s for post propagation...
[2026-04-17T12:00:17.379Z]   Adding first comment as personal...
[2026-04-17T12:00:17.558Z] Comment API failed: 404 {"message":"Unable to obtain activity for urn: 'urn:li:share:7450875761516859393'","status":404}
[2026-04-17T12:00:17.558Z]   Retrying comment after 10s...
[2026-04-17T12:00:27.863Z]   First comment added successfully
[2026-04-17T12:00:27.864Z]   Updating Notion page 33d63851-9ab1-8110-acc6-fc7c8c10610e...
[2026-04-17T12:00:28.721Z]   Notion updated: Status=POSTED, URL=https://www.linkedin.com/feed/update/urn:li:share:7450875761516859393/
[2026-04-17T12:00:28.722Z] 
Waiting 30s before next post...
[2026-04-17T12:00:58.724Z] 
─── Post 2/3: "The Daily Toolset of MAS Admins: Know Your Tools" ───
[2026-04-17T12:00:58.724Z]   Platform: LinkedIn Personal
[2026-04-17T12:00:58.724Z]   Posted By: Laxmi
[2026-04-17T12:00:58.724Z]   Resolved Targets: personal
[2026-04-17T12:00:58.724Z]   Post Type: Text+Image
[2026-04-17T12:00:58.724Z]   Image: posts/MAS-ADMIN/images/linkedin/mas-admin-06-daily-toolset-linkedin.png
[2026-04-17T12:00:58.724Z]   Hashtags: #IBMMaximo #MAS9 #Monitoring #DevOps #MaximoXcellence...
[2026-04-17T12:00:58.724Z]   First Comment: yes
[2026-04-17T12:00:58.724Z]   Series: MAS Admin
[2026-04-17T12:00:58.724Z]   Publishing as personal (urn:li:person:hj5bWVNgmt)...
[2026-04-17T12:00:58.726Z]   Uploading image: /root/themaximoguys-blog/posts/MAS-ADMIN/images/linkedin/mas-admin-06-daily-toolset-linkedin.png
[2026-04-17T12:00:59.650Z]   Image uploaded: urn:li:image:D4E10AQESL6Sc4k28uA
[2026-04-17T12:00:59.650Z]   Creating post...
[2026-04-17T12:01:00.007Z]   Post published: urn:li:share:7450875961316786176
[2026-04-17T12:01:00.008Z]   URL: https://www.linkedin.com/feed/update/urn:li:share:7450875961316786176/
[2026-04-17T12:01:00.008Z]   Waiting 5s for post propagation...
[2026-04-17T12:01:05.011Z]   Adding first comment as personal...
[2026-04-17T12:01:05.410Z]   First comment added successfully
[2026-04-17T12:01:05.410Z]   Updating Notion page 33663851-9ab1-81f2-9b22-eaba72ef1316...
[2026-04-17T12:01:06.013Z]   Notion updated: Status=POSTED, URL=https://www.linkedin.com/feed/update/urn:li:share:7450875961316786176/
[2026-04-17T12:01:06.013Z] 
Waiting 30s before next post...
[2026-04-17T12:01:36.013Z] 
─── Post 3/3: "Part 18: Spatial, Service Provider, ACM & IT" ───
[2026-04-17T12:01:36.013Z]   Platform: LinkedIn Company
[2026-04-17T12:01:36.013Z]   Posted By: Company Page
[2026-04-17T12:01:36.013Z]   Resolved Targets: company
[2026-04-17T12:01:36.013Z]   Post Type: Text+Image
[2026-04-17T12:01:36.014Z]   Image: /root/themaximoguys-blog/posts/MAS-FEATURES/images/mas-features-spatial-provider-acm-it.png
[2026-04-17T12:01:36.014Z]   Hashtags: #IBMMaximo #GIS #ITSM #MAS9 #TheMaximoGuys...
[2026-04-17T12:01:36.014Z]   First Comment: yes
[2026-04-17T12:01:36.014Z]   Series: MAS Features
[2026-04-17T12:01:36.014Z]   Publishing as company (urn:li:organization:111960338)...
[2026-04-17T12:01:36.014Z]   Uploading image: /root/themaximoguys-blog/posts/MAS-FEATURES/images/mas-features-spatial-provider-acm-it.png
[2026-04-17T12:01:37.246Z]   Image uploaded: urn:li:image:D4E10AQESzWpy7gO9Bw
[2026-04-17T12:01:37.246Z]   Creating post...
[2026-04-17T12:01:37.598Z]   Post published: urn:li:share:7450876119031005184
[2026-04-17T12:01:37.598Z]   URL: https://www.linkedin.com/feed/update/urn:li:share:7450876119031005184/
[2026-04-17T12:01:37.598Z]   Waiting 5s for post propagation...
[2026-04-17T12:01:42.601Z]   Adding first comment as company...
[2026-04-17T12:01:42.772Z] Comment API failed: 404 {"message":"Unable to obtain activity for urn: 'urn:li:share:7450876119031005184'","status":404}
[2026-04-17T12:01:42.772Z]   Retrying comment after 10s...
[2026-04-17T12:01:53.052Z]   First comment added successfully
[2026-04-17T12:01:53.052Z]   Updating Notion page 33363851-9ab1-814a-8d02-ff71cc31b321...
[2026-04-17T12:01:53.577Z]   Notion updated: Status=POSTED, URL=https://www.linkedin.com/feed/update/urn:li:share:7450876119031005184/
[2026-04-17T12:01:53.577Z] 
═══════════════════════════════════════════════════════
[2026-04-17T12:01:53.577Z] SUMMARY: 3 published, 0 failed, 3 total
[2026-04-17T12:01:53.577Z] ═══════════════════════════════════════════════════════
