[2026-05-20T12:00:02.230Z] ═══════════════════════════════════════════════════════
[2026-05-20T12:00:02.265Z] LinkedIn Auto-Publisher — 2026-05-20
[2026-05-20T12:00:02.265Z] Mode: LIVE
[2026-05-20T12:00:02.266Z] ═══════════════════════════════════════════════════════
[2026-05-20T12:00:02.268Z] Querying Notion for scheduled posts...
[2026-05-20T12:00:03.380Z] Found 1 post(s) scheduled for today
[2026-05-20T12:00:03.381Z] 
─── Post 1/1: "Part 0: MAS Predict Series Index" ───
[2026-05-20T12:00:03.381Z]   Platform: LinkedIn Company
[2026-05-20T12:00:03.381Z]   Posted By: Company Page
[2026-05-20T12:00:03.381Z]   Resolved Targets: company
[2026-05-20T12:00:03.381Z]   Post Type: Text+Image
[2026-05-20T12:00:03.381Z]   Image: /root/themaximoguys-blog/posts/MAS-PREDICT/images/mas-predict-00.png
[2026-05-20T12:00:03.381Z]   Hashtags: #IBMMaximo #MAS9 #MaximoPredict #PredictiveMaintenance #AIforAssets...
[2026-05-20T12:00:03.381Z]   First Comment: yes
[2026-05-20T12:00:03.381Z]   Series: MAS Features
[2026-05-20T12:00:03.381Z]   Publishing as company (urn:li:organization:111960338)...
[2026-05-20T12:00:03.382Z]   Uploading image: /root/themaximoguys-blog/posts/MAS-PREDICT/images/mas-predict-00.png
[2026-05-20T12:00:05.047Z]   Image uploaded: urn:li:image:D4E10AQHxJcCkXFCXJg
[2026-05-20T12:00:05.048Z]   Creating post...
[2026-05-20T12:00:05.451Z]   Post published: urn:li:share:7462834531939835904
[2026-05-20T12:00:05.452Z]   URL: https://www.linkedin.com/feed/update/urn:li:share:7462834531939835904/
[2026-05-20T12:00:05.452Z]   Waiting 5s for post propagation...
[2026-05-20T12:00:10.458Z]   Adding first comment as company...
[2026-05-20T12:00:10.831Z] Comment API failed: 404 {"message":"Unable to obtain activity for urn: 'urn:li:share:7462834531939835904'","status":404}
[2026-05-20T12:00:10.831Z]   Retrying comment after 10s...
[2026-05-20T12:00:21.165Z]   First comment added successfully
[2026-05-20T12:00:21.165Z]   Updating Notion page 36063851-9ab1-8149-9c69-c3dad7fe3d97...
[2026-05-20T12:00:22.269Z]   Notion updated: Status=POSTED, URL=https://www.linkedin.com/feed/update/urn:li:share:7462834531939835904/
[2026-05-20T12:00:22.269Z] 
═══════════════════════════════════════════════════════
[2026-05-20T12:00:22.269Z] SUMMARY: 1 published, 0 failed, 1 total
[2026-05-20T12:00:22.269Z] ═══════════════════════════════════════════════════════
