[2026-04-25T12:00:01.486Z] ═══════════════════════════════════════════════════════
[2026-04-25T12:00:01.493Z] LinkedIn Auto-Publisher — 2026-04-25
[2026-04-25T12:00:01.493Z] Mode: LIVE
[2026-04-25T12:00:01.493Z] ═══════════════════════════════════════════════════════
[2026-04-25T12:00:01.493Z] Querying Notion for scheduled posts...
[2026-04-25T12:00:03.875Z] Found 1 post(s) scheduled for today
[2026-04-25T12:00:03.875Z] 
─── Post 1/1: "Think MAS 9: Enterprise Architecture" ───
[2026-04-25T12:00:03.875Z]   Platform: Both
[2026-04-25T12:00:03.875Z]   Posted By: Surendra Katta
[2026-04-25T12:00:03.875Z]   Resolved Targets: personal
[2026-04-25T12:00:03.875Z]   Post Type: Text+Image
[2026-04-25T12:00:03.875Z]   Image: /root/themaximoguys-blog/SocialMedia/LinkedIn/Content/images/linkedin-infographic-think-mas-09.png
[2026-04-25T12:00:03.875Z]   Hashtags: #Maximo #MAS9 #EnterpriseArchitecture #OpenShift #AssetManagement...
[2026-04-25T12:00:03.875Z]   First Comment: yes
[2026-04-25T12:00:03.875Z]   Series: Think MAS
[2026-04-25T12:00:03.876Z]   Publishing as personal (urn:li:person:hj5bWVNgmt)...
[2026-04-25T12:00:03.876Z]   Uploading image: /root/themaximoguys-blog/SocialMedia/LinkedIn/Content/images/linkedin-infographic-think-mas-09.png
[2026-04-25T12:00:05.480Z]   Image uploaded: urn:li:image:D4E10AQG-6ZGjrAEXsA
[2026-04-25T12:00:05.481Z]   Creating post...
[2026-04-25T12:00:05.832Z]   Post published: urn:li:share:7453774837237448704
[2026-04-25T12:00:05.832Z]   URL: https://www.linkedin.com/feed/update/urn:li:share:7453774837237448704/
[2026-04-25T12:00:05.833Z]   Waiting 5s for post propagation...
[2026-04-25T12:00:10.840Z]   Adding first comment as personal...
[2026-04-25T12:00:11.108Z]   First comment added successfully
[2026-04-25T12:00:11.109Z]   Updating Notion page 33d63851-9ab1-814b-a40a-c316f0d2ab0d...
[2026-04-25T12:00:11.453Z]   Notion updated: Status=POSTED, URL=https://www.linkedin.com/feed/update/urn:li:share:7453774837237448704/
[2026-04-25T12:00:11.453Z] 
═══════════════════════════════════════════════════════
[2026-04-25T12:00:11.453Z] SUMMARY: 1 published, 0 failed, 1 total
[2026-04-25T12:00:11.453Z] ═══════════════════════════════════════════════════════
