[2026-07-07T12:00:01.940Z] ═══════════════════════════════════════════════════════
[2026-07-07T12:00:01.953Z] LinkedIn Auto-Publisher — 2026-07-07
[2026-07-07T12:00:01.953Z] Mode: LIVE
[2026-07-07T12:00:01.958Z] ═══════════════════════════════════════════════════════
[2026-07-07T12:00:01.958Z] Querying Notion for scheduled posts...
[2026-07-07T12:00:04.508Z] Found 1 post(s) scheduled for today
[2026-07-07T12:00:04.509Z] 
─── Post 1/1: "Part 7: Maximo Predict Use Cases That Actually Work" ───
[2026-07-07T12:00:04.509Z]   Platform: LinkedIn Personal
[2026-07-07T12:00:04.509Z]   Posted By: Surendra Katta
[2026-07-07T12:00:04.509Z]   Resolved Targets: personal
[2026-07-07T12:00:04.509Z]   Post Type: Text+Image
[2026-07-07T12:00:04.509Z]   Image: /root/themaximoguys-blog/SocialMedia/LinkedIn/Content/images/HMP/li-mas-predict-07.png
[2026-07-07T12:00:04.509Z]   Hashtags: #IBMMaximo #PredictiveMaintenance #MaximoPredict #ReliabilityEngineering #AssetM...
[2026-07-07T12:00:04.509Z]   First Comment: yes
[2026-07-07T12:00:04.509Z]   Series: MAS Predict
[2026-07-07T12:00:04.510Z]   Publishing as personal (urn:li:person:hj5bWVNgmt)...
[2026-07-07T12:00:04.510Z]   Uploading image: /root/themaximoguys-blog/SocialMedia/LinkedIn/Content/images/HMP/li-mas-predict-07.png
[2026-07-07T12:00:06.161Z]   Image uploaded: urn:li:image:D5610AQF-P0jOzHuw_A
[2026-07-07T12:00:06.161Z]   Creating post...
[2026-07-07T12:00:06.595Z]   Post published: urn:li:share:7480229154194370560
[2026-07-07T12:00:06.595Z]   URL: https://www.linkedin.com/feed/update/urn:li:share:7480229154194370560/
[2026-07-07T12:00:06.596Z]   Waiting 5s for post propagation...
[2026-07-07T12:00:11.601Z]   Adding first comment as personal...
[2026-07-07T12:00:11.847Z] Comment API failed: 404 {"message":"Unable to obtain activity for urn: 'urn:li:share:7480229154194370560'","status":404}
[2026-07-07T12:00:11.847Z]   Retrying comment after 10s...
[2026-07-07T12:00:22.161Z]   First comment added successfully
[2026-07-07T12:00:22.161Z]   Updating Notion page 38263851-9ab1-8155-88e4-f45d438fb5c9...
[2026-07-07T12:00:23.428Z]   Notion updated: Status=POSTED, URL=https://www.linkedin.com/feed/update/urn:li:share:7480229154194370560/
[2026-07-07T12:00:23.428Z] 
═══════════════════════════════════════════════════════
[2026-07-07T12:00:23.428Z] SUMMARY: 1 published, 0 failed, 1 total
[2026-07-07T12:00:23.428Z] ═══════════════════════════════════════════════════════
