[2026-05-29T12:00:02.146Z] ═══════════════════════════════════════════════════════
[2026-05-29T12:00:02.165Z] LinkedIn Auto-Publisher — 2026-05-29
[2026-05-29T12:00:02.165Z] Mode: LIVE
[2026-05-29T12:00:02.165Z] ═══════════════════════════════════════════════════════
[2026-05-29T12:00:02.165Z] Querying Notion for scheduled posts...
[2026-05-29T12:00:04.393Z] Found 1 post(s) scheduled for today
[2026-05-29T12:00:04.394Z] 
─── Post 1/1: "Part 1: Introduction to IBM Maximo Predict" ───
[2026-05-29T12:00:04.394Z]   Platform: LinkedIn Company
[2026-05-29T12:00:04.394Z]   Posted By: Company Page
[2026-05-29T12:00:04.394Z]   Resolved Targets: company
[2026-05-29T12:00:04.394Z]   Post Type: Text+Image
[2026-05-29T12:00:04.394Z]   Image: /root/themaximoguys-blog/posts/MAS-PREDICT/images/mas-predict-01.png
[2026-05-29T12:00:04.394Z]   Hashtags: #IBMMaximo #MAS9 #MaximoPredict #PredictiveMaintenance #ReliabilityEngineering...
[2026-05-29T12:00:04.394Z]   First Comment: yes
[2026-05-29T12:00:04.394Z]   Series: MAS Features
[2026-05-29T12:00:04.394Z]   Publishing as company (urn:li:organization:111960338)...
[2026-05-29T12:00:04.685Z]   Uploading image: /root/themaximoguys-blog/posts/MAS-PREDICT/images/mas-predict-01.png
[2026-05-29T12:00:06.651Z]   Image uploaded: urn:li:image:D4E10AQFY5vJ0KtbusA
[2026-05-29T12:00:06.668Z]   Creating post...
[2026-05-29T12:00:07.064Z]   Post published: urn:li:share:7466096029600292864
[2026-05-29T12:00:07.064Z]   URL: https://www.linkedin.com/feed/update/urn:li:share:7466096029600292864/
[2026-05-29T12:00:07.064Z]   Waiting 5s for post propagation...
[2026-05-29T12:00:12.100Z]   Adding first comment as company...
[2026-05-29T12:00:12.500Z]   First comment added successfully
[2026-05-29T12:00:12.500Z]   Updating Notion page 36063851-9ab1-81f8-be6e-f4318ebc30b2...
[2026-05-29T12:00:13.111Z]   Notion updated: Status=POSTED, URL=https://www.linkedin.com/feed/update/urn:li:share:7466096029600292864/
[2026-05-29T12:00:13.111Z] 
═══════════════════════════════════════════════════════
[2026-05-29T12:00:13.111Z] SUMMARY: 1 published, 0 failed, 1 total
[2026-05-29T12:00:13.111Z] ═══════════════════════════════════════════════════════
