[2026-06-12T12:00:02.636Z] ═══════════════════════════════════════════════════════
[2026-06-12T12:00:02.648Z] LinkedIn Auto-Publisher — 2026-06-12
[2026-06-12T12:00:02.649Z] Mode: LIVE
[2026-06-12T12:00:02.649Z] ═══════════════════════════════════════════════════════
[2026-06-12T12:00:02.649Z] Querying Notion for scheduled posts...
[2026-06-12T12:00:05.317Z] Found 1 post(s) scheduled for today
[2026-06-12T12:00:05.319Z] 
─── Post 1/1: "Part 3: Getting Started with Maximo Health" ───
[2026-06-12T12:00:05.319Z]   Platform: LinkedIn Company
[2026-06-12T12:00:05.319Z]   Posted By: Company Page
[2026-06-12T12:00:05.319Z]   Resolved Targets: company
[2026-06-12T12:00:05.319Z]   Post Type: Text+Image
[2026-06-12T12:00:05.319Z]   Image: /root/themaximoguys-blog/posts/MAS-HEALTH/images/mas-health-03.png
[2026-06-12T12:00:05.319Z]   Hashtags: #IBMMaximo #MAS9 #AssetHealth #MASHealth #TheMaximoGuys...
[2026-06-12T12:00:05.319Z]   First Comment: yes
[2026-06-12T12:00:05.319Z]   Series: MAS Features
[2026-06-12T12:00:05.319Z]   Publishing as company (urn:li:organization:111960338)...
[2026-06-12T12:00:05.319Z]   Uploading image: /root/themaximoguys-blog/posts/MAS-HEALTH/images/mas-health-03.png
[2026-06-12T12:00:05.558Z] ERROR: Failed to publish "Part 3: Getting Started with Maximo Health" — Image init failed: 401 {"status":401,"serviceErrorCode":65602,"code":"EXPIRED_ACCESS_TOKEN","message":"The token used in the request has expired"}
[2026-06-12T12:00:05.558Z] 
═══════════════════════════════════════════════════════
[2026-06-12T12:00:05.558Z] SUMMARY: 0 published, 1 failed, 1 total
[2026-06-12T12:00:05.558Z] ═══════════════════════════════════════════════════════
