[2026-06-17T12:00:03.054Z] ═══════════════════════════════════════════════════════
[2026-06-17T12:00:03.395Z] LinkedIn Auto-Publisher — 2026-06-17
[2026-06-17T12:00:03.395Z] Mode: LIVE
[2026-06-17T12:00:03.399Z] ═══════════════════════════════════════════════════════
[2026-06-17T12:00:03.399Z] Querying Notion for scheduled posts...
[2026-06-17T12:00:05.652Z] Found 1 post(s) scheduled for today
[2026-06-17T12:00:05.653Z] 
─── Post 1/1: "Part 3: Getting Started with Maximo Predict" ───
[2026-06-17T12:00:05.653Z]   Platform: LinkedIn Company
[2026-06-17T12:00:05.653Z]   Posted By: Company Page
[2026-06-17T12:00:05.653Z]   Resolved Targets: company
[2026-06-17T12:00:05.653Z]   Post Type: Text+Image
[2026-06-17T12:00:05.653Z]   Image: /root/themaximoguys-blog/posts/MAS-PREDICT/images/mas-predict-03.png
[2026-06-17T12:00:05.653Z]   Hashtags: #IBMMaximo #MAS9 #MaximoPredict #PredictiveMaintenance #TheMaximoGuys...
[2026-06-17T12:00:05.653Z]   First Comment: yes
[2026-06-17T12:00:05.653Z]   Series: MAS Features
[2026-06-17T12:00:05.653Z]   Publishing as company (urn:li:organization:111960338)...
[2026-06-17T12:00:05.654Z]   Uploading image: /root/themaximoguys-blog/posts/MAS-PREDICT/images/mas-predict-03.png
[2026-06-17T12:00:05.916Z] ERROR: Failed to publish "Part 3: Getting Started with Maximo Predict" — Image init failed: 401 {"status":401,"serviceErrorCode":65602,"code":"EXPIRED_ACCESS_TOKEN","message":"The token used in the request has expired"}
[2026-06-17T12:00:05.917Z] 
═══════════════════════════════════════════════════════
[2026-06-17T12:00:05.917Z] SUMMARY: 0 published, 1 failed, 1 total
[2026-06-17T12:00:05.917Z] ═══════════════════════════════════════════════════════
