[2026-04-26T12:00:02.577Z] ═══════════════════════════════════════════════════════
[2026-04-26T12:00:02.584Z] LinkedIn Auto-Publisher — 2026-04-26
[2026-04-26T12:00:02.584Z] Mode: LIVE
[2026-04-26T12:00:02.584Z] ═══════════════════════════════════════════════════════
[2026-04-26T12:00:02.584Z] Querying Notion for scheduled posts...
[2026-04-26T12:00:04.605Z] Found 1 post(s) scheduled for today
[2026-04-26T12:00:04.606Z] 
─── Post 1/1: "Think MAS 10: AI Practical Use Cases" ───
[2026-04-26T12:00:04.608Z]   Platform: Both
[2026-04-26T12:00:04.609Z]   Posted By: Surendra Katta
[2026-04-26T12:00:04.609Z]   Resolved Targets: personal
[2026-04-26T12:00:04.609Z]   Post Type: Text+Image
[2026-04-26T12:00:04.609Z]   Image: /root/themaximoguys-blog/SocialMedia/LinkedIn/Content/images/linkedin-infographic-think-mas-10.png
[2026-04-26T12:00:04.609Z]   Hashtags: #Maximo #AI #watsonx #PredictiveMaintenance #AssetManagement...
[2026-04-26T12:00:04.609Z]   First Comment: yes
[2026-04-26T12:00:04.609Z]   Series: Think MAS
[2026-04-26T12:00:04.610Z]   Publishing as personal (urn:li:person:hj5bWVNgmt)...
[2026-04-26T12:00:04.610Z]   Uploading image: /root/themaximoguys-blog/SocialMedia/LinkedIn/Content/images/linkedin-infographic-think-mas-10.png
[2026-04-26T12:00:06.580Z]   Image uploaded: urn:li:image:D4E10AQHzDi1N7xNhDg
[2026-04-26T12:00:06.580Z]   Creating post...
[2026-04-26T12:00:06.929Z]   Post published: urn:li:share:7454137229607776257
[2026-04-26T12:00:06.929Z]   URL: https://www.linkedin.com/feed/update/urn:li:share:7454137229607776257/
[2026-04-26T12:00:06.929Z]   Waiting 5s for post propagation...
[2026-04-26T12:00:11.932Z]   Adding first comment as personal...
[2026-04-26T12:00:12.090Z] Comment API failed: 404 {"message":"Unable to obtain activity for urn: 'urn:li:share:7454137229607776257'","status":404}
[2026-04-26T12:00:12.090Z]   Retrying comment after 10s...
[2026-04-26T12:00:22.347Z]   First comment added successfully
[2026-04-26T12:00:22.347Z]   Updating Notion page 33d63851-9ab1-8183-9a47-f85018cb6039...
[2026-04-26T12:00:22.705Z]   Notion updated: Status=POSTED, URL=https://www.linkedin.com/feed/update/urn:li:share:7454137229607776257/
[2026-04-26T12:00:22.705Z] 
═══════════════════════════════════════════════════════
[2026-04-26T12:00:22.705Z] SUMMARY: 1 published, 0 failed, 1 total
[2026-04-26T12:00:22.705Z] ═══════════════════════════════════════════════════════
