[2026-04-04T12:00:02.079Z] ═══════════════════════════════════════════════════════
[2026-04-04T12:00:02.095Z] LinkedIn Auto-Publisher — 2026-04-04
[2026-04-04T12:00:02.095Z] Mode: LIVE
[2026-04-04T12:00:02.102Z] ═══════════════════════════════════════════════════════
[2026-04-04T12:00:02.102Z] Querying Notion for scheduled posts...
[2026-04-04T12:00:03.201Z] Found 1 post(s) scheduled for today
[2026-04-04T12:00:03.202Z] 
─── Post 1/1: "Part 5: Maximo Mobile" ───
[2026-04-04T12:00:03.202Z]   Platform: LinkedIn Company
[2026-04-04T12:00:03.202Z]   Posted By: Company Page
[2026-04-04T12:00:03.202Z]   Post Type: Text+Image
[2026-04-04T12:00:03.202Z]   Image: /root/themaximoguys-blog/SocialMedia/LinkedIn/Content/images/linkedin-infographic-05-maximo-mobile.png
[2026-04-04T12:00:03.202Z]   Hashtags: #IBMMaximo #MobileFirst #FieldService #MAS9 #TheMaximoGuys...
[2026-04-04T12:00:03.202Z]   First Comment: yes
[2026-04-04T12:00:03.202Z]   Series: MAS Features
[2026-04-04T12:00:03.204Z]   Publishing as company (urn:li:organization:111960338)...
[2026-04-04T12:00:03.206Z]   Uploading image: /root/themaximoguys-blog/SocialMedia/LinkedIn/Content/images/linkedin-infographic-05-maximo-mobile.png
[2026-04-04T12:00:04.169Z]   Image uploaded: urn:li:image:D4E10AQFiI5Yg5M7wYQ
[2026-04-04T12:00:04.169Z]   Creating post...
[2026-04-04T12:00:04.524Z]   Post published: urn:li:share:7446164686443659264
[2026-04-04T12:00:04.525Z]   URL: https://www.linkedin.com/feed/update/urn:li:share:7446164686443659264/
[2026-04-04T12:00:04.525Z]   Waiting 5s for post propagation...
[2026-04-04T12:00:09.531Z]   Adding first comment as company...
[2026-04-04T12:00:09.680Z] Comment API failed: 404 {"message":"Unable to obtain activity for urn: 'urn:li:share:7446164686443659264'","status":404}
[2026-04-04T12:00:09.680Z]   Retrying comment after 10s...
[2026-04-04T12:00:19.946Z]   First comment added successfully
[2026-04-04T12:00:19.949Z]   Updating Notion page 33363851-9ab1-817f-b66d-e4fdaf163d3f...
[2026-04-04T12:00:21.365Z]   Notion updated: Status=POSTED, URL=https://www.linkedin.com/feed/update/urn:li:share:7446164686443659264/
[2026-04-04T12:00:21.367Z] 
═══════════════════════════════════════════════════════
[2026-04-04T12:00:21.367Z] SUMMARY: 1 published, 0 failed, 1 total
[2026-04-04T12:00:21.367Z] ═══════════════════════════════════════════════════════
