[2026-06-15T12:00:02.768Z] ═══════════════════════════════════════════════════════
[2026-06-15T12:00:02.785Z] LinkedIn Auto-Publisher — 2026-06-15
[2026-06-15T12:00:02.785Z] Mode: LIVE
[2026-06-15T12:00:02.785Z] ═══════════════════════════════════════════════════════
[2026-06-15T12:00:02.785Z] Querying Notion for scheduled posts...
[2026-06-15T12:00:04.131Z] Found 1 post(s) scheduled for today
[2026-06-15T12:00:04.140Z] 
─── Post 1/1: "Part 3: Data Ingestion and Device Management" ───
[2026-06-15T12:00:04.140Z]   Platform: LinkedIn Company
[2026-06-15T12:00:04.140Z]   Posted By: Company Page
[2026-06-15T12:00:04.140Z]   Resolved Targets: company
[2026-06-15T12:00:04.140Z]   Post Type: Text+Image
[2026-06-15T12:00:04.140Z]   Image: /root/themaximoguys-blog/posts/MAS-MONITOR/images/mas-monitor-03.png
[2026-06-15T12:00:04.140Z]   Hashtags: #IBMMaximo #MAS9 #DataIngestion #IIoT #IndustrialIoT...
[2026-06-15T12:00:04.140Z]   First Comment: yes
[2026-06-15T12:00:04.140Z]   Series: MAS Features
[2026-06-15T12:00:04.141Z]   Publishing as company (urn:li:organization:111960338)...
[2026-06-15T12:00:04.157Z]   Uploading image: /root/themaximoguys-blog/posts/MAS-MONITOR/images/mas-monitor-03.png
[2026-06-15T12:00:04.530Z] ERROR: Failed to publish "Part 3: Data Ingestion and Device Management" — Image init failed: 401 {"status":401,"serviceErrorCode":65602,"code":"EXPIRED_ACCESS_TOKEN","message":"The token used in the request has expired"}
[2026-06-15T12:00:04.530Z] 
═══════════════════════════════════════════════════════
[2026-06-15T12:00:04.530Z] SUMMARY: 0 published, 1 failed, 1 total
[2026-06-15T12:00:04.530Z] ═══════════════════════════════════════════════════════
