[2026-04-24T12:00:03.631Z] ═══════════════════════════════════════════════════════
[2026-04-24T12:00:03.659Z] LinkedIn Auto-Publisher — 2026-04-24
[2026-04-24T12:00:03.659Z] Mode: LIVE
[2026-04-24T12:00:03.659Z] ═══════════════════════════════════════════════════════
[2026-04-24T12:00:03.659Z] Querying Notion for scheduled posts...
[2026-04-24T12:00:05.816Z] Found 2 post(s) scheduled for today
[2026-04-24T12:00:05.816Z] 
─── Post 1/2: "Think MAS 8: SaaS Troubleshooting" ───
[2026-04-24T12:00:05.816Z]   Platform: Both
[2026-04-24T12:00:05.816Z]   Posted By: Surendra Katta
[2026-04-24T12:00:05.816Z]   Resolved Targets: personal
[2026-04-24T12:00:05.816Z]   Post Type: Text+Image
[2026-04-24T12:00:05.816Z]   Image: /root/themaximoguys-blog/SocialMedia/LinkedIn/Content/images/linkedin-infographic-think-mas-08.png
[2026-04-24T12:00:05.816Z]   Hashtags: #Maximo #MAS9 #SaaS #AssetManagement #IBMMaximo...
[2026-04-24T12:00:05.816Z]   First Comment: yes
[2026-04-24T12:00:05.817Z]   Series: Think MAS
[2026-04-24T12:00:05.817Z]   Publishing as personal (urn:li:person:hj5bWVNgmt)...
[2026-04-24T12:00:05.817Z]   Uploading image: /root/themaximoguys-blog/SocialMedia/LinkedIn/Content/images/linkedin-infographic-think-mas-08.png
[2026-04-24T12:00:06.522Z]   Image uploaded: urn:li:image:D4E10AQHLRHdbrq73-A
[2026-04-24T12:00:06.522Z]   Creating post...
[2026-04-24T12:00:06.871Z]   Post published: urn:li:share:7453412453654249472
[2026-04-24T12:00:06.871Z]   URL: https://www.linkedin.com/feed/update/urn:li:share:7453412453654249472/
[2026-04-24T12:00:06.872Z]   Waiting 5s for post propagation...
[2026-04-24T12:00:11.876Z]   Adding first comment as personal...
[2026-04-24T12:00:12.019Z] Comment API failed: 404 {"message":"Unable to obtain activity for urn: 'urn:li:share:7453412453654249472'","status":404}
[2026-04-24T12:00:12.019Z]   Retrying comment after 10s...
[2026-04-24T12:00:22.463Z]   First comment added successfully
[2026-04-24T12:00:22.463Z]   Updating Notion page 33d63851-9ab1-8184-8ecc-ecbb2650c4af...
[2026-04-24T12:00:22.789Z]   Notion updated: Status=POSTED, URL=https://www.linkedin.com/feed/update/urn:li:share:7453412453654249472/
[2026-04-24T12:00:22.790Z] 
Waiting 30s before next post...
[2026-04-24T12:00:52.791Z] 
─── Post 2/2: "Part 25: MRO Optimization, Competitors & Roadmap" ───
[2026-04-24T12:00:52.791Z]   Platform: LinkedIn Company
[2026-04-24T12:00:52.791Z]   Posted By: Company Page
[2026-04-24T12:00:52.791Z]   Resolved Targets: company
[2026-04-24T12:00:52.793Z]   Post Type: Text+Image
[2026-04-24T12:00:52.793Z]   Image: /root/themaximoguys-blog/posts/MAS-FEATURES/images/mas-features-mro-competitors-roadmap.png
[2026-04-24T12:00:52.794Z]   Hashtags: #IBMMaximo #MROOptimization #SupplyChain #MAS9 #TheMaximoGuys...
[2026-04-24T12:00:52.794Z]   First Comment: yes
[2026-04-24T12:00:52.794Z]   Series: MAS Features
[2026-04-24T12:00:52.794Z]   Publishing as company (urn:li:organization:111960338)...
[2026-04-24T12:00:52.794Z]   Uploading image: /root/themaximoguys-blog/posts/MAS-FEATURES/images/mas-features-mro-competitors-roadmap.png
[2026-04-24T12:00:53.216Z]   Image uploaded: urn:li:image:D4E10AQHKKu0QnFSg9Q
[2026-04-24T12:00:53.217Z]   Creating post...
[2026-04-24T12:00:53.567Z]   Post published: urn:li:share:7453412649456787456
[2026-04-24T12:00:53.569Z]   URL: https://www.linkedin.com/feed/update/urn:li:share:7453412649456787456/
[2026-04-24T12:00:53.569Z]   Waiting 5s for post propagation...
[2026-04-24T12:00:58.573Z]   Adding first comment as company...
[2026-04-24T12:00:58.843Z]   First comment added successfully
[2026-04-24T12:00:58.843Z]   Updating Notion page 33363851-9ab1-81dd-a3f2-f870ee574f8e...
[2026-04-24T12:00:59.727Z]   Notion updated: Status=POSTED, URL=https://www.linkedin.com/feed/update/urn:li:share:7453412649456787456/
[2026-04-24T12:00:59.727Z] 
═══════════════════════════════════════════════════════
[2026-04-24T12:00:59.727Z] SUMMARY: 2 published, 0 failed, 2 total
[2026-04-24T12:00:59.727Z] ═══════════════════════════════════════════════════════
