[2026-06-05T12:00:02.190Z] ═══════════════════════════════════════════════════════
[2026-06-05T12:00:02.198Z] LinkedIn Auto-Publisher — 2026-06-05
[2026-06-05T12:00:02.198Z] Mode: LIVE
[2026-06-05T12:00:02.199Z] ═══════════════════════════════════════════════════════
[2026-06-05T12:00:02.199Z] Querying Notion for scheduled posts...
[2026-06-05T12:00:03.423Z] Found 1 post(s) scheduled for today
[2026-06-05T12:00:03.426Z] 
─── Post 1/1: "Part 2: Getting Started with Maximo Monitor" ───
[2026-06-05T12:00:03.427Z]   Platform: LinkedIn Company
[2026-06-05T12:00:03.428Z]   Posted By: Company Page
[2026-06-05T12:00:03.429Z]   Resolved Targets: company
[2026-06-05T12:00:03.430Z]   Post Type: Text+Image
[2026-06-05T12:00:03.430Z]   Image: /root/themaximoguys-blog/posts/MAS-MONITOR/images/mas-monitor-02.png
[2026-06-05T12:00:03.430Z]   Hashtags: #IBMMaximo #MAS9 #MaximoMonitor #IIoT #IoT...
[2026-06-05T12:00:03.430Z]   First Comment: yes
[2026-06-05T12:00:03.430Z]   Series: MAS Features
[2026-06-05T12:00:03.431Z]   Publishing as company (urn:li:organization:111960338)...
[2026-06-05T12:00:03.434Z]   Uploading image: /root/themaximoguys-blog/posts/MAS-MONITOR/images/mas-monitor-02.png
[2026-06-05T12:00:03.767Z] ERROR: Failed to publish "Part 2: Getting Started with Maximo Monitor" — Image init failed: 401 {"status":401,"serviceErrorCode":65602,"code":"EXPIRED_ACCESS_TOKEN","message":"The token used in the request has expired"}
[2026-06-05T12:00:03.769Z] 
═══════════════════════════════════════════════════════
[2026-06-05T12:00:03.769Z] SUMMARY: 0 published, 1 failed, 1 total
[2026-06-05T12:00:03.769Z] ═══════════════════════════════════════════════════════
