[2026-04-05T12:00:02.133Z] ═══════════════════════════════════════════════════════
[2026-04-05T12:00:02.146Z] LinkedIn Auto-Publisher — 2026-04-05
[2026-04-05T12:00:02.147Z] Mode: LIVE
[2026-04-05T12:00:02.147Z] ═══════════════════════════════════════════════════════
[2026-04-05T12:00:02.149Z] Querying Notion for scheduled posts...
[2026-04-05T12:00:12.682Z] Found 1 post(s) scheduled for today
[2026-04-05T12:00:12.682Z] 
─── Post 1/1: "Part 6: Security & Maps" ───
[2026-04-05T12:00:12.682Z]   Platform: LinkedIn Company
[2026-04-05T12:00:12.682Z]   Posted By: Company Page
[2026-04-05T12:00:12.682Z]   Post Type: Text+Image
[2026-04-05T12:00:12.682Z]   Image: /root/themaximoguys-blog/posts/MAS-FEATURES/images/mas-features-security-maps.png
[2026-04-05T12:00:12.683Z]   Hashtags: #IBMMaximo #CyberSecurity #GIS #MAS9 #TheMaximoGuys...
[2026-04-05T12:00:12.683Z]   First Comment: yes
[2026-04-05T12:00:12.683Z]   Series: MAS Features
[2026-04-05T12:00:12.688Z]   Publishing as company (urn:li:organization:111960338)...
[2026-04-05T12:00:12.688Z]   Uploading image: /root/themaximoguys-blog/posts/MAS-FEATURES/images/mas-features-security-maps.png
[2026-04-05T12:00:14.469Z]   Image uploaded: urn:li:image:D4E10AQFm448QTw0YLg
[2026-04-05T12:00:14.472Z]   Creating post...
[2026-04-05T12:00:14.825Z]   Post published: urn:li:share:7446527117422481408
[2026-04-05T12:00:14.825Z]   URL: https://www.linkedin.com/feed/update/urn:li:share:7446527117422481408/
[2026-04-05T12:00:14.826Z]   Waiting 5s for post propagation...
[2026-04-05T12:00:19.831Z]   Adding first comment as company...
[2026-04-05T12:00:20.091Z] Comment API failed: 404 {"message":"Unable to obtain activity for urn: 'urn:li:share:7446527117422481408'","status":404}
[2026-04-05T12:00:20.091Z]   Retrying comment after 10s...
[2026-04-05T12:00:30.363Z]   First comment added successfully
[2026-04-05T12:00:30.363Z]   Updating Notion page 33363851-9ab1-8181-9a77-ec4b4c4d7272...
[2026-04-05T12:00:30.735Z]   Notion updated: Status=POSTED, URL=https://www.linkedin.com/feed/update/urn:li:share:7446527117422481408/
[2026-04-05T12:00:30.736Z] 
═══════════════════════════════════════════════════════
[2026-04-05T12:00:30.738Z] SUMMARY: 1 published, 0 failed, 1 total
[2026-04-05T12:00:30.738Z] ═══════════════════════════════════════════════════════
