[2026-04-06T12:00:01.596Z] ═══════════════════════════════════════════════════════
[2026-04-06T12:00:01.615Z] LinkedIn Auto-Publisher — 2026-04-06
[2026-04-06T12:00:01.615Z] Mode: LIVE
[2026-04-06T12:00:01.619Z] ═══════════════════════════════════════════════════════
[2026-04-06T12:00:01.620Z] Querying Notion for scheduled posts...
[2026-04-06T12:00:02.981Z] Found 1 post(s) scheduled for today
[2026-04-06T12:00:02.981Z] 
─── Post 1/1: "Part 7: Integration & Reporting" ───
[2026-04-06T12:00:02.981Z]   Platform: LinkedIn Company
[2026-04-06T12:00:02.981Z]   Posted By: Company Page
[2026-04-06T12:00:02.981Z]   Post Type: Text+Image
[2026-04-06T12:00:02.981Z]   Image: /root/themaximoguys-blog/posts/MAS-FEATURES/images/mas-features-integration-reporting.png
[2026-04-06T12:00:02.981Z]   Hashtags: #IBMMaximo #API #Kafka #Reporting #TheMaximoGuys...
[2026-04-06T12:00:02.981Z]   First Comment: yes
[2026-04-06T12:00:02.981Z]   Series: MAS Features
[2026-04-06T12:00:02.984Z]   Publishing as company (urn:li:organization:111960338)...
[2026-04-06T12:00:02.988Z]   Uploading image: /root/themaximoguys-blog/posts/MAS-FEATURES/images/mas-features-integration-reporting.png
[2026-04-06T12:00:04.084Z]   Image uploaded: urn:li:image:D4E10AQFmGQ06xanlrg
[2026-04-06T12:00:04.086Z]   Creating post...
[2026-04-06T12:00:04.520Z]   Post published: urn:li:share:7446889461784682496
[2026-04-06T12:00:04.522Z]   URL: https://www.linkedin.com/feed/update/urn:li:share:7446889461784682496/
[2026-04-06T12:00:04.524Z]   Waiting 5s for post propagation...
[2026-04-06T12:00:09.528Z]   Adding first comment as company...
[2026-04-06T12:00:09.690Z] Comment API failed: 404 {"message":"Unable to obtain activity for urn: 'urn:li:share:7446889461784682496'","status":404}
[2026-04-06T12:00:09.690Z]   Retrying comment after 10s...
[2026-04-06T12:00:20.005Z]   First comment added successfully
[2026-04-06T12:00:20.007Z]   Updating Notion page 33363851-9ab1-81f2-98a8-e69d421d7938...
[2026-04-06T12:00:20.380Z]   Notion updated: Status=POSTED, URL=https://www.linkedin.com/feed/update/urn:li:share:7446889461784682496/
[2026-04-06T12:00:20.382Z] 
═══════════════════════════════════════════════════════
[2026-04-06T12:00:20.382Z] SUMMARY: 1 published, 0 failed, 1 total
[2026-04-06T12:00:20.382Z] ═══════════════════════════════════════════════════════
