[2026-06-27T12:00:01.880Z] ═══════════════════════════════════════════════════════
[2026-06-27T12:00:01.917Z] LinkedIn Auto-Publisher — 2026-06-27
[2026-06-27T12:00:01.917Z] Mode: LIVE
[2026-06-27T12:00:01.917Z] ═══════════════════════════════════════════════════════
[2026-06-27T12:00:01.917Z] Querying Notion for scheduled posts...
[2026-06-27T12:00:03.239Z] Found 1 post(s) scheduled for today
[2026-06-27T12:00:03.239Z] 
─── Post 1/1: "Part 4: Dashboards That Drive Decisions" ───
[2026-06-27T12:00:03.239Z]   Platform: LinkedIn Personal
[2026-06-27T12:00:03.240Z]   Posted By: Surendra Katta
[2026-06-27T12:00:03.240Z]   Resolved Targets: personal
[2026-06-27T12:00:03.240Z]   Post Type: Text+Image
[2026-06-27T12:00:03.240Z]   Image: /root/themaximoguys-blog/SocialMedia/LinkedIn/Content/images/HMP/li-mas-monitor-04.png
[2026-06-27T12:00:03.240Z]   Hashtags: #IBMMaximo #MaximoMonitor #IoT #Dashboards #PredictiveMaintenance #TheMaximoGuys...
[2026-06-27T12:00:03.240Z]   First Comment: yes
[2026-06-27T12:00:03.240Z]   Series: MAS Monitor
[2026-06-27T12:00:03.240Z]   Publishing as personal (urn:li:person:hj5bWVNgmt)...
[2026-06-27T12:00:03.240Z]   Uploading image: /root/themaximoguys-blog/SocialMedia/LinkedIn/Content/images/HMP/li-mas-monitor-04.png
[2026-06-27T12:00:04.616Z]   Image uploaded: urn:li:image:D4E10AQHQMAOC0Pxi9A
[2026-06-27T12:00:04.616Z]   Creating post...
[2026-06-27T12:00:05.015Z]   Post published: urn:li:share:7476605268986949632
[2026-06-27T12:00:05.016Z]   URL: https://www.linkedin.com/feed/update/urn:li:share:7476605268986949632/
[2026-06-27T12:00:05.016Z]   Waiting 5s for post propagation...
[2026-06-27T12:00:10.017Z]   Adding first comment as personal...
[2026-06-27T12:00:10.319Z]   First comment added successfully
[2026-06-27T12:00:10.319Z]   Updating Notion page 38263851-9ab1-8155-b5b8-e2bdea7f7c41...
[2026-06-27T12:00:10.777Z]   Notion updated: Status=POSTED, URL=https://www.linkedin.com/feed/update/urn:li:share:7476605268986949632/
[2026-06-27T12:00:10.777Z] 
═══════════════════════════════════════════════════════
[2026-06-27T12:00:10.777Z] SUMMARY: 1 published, 0 failed, 1 total
[2026-06-27T12:00:10.777Z] ═══════════════════════════════════════════════════════
