[2026-06-24T12:00:02.426Z] ═══════════════════════════════════════════════════════
[2026-06-24T12:00:02.432Z] LinkedIn Auto-Publisher — 2026-06-24
[2026-06-24T12:00:02.433Z] Mode: LIVE
[2026-06-24T12:00:02.434Z] ═══════════════════════════════════════════════════════
[2026-06-24T12:00:02.434Z] Querying Notion for scheduled posts...
[2026-06-24T12:00:03.817Z] Found 2 post(s) scheduled for today
[2026-06-24T12:00:03.818Z] 
─── Post 1/2: "Part 3: Data Ingestion at Scale in Maximo Monitor" ───
[2026-06-24T12:00:03.818Z]   Platform: LinkedIn Personal
[2026-06-24T12:00:03.818Z]   Posted By: Surendra Katta
[2026-06-24T12:00:03.818Z]   Resolved Targets: personal
[2026-06-24T12:00:03.818Z]   Post Type: Text+Image
[2026-06-24T12:00:03.818Z]   Image: /root/themaximoguys-blog/SocialMedia/LinkedIn/Content/images/HMP/li-mas-monitor-03.png
[2026-06-24T12:00:03.818Z]   Hashtags: #IBMMaximo #MaximoMonitor #IoT #MQTT #PredictiveMaintenance #TheMaximoGuys...
[2026-06-24T12:00:03.818Z]   First Comment: yes
[2026-06-24T12:00:03.818Z]   Series: MAS Monitor
[2026-06-24T12:00:03.818Z]   Publishing as personal (urn:li:person:hj5bWVNgmt)...
[2026-06-24T12:00:03.818Z]   Uploading image: /root/themaximoguys-blog/SocialMedia/LinkedIn/Content/images/HMP/li-mas-monitor-03.png
[2026-06-24T12:00:05.574Z]   Image uploaded: urn:li:image:D4E10AQFQZ5P4vh-n2A
[2026-06-24T12:00:05.574Z]   Creating post...
[2026-06-24T12:00:05.901Z]   Post published: urn:li:share:7475518109395689472
[2026-06-24T12:00:05.901Z]   URL: https://www.linkedin.com/feed/update/urn:li:share:7475518109395689472/
[2026-06-24T12:00:05.901Z]   Waiting 5s for post propagation...
[2026-06-24T12:00:10.911Z]   Adding first comment as personal...
[2026-06-24T12:00:11.256Z]   First comment added successfully
[2026-06-24T12:00:11.256Z]   Updating Notion page 38263851-9ab1-810c-b005-def37c39f7c6...
[2026-06-24T12:00:13.477Z]   Notion updated: Status=POSTED, URL=https://www.linkedin.com/feed/update/urn:li:share:7475518109395689472/
[2026-06-24T12:00:13.477Z] 
Waiting 30s before next post...
[2026-06-24T12:00:43.478Z] 
─── Post 2/2: "Part 4: Dashboards and Visualization" ───
[2026-06-24T12:00:43.479Z]   Platform: LinkedIn Company
[2026-06-24T12:00:43.479Z]   Posted By: Company Page
[2026-06-24T12:00:43.479Z]   Resolved Targets: company
[2026-06-24T12:00:43.479Z]   Post Type: Text+Image
[2026-06-24T12:00:43.479Z]   Image: /root/themaximoguys-blog/posts/MAS-MONITOR/images/mas-monitor-04.png
[2026-06-24T12:00:43.479Z]   Hashtags: #IBMMaximo #MAS9 #MaximoMonitor #AssetMonitoring #TimeSeries...
[2026-06-24T12:00:43.479Z]   First Comment: yes
[2026-06-24T12:00:43.479Z]   Series: MAS Features
[2026-06-24T12:00:43.479Z]   Publishing as company (urn:li:organization:111960338)...
[2026-06-24T12:00:43.481Z]   Uploading image: /root/themaximoguys-blog/posts/MAS-MONITOR/images/mas-monitor-04.png
[2026-06-24T12:00:44.284Z]   Image uploaded: urn:li:image:D4E10AQEWiq_g-sazCA
[2026-06-24T12:00:44.285Z]   Creating post...
[2026-06-24T12:00:44.721Z]   Post published: urn:li:share:7475518272088645632
[2026-06-24T12:00:44.721Z]   URL: https://www.linkedin.com/feed/update/urn:li:share:7475518272088645632/
[2026-06-24T12:00:44.722Z]   Waiting 5s for post propagation...
[2026-06-24T12:00:49.724Z]   Adding first comment as company...
[2026-06-24T12:00:49.905Z] Comment API failed: 404 {"message":"Unable to obtain activity for urn: 'urn:li:share:7475518272088645632'","status":404}
[2026-06-24T12:00:49.906Z]   Retrying comment after 10s...
[2026-06-24T12:01:00.191Z]   First comment added successfully
[2026-06-24T12:01:00.191Z]   Updating Notion page 36063851-9ab1-81b6-a54f-f1979dd646ce...
[2026-06-24T12:01:00.908Z]   Notion updated: Status=POSTED, URL=https://www.linkedin.com/feed/update/urn:li:share:7475518272088645632/
[2026-06-24T12:01:00.908Z] 
═══════════════════════════════════════════════════════
[2026-06-24T12:01:00.908Z] SUMMARY: 2 published, 0 failed, 2 total
[2026-06-24T12:01:00.908Z] ═══════════════════════════════════════════════════════
