[2026-07-08T12:00:02.314Z] ═══════════════════════════════════════════════════════
[2026-07-08T12:00:02.320Z] LinkedIn Auto-Publisher — 2026-07-08
[2026-07-08T12:00:02.320Z] Mode: LIVE
[2026-07-08T12:00:02.320Z] ═══════════════════════════════════════════════════════
[2026-07-08T12:00:02.320Z] Querying Notion for scheduled posts...
[2026-07-08T12:00:03.651Z] Found 2 post(s) scheduled for today
[2026-07-08T12:00:03.651Z] 
─── Post 1/2: "Part 8: Making Maximo Health Stick" ───
[2026-07-08T12:00:03.651Z]   Platform: LinkedIn Personal
[2026-07-08T12:00:03.651Z]   Posted By: Surendra Katta
[2026-07-08T12:00:03.652Z]   Resolved Targets: personal
[2026-07-08T12:00:03.652Z]   Post Type: Text+Image
[2026-07-08T12:00:03.652Z]   Image: /root/themaximoguys-blog/SocialMedia/LinkedIn/Content/images/HMP/li-mas-health-08.png
[2026-07-08T12:00:03.652Z]   Hashtags: #IBMMaximo #MaximoHealth #AssetManagement #Reliability #Governance #TheMaximoGuy...
[2026-07-08T12:00:03.652Z]   First Comment: yes
[2026-07-08T12:00:03.652Z]   Series: MAS Health
[2026-07-08T12:00:03.652Z]   Publishing as personal (urn:li:person:hj5bWVNgmt)...
[2026-07-08T12:00:03.652Z]   Uploading image: /root/themaximoguys-blog/SocialMedia/LinkedIn/Content/images/HMP/li-mas-health-08.png
[2026-07-08T12:00:04.930Z]   Image uploaded: urn:li:image:D5610AQHMF0z_dk3j6A
[2026-07-08T12:00:04.930Z]   Creating post...
[2026-07-08T12:00:05.413Z]   Post published: urn:li:share:7480591537442144257
[2026-07-08T12:00:05.414Z]   URL: https://www.linkedin.com/feed/update/urn:li:share:7480591537442144257/
[2026-07-08T12:00:05.414Z]   Waiting 5s for post propagation...
[2026-07-08T12:00:10.421Z]   Adding first comment as personal...
[2026-07-08T12:00:10.636Z] Comment API failed: 404 {"message":"Unable to obtain activity for urn: 'urn:li:share:7480591537442144257'","status":404}
[2026-07-08T12:00:10.636Z]   Retrying comment after 10s...
[2026-07-08T12:00:21.013Z]   First comment added successfully
[2026-07-08T12:00:21.013Z]   Updating Notion page 38263851-9ab1-8138-b90f-d82882cd1ca4...
[2026-07-08T12:00:21.332Z]   Notion updated: Status=POSTED, URL=https://www.linkedin.com/feed/update/urn:li:share:7480591537442144257/
[2026-07-08T12:00:21.332Z] 
Waiting 30s before next post...
[2026-07-08T12:00:51.335Z] 
─── Post 2/2: "Part 5: Building Your First Inspection Model" ───
[2026-07-08T12:00:51.336Z]   Platform: LinkedIn Company
[2026-07-08T12:00:51.336Z]   Posted By: Company Page
[2026-07-08T12:00:51.336Z]   Resolved Targets: company
[2026-07-08T12:00:51.336Z]   Post Type: Text+Image
[2026-07-08T12:00:51.337Z]   Image: /root/themaximoguys-blog/posts/MAS-VISUAL-INSPECTION/images/mas-visual-inspection-05.png
[2026-07-08T12:00:51.337Z]   Hashtags: #IBMMaximo #MVI #DeepLearning #DefectDetection #IndustrialAI...
[2026-07-08T12:00:51.337Z]   First Comment: yes
[2026-07-08T12:00:51.337Z]   Series: Visual Inspection
[2026-07-08T12:00:51.338Z]   Publishing as company (urn:li:organization:111960338)...
[2026-07-08T12:00:51.339Z]   Uploading image: /root/themaximoguys-blog/posts/MAS-VISUAL-INSPECTION/images/mas-visual-inspection-05.png
[2026-07-08T12:00:53.048Z]   Image uploaded: urn:li:image:D5610AQH9_3yF6qIJsQ
[2026-07-08T12:00:53.048Z]   Creating post...
[2026-07-08T12:00:53.481Z]   Post published: urn:li:share:7480591738869280768
[2026-07-08T12:00:53.481Z]   URL: https://www.linkedin.com/feed/update/urn:li:share:7480591738869280768/
[2026-07-08T12:00:53.481Z]   Waiting 5s for post propagation...
[2026-07-08T12:00:58.482Z]   Adding first comment as company...
[2026-07-08T12:00:58.683Z] Comment API failed: 404 {"message":"Unable to obtain activity for urn: 'urn:li:share:7480591738869280768'","status":404}
[2026-07-08T12:00:58.683Z]   Retrying comment after 10s...
[2026-07-08T12:01:09.047Z]   First comment added successfully
[2026-07-08T12:01:09.048Z]   Updating Notion page 36063851-9ab1-813d-a0d1-d71acf152872...
[2026-07-08T12:01:09.912Z]   Notion updated: Status=POSTED, URL=https://www.linkedin.com/feed/update/urn:li:share:7480591738869280768/
[2026-07-08T12:01:09.912Z] 
═══════════════════════════════════════════════════════
[2026-07-08T12:01:09.912Z] SUMMARY: 2 published, 0 failed, 2 total
[2026-07-08T12:01:09.912Z] ═══════════════════════════════════════════════════════
