[2026-07-15T12:00:01.744Z] ═══════════════════════════════════════════════════════
[2026-07-15T12:00:01.753Z] LinkedIn Auto-Publisher — 2026-07-15
[2026-07-15T12:00:01.753Z] Mode: LIVE
[2026-07-15T12:00:01.753Z] ═══════════════════════════════════════════════════════
[2026-07-15T12:00:01.753Z] Querying Notion for scheduled posts...
[2026-07-15T12:00:03.461Z] Found 1 post(s) scheduled for today
[2026-07-15T12:00:03.461Z] 
─── Post 1/1: "Part 6: Integrating Predict with Monitor, Health, Manage" ───
[2026-07-15T12:00:03.462Z]   Platform: LinkedIn Company
[2026-07-15T12:00:03.462Z]   Posted By: Company Page
[2026-07-15T12:00:03.462Z]   Resolved Targets: company
[2026-07-15T12:00:03.462Z]   Post Type: Text+Image
[2026-07-15T12:00:03.462Z]   Image: /root/themaximoguys-blog/posts/MAS-PREDICT/images/mas-predict-06.png
[2026-07-15T12:00:03.462Z]   Hashtags: #IBMMaximo #MAS9 #MaximoPredict #IndustrialAI #AIforAssets...
[2026-07-15T12:00:03.462Z]   First Comment: yes
[2026-07-15T12:00:03.462Z]   Series: MAS Features
[2026-07-15T12:00:03.464Z]   Publishing as company (urn:li:organization:111960338)...
[2026-07-15T12:00:03.464Z]   Uploading image: /root/themaximoguys-blog/posts/MAS-PREDICT/images/mas-predict-06.png
[2026-07-15T12:00:04.644Z]   Image uploaded: urn:li:image:D5610AQHPMX73Y9PxSQ
[2026-07-15T12:00:04.644Z]   Creating post...
[2026-07-15T12:00:05.033Z]   Post published: urn:li:share:7483128250790072321
[2026-07-15T12:00:05.034Z]   URL: https://www.linkedin.com/feed/update/urn:li:share:7483128250790072321/
[2026-07-15T12:00:05.038Z]   Waiting 5s for post propagation...
[2026-07-15T12:00:10.050Z]   Adding first comment as company...
[2026-07-15T12:00:10.239Z] Comment API failed: 404 {"message":"Unable to obtain activity for urn: 'urn:li:share:7483128250790072321'","status":404}
[2026-07-15T12:00:10.240Z]   Retrying comment after 10s...
[2026-07-15T12:00:20.578Z]   First comment added successfully
[2026-07-15T12:00:20.578Z]   Updating Notion page 36063851-9ab1-8119-be88-c8dbcdda3453...
[2026-07-15T12:00:21.333Z]   Notion updated: Status=POSTED, URL=https://www.linkedin.com/feed/update/urn:li:share:7483128250790072321/
[2026-07-15T12:00:21.333Z] 
═══════════════════════════════════════════════════════
[2026-07-15T12:00:21.333Z] SUMMARY: 1 published, 0 failed, 1 total
[2026-07-15T12:00:21.333Z] ═══════════════════════════════════════════════════════
