[2026-06-23T12:00:02.382Z] ═══════════════════════════════════════════════════════
[2026-06-23T12:00:02.394Z] LinkedIn Auto-Publisher — 2026-06-23
[2026-06-23T12:00:02.394Z] Mode: LIVE
[2026-06-23T12:00:02.394Z] ═══════════════════════════════════════════════════════
[2026-06-23T12:00:02.394Z] Querying Notion for scheduled posts...
[2026-06-23T12:00:03.709Z] Found 1 post(s) scheduled for today
[2026-06-23T12:00:03.710Z] 
─── Post 1/1: "Part 3: Maximo Health From Zero to First Score" ───
[2026-06-23T12:00:03.710Z]   Platform: LinkedIn Personal
[2026-06-23T12:00:03.710Z]   Posted By: Surendra Katta
[2026-06-23T12:00:03.710Z]   Resolved Targets: personal
[2026-06-23T12:00:03.710Z]   Post Type: Text+Image
[2026-06-23T12:00:03.710Z]   Image: /root/themaximoguys-blog/SocialMedia/LinkedIn/Content/images/HMP/li-mas-health-03.png
[2026-06-23T12:00:03.710Z]   Hashtags: #MaximoHealth #IBMMaximo #MAS #AssetManagement #Reliability #TheMaximoGuys...
[2026-06-23T12:00:03.710Z]   First Comment: yes
[2026-06-23T12:00:03.711Z]   Series: MAS Health
[2026-06-23T12:00:03.713Z]   Publishing as personal (urn:li:person:hj5bWVNgmt)...
[2026-06-23T12:00:03.714Z]   Uploading image: /root/themaximoguys-blog/SocialMedia/LinkedIn/Content/images/HMP/li-mas-health-03.png
[2026-06-23T12:00:04.863Z]   Image uploaded: urn:li:image:D4E10AQFrEUrEzXOZ5g
[2026-06-23T12:00:04.863Z]   Creating post...
[2026-06-23T12:00:05.272Z]   Post published: urn:li:share:7475155718569123841
[2026-06-23T12:00:05.272Z]   URL: https://www.linkedin.com/feed/update/urn:li:share:7475155718569123841/
[2026-06-23T12:00:05.272Z]   Waiting 5s for post propagation...
[2026-06-23T12:00:10.277Z]   Adding first comment as personal...
[2026-06-23T12:00:10.557Z] Comment API failed: 404 {"message":"Unable to obtain activity for urn: 'urn:li:share:7475155718569123841'","status":404}
[2026-06-23T12:00:10.557Z]   Retrying comment after 10s...
[2026-06-23T12:00:20.897Z]   First comment added successfully
[2026-06-23T12:00:20.897Z]   Updating Notion page 38263851-9ab1-8195-badc-f9b9c179af7f...
[2026-06-23T12:00:21.411Z]   Notion updated: Status=POSTED, URL=https://www.linkedin.com/feed/update/urn:li:share:7475155718569123841/
[2026-06-23T12:00:21.412Z] 
═══════════════════════════════════════════════════════
[2026-06-23T12:00:21.412Z] SUMMARY: 1 published, 0 failed, 1 total
[2026-06-23T12:00:21.412Z] ═══════════════════════════════════════════════════════
