[2026-07-06T12:00:02.462Z] ═══════════════════════════════════════════════════════
[2026-07-06T12:00:02.479Z] LinkedIn Auto-Publisher — 2026-07-06
[2026-07-06T12:00:02.479Z] Mode: LIVE
[2026-07-06T12:00:02.480Z] ═══════════════════════════════════════════════════════
[2026-07-06T12:00:02.480Z] Querying Notion for scheduled posts...
[2026-07-06T12:00:03.970Z] Found 2 post(s) scheduled for today
[2026-07-06T12:00:03.971Z] 
─── Post 1/2: "Part 7: Maximo Monitor APIs & Integration" ───
[2026-07-06T12:00:03.971Z]   Platform: LinkedIn Personal
[2026-07-06T12:00:03.971Z]   Posted By: Surendra Katta
[2026-07-06T12:00:03.971Z]   Resolved Targets: personal
[2026-07-06T12:00:03.971Z]   Post Type: Text+Image
[2026-07-06T12:00:03.971Z]   Image: /root/themaximoguys-blog/SocialMedia/LinkedIn/Content/images/HMP/li-mas-monitor-07.png
[2026-07-06T12:00:03.971Z]   Hashtags: #IBMMaximo #MaximoMonitor #IoT #APIIntegration #PredictiveMaintenance #TheMaximo...
[2026-07-06T12:00:03.971Z]   First Comment: yes
[2026-07-06T12:00:03.971Z]   Series: MAS Monitor
[2026-07-06T12:00:03.972Z]   Publishing as personal (urn:li:person:hj5bWVNgmt)...
[2026-07-06T12:00:03.972Z]   Uploading image: /root/themaximoguys-blog/SocialMedia/LinkedIn/Content/images/HMP/li-mas-monitor-07.png
[2026-07-06T12:00:05.083Z]   Image uploaded: urn:li:image:D5610AQFFqQ4-VLtG2Q
[2026-07-06T12:00:05.083Z]   Creating post...
[2026-07-06T12:00:05.484Z]   Post published: urn:li:share:7479866761878712321
[2026-07-06T12:00:05.484Z]   URL: https://www.linkedin.com/feed/update/urn:li:share:7479866761878712321/
[2026-07-06T12:00:05.486Z]   Waiting 5s for post propagation...
[2026-07-06T12:00:10.497Z]   Adding first comment as personal...
[2026-07-06T12:00:10.741Z] Comment API failed: 404 {"message":"Unable to obtain activity for urn: 'urn:li:share:7479866761878712321'","status":404}
[2026-07-06T12:00:10.741Z]   Retrying comment after 10s...
[2026-07-06T12:00:21.073Z]   First comment added successfully
[2026-07-06T12:00:21.073Z]   Updating Notion page 38263851-9ab1-81b8-85cf-c1d7c659bb0e...
[2026-07-06T12:00:21.568Z]   Notion updated: Status=POSTED, URL=https://www.linkedin.com/feed/update/urn:li:share:7479866761878712321/
[2026-07-06T12:00:21.568Z] 
Waiting 30s before next post...
[2026-07-06T12:00:51.568Z] 
─── Post 2/2: "Part 5: Deployment, Monitoring, and Feedback Loops" ───
[2026-07-06T12:00:51.569Z]   Platform: LinkedIn Company
[2026-07-06T12:00:51.569Z]   Posted By: Company Page
[2026-07-06T12:00:51.569Z]   Resolved Targets: company
[2026-07-06T12:00:51.569Z]   Post Type: Text+Image
[2026-07-06T12:00:51.569Z]   Image: /root/themaximoguys-blog/posts/MAS-PREDICT/images/mas-predict-05.png
[2026-07-06T12:00:51.569Z]   Hashtags: #IBMMaximo #MAS9 #MaximoPredict #PredictiveMaintenance #AIforAssets...
[2026-07-06T12:00:51.569Z]   First Comment: yes
[2026-07-06T12:00:51.569Z]   Series: MAS Features
[2026-07-06T12:00:51.569Z]   Publishing as company (urn:li:organization:111960338)...
[2026-07-06T12:00:51.569Z]   Uploading image: /root/themaximoguys-blog/posts/MAS-PREDICT/images/mas-predict-05.png
[2026-07-06T12:00:52.214Z]   Image uploaded: urn:li:image:D5610AQFxTQ4wpIctug
[2026-07-06T12:00:52.214Z]   Creating post...
[2026-07-06T12:00:52.612Z]   Post published: urn:li:share:7479866959489024002
[2026-07-06T12:00:52.612Z]   URL: https://www.linkedin.com/feed/update/urn:li:share:7479866959489024002/
[2026-07-06T12:00:52.612Z]   Waiting 5s for post propagation...
[2026-07-06T12:00:57.614Z]   Adding first comment as company...
[2026-07-06T12:00:57.879Z] Comment API failed: 404 {"message":"Unable to obtain activity for urn: 'urn:li:share:7479866959489024002'","status":404}
[2026-07-06T12:00:57.879Z]   Retrying comment after 10s...
[2026-07-06T12:01:08.309Z]   First comment added successfully
[2026-07-06T12:01:08.310Z]   Updating Notion page 36063851-9ab1-81cf-a327-f29ab232e351...
[2026-07-06T12:01:09.095Z]   Notion updated: Status=POSTED, URL=https://www.linkedin.com/feed/update/urn:li:share:7479866959489024002/
[2026-07-06T12:01:09.095Z] 
═══════════════════════════════════════════════════════
[2026-07-06T12:01:09.095Z] SUMMARY: 2 published, 0 failed, 2 total
[2026-07-06T12:01:09.095Z] ═══════════════════════════════════════════════════════
