[2026-04-21T12:00:01.733Z] ═══════════════════════════════════════════════════════
[2026-04-21T12:00:01.752Z] LinkedIn Auto-Publisher — 2026-04-21
[2026-04-21T12:00:01.752Z] Mode: LIVE
[2026-04-21T12:00:01.752Z] ═══════════════════════════════════════════════════════
[2026-04-21T12:00:01.752Z] Querying Notion for scheduled posts...
[2026-04-21T12:00:02.830Z] Found 4 post(s) scheduled for today
[2026-04-21T12:00:02.831Z] 
─── Post 1/4: "Think MAS 5: Integration Modernization" ───
[2026-04-21T12:00:02.831Z]   Platform: Both
[2026-04-21T12:00:02.831Z]   Posted By: Surendra Katta
[2026-04-21T12:00:02.831Z]   Resolved Targets: personal
[2026-04-21T12:00:02.831Z]   Post Type: Text+Image
[2026-04-21T12:00:02.831Z]   Image: /root/themaximoguys-blog/SocialMedia/LinkedIn/Content/images/linkedin-infographic-think-mas-05.png
[2026-04-21T12:00:02.831Z]   Hashtags: #Maximo #MAS9 #APIFirst #AssetManagement #DigitalTransformation...
[2026-04-21T12:00:02.831Z]   First Comment: yes
[2026-04-21T12:00:02.831Z]   Series: Think MAS
[2026-04-21T12:00:02.831Z]   Publishing as personal (urn:li:person:hj5bWVNgmt)...
[2026-04-21T12:00:02.832Z]   Uploading image: /root/themaximoguys-blog/SocialMedia/LinkedIn/Content/images/linkedin-infographic-think-mas-05.png
[2026-04-21T12:00:03.989Z]   Image uploaded: urn:li:image:D4E10AQElpGUQ3zs75Q
[2026-04-21T12:00:03.989Z]   Creating post...
[2026-04-21T12:00:04.451Z]   Post published: urn:li:share:7452325279429103616
[2026-04-21T12:00:04.452Z]   URL: https://www.linkedin.com/feed/update/urn:li:share:7452325279429103616/
[2026-04-21T12:00:04.452Z]   Waiting 5s for post propagation...
[2026-04-21T12:00:09.457Z]   Adding first comment as personal...
[2026-04-21T12:00:09.643Z] Comment API failed: 404 {"message":"Unable to obtain activity for urn: 'urn:li:share:7452325279429103616'","status":404}
[2026-04-21T12:00:09.643Z]   Retrying comment after 10s...
[2026-04-21T12:00:19.987Z]   First comment added successfully
[2026-04-21T12:00:19.990Z]   Updating Notion page 33d63851-9ab1-813e-9fc1-c4b14d8a5d2c...
[2026-04-21T12:00:20.542Z]   Notion updated: Status=POSTED, URL=https://www.linkedin.com/feed/update/urn:li:share:7452325279429103616/
[2026-04-21T12:00:20.542Z] 
Waiting 30s before next post...
[2026-04-21T12:00:50.548Z] 
─── Post 2/4: "Troubleshooting: Maximo 7.6 vs MAS — Your Rosetta Stone" ───
[2026-04-21T12:00:50.551Z]   Platform: LinkedIn Personal
[2026-04-21T12:00:50.551Z]   Posted By: Laxmi
[2026-04-21T12:00:50.551Z]   Resolved Targets: personal
[2026-04-21T12:00:50.551Z]   Post Type: Text+Image
[2026-04-21T12:00:50.551Z]   Image: posts/MAS-ADMIN/images/linkedin/mas-admin-07-troubleshooting-linkedin.png
[2026-04-21T12:00:50.551Z]   Hashtags: #IBMMaximo #MAS9 #Troubleshooting #Observability #MaximoXcellence...
[2026-04-21T12:00:50.552Z]   First Comment: yes
[2026-04-21T12:00:50.552Z]   Series: MAS Admin
[2026-04-21T12:00:50.552Z]   Publishing as personal (urn:li:person:hj5bWVNgmt)...
[2026-04-21T12:00:50.554Z]   Uploading image: /root/themaximoguys-blog/posts/MAS-ADMIN/images/linkedin/mas-admin-07-troubleshooting-linkedin.png
[2026-04-21T12:00:51.987Z]   Image uploaded: urn:li:image:D4E10AQE-9YWJDrTMRg
[2026-04-21T12:00:51.987Z]   Creating post...
[2026-04-21T12:00:52.384Z]   Post published: urn:li:share:7452325480889856000
[2026-04-21T12:00:52.384Z]   URL: https://www.linkedin.com/feed/update/urn:li:share:7452325480889856000/
[2026-04-21T12:00:52.384Z]   Waiting 5s for post propagation...
[2026-04-21T12:00:57.385Z]   Adding first comment as personal...
[2026-04-21T12:00:57.538Z] Comment API failed: 404 {"message":"Unable to obtain activity for urn: 'urn:li:share:7452325480889856000'","status":404}
[2026-04-21T12:00:57.538Z]   Retrying comment after 10s...
[2026-04-21T12:01:07.842Z]   First comment added successfully
[2026-04-21T12:01:07.842Z]   Updating Notion page 33663851-9ab1-81d2-887c-d18ae657caf4...
[2026-04-21T12:01:08.582Z]   Notion updated: Status=POSTED, URL=https://www.linkedin.com/feed/update/urn:li:share:7452325480889856000/
[2026-04-21T12:01:08.582Z] 
Waiting 30s before next post...
[2026-04-21T12:01:38.583Z] 
─── Post 3/4: "Part 22: Procurement, Contracts & Receiving" ───
[2026-04-21T12:01:38.583Z]   Platform: LinkedIn Company
[2026-04-21T12:01:38.583Z]   Posted By: Company Page
[2026-04-21T12:01:38.583Z]   Resolved Targets: company
[2026-04-21T12:01:38.583Z]   Post Type: Text+Image
[2026-04-21T12:01:38.583Z]   Image: /root/themaximoguys-blog/posts/MAS-FEATURES/images/mas-features-procurement-contracts-receiving.png
[2026-04-21T12:01:38.583Z]   Hashtags: #IBMMaximo #Procurement #SupplyChain #MAS9 #TheMaximoGuys...
[2026-04-21T12:01:38.583Z]   First Comment: yes
[2026-04-21T12:01:38.583Z]   Series: MAS Features
[2026-04-21T12:01:38.583Z]   Publishing as company (urn:li:organization:111960338)...
[2026-04-21T12:01:38.584Z]   Uploading image: /root/themaximoguys-blog/posts/MAS-FEATURES/images/mas-features-procurement-contracts-receiving.png
[2026-04-21T12:01:39.410Z]   Image uploaded: urn:li:image:D4E10AQEtXnzHxf5eJw
[2026-04-21T12:01:39.410Z]   Creating post...
[2026-04-21T12:01:39.809Z]   Post published: urn:li:share:7452325679716716545
[2026-04-21T12:01:39.810Z]   URL: https://www.linkedin.com/feed/update/urn:li:share:7452325679716716545/
[2026-04-21T12:01:39.810Z]   Waiting 5s for post propagation...
[2026-04-21T12:01:44.811Z]   Adding first comment as company...
[2026-04-21T12:01:44.967Z] Comment API failed: 404 {"message":"Unable to obtain activity for urn: 'urn:li:share:7452325679716716545'","status":404}
[2026-04-21T12:01:44.967Z]   Retrying comment after 10s...
[2026-04-21T12:01:55.303Z]   First comment added successfully
[2026-04-21T12:01:55.304Z]   Updating Notion page 33363851-9ab1-8105-b833-dc513294e92d...
[2026-04-21T12:01:55.905Z]   Notion updated: Status=POSTED, URL=https://www.linkedin.com/feed/update/urn:li:share:7452325679716716545/
[2026-04-21T12:01:55.905Z] 
Waiting 30s before next post...
[2026-04-21T12:02:25.906Z] 
─── Post 4/4: "Maximo API Collections (SketchNote)" ───
[2026-04-21T12:02:25.906Z]   Platform: LinkedIn Company
[2026-04-21T12:02:25.906Z]   Posted By: Surendra Katta
[2026-04-21T12:02:25.906Z]   Resolved Targets: personal
[2026-04-21T12:02:25.906Z]   Post Type: Text+Image
[2026-04-21T12:02:25.906Z]   Image: /root/themaximoguys-blog/SocialMedia/LinkedIn/Content/images/linkedin-infographic-tmg-maximo-api-collections-sketchnote.png
[2026-04-21T12:02:25.906Z]   Hashtags: #IBMMaximo #API #OpenSource #TheMaximoGuys...
[2026-04-21T12:02:25.906Z]   First Comment: yes
[2026-04-21T12:02:25.906Z]   Series: TMG Tools
[2026-04-21T12:02:25.906Z]   Publishing as personal (urn:li:person:hj5bWVNgmt)...
[2026-04-21T12:02:25.906Z]   Uploading image: /root/themaximoguys-blog/SocialMedia/LinkedIn/Content/images/linkedin-infographic-tmg-maximo-api-collections-sketchnote.png
[2026-04-21T12:02:26.644Z]   Image uploaded: urn:li:image:D4E10AQH1LfCfAcKAjA
[2026-04-21T12:02:26.644Z]   Creating post...
[2026-04-21T12:02:27.180Z]   Post published: urn:li:share:7452325878069489664
[2026-04-21T12:02:27.180Z]   URL: https://www.linkedin.com/feed/update/urn:li:share:7452325878069489664/
[2026-04-21T12:02:27.180Z]   Waiting 5s for post propagation...
[2026-04-21T12:02:32.181Z]   Adding first comment as personal...
[2026-04-21T12:02:32.502Z]   First comment added successfully
[2026-04-21T12:02:32.502Z]   Updating Notion page 33363851-9ab1-8182-9829-d41e465d4651...
[2026-04-21T12:02:32.840Z]   Notion updated: Status=POSTED, URL=https://www.linkedin.com/feed/update/urn:li:share:7452325878069489664/
[2026-04-21T12:02:32.841Z] 
═══════════════════════════════════════════════════════
[2026-04-21T12:02:32.841Z] SUMMARY: 4 published, 0 failed, 4 total
[2026-04-21T12:02:32.841Z] ═══════════════════════════════════════════════════════
