[2026-05-27T12:00:02.951Z] ═══════════════════════════════════════════════════════
[2026-05-27T12:00:02.958Z] LinkedIn Auto-Publisher — 2026-05-27
[2026-05-27T12:00:02.959Z] Mode: LIVE
[2026-05-27T12:00:02.959Z] ═══════════════════════════════════════════════════════
[2026-05-27T12:00:02.959Z] Querying Notion for scheduled posts...
[2026-05-27T12:00:03.825Z] Found 1 post(s) scheduled for today
[2026-05-27T12:00:03.826Z] 
─── Post 1/1: "Part 1: Introduction to IBM Maximo Monitor" ───
[2026-05-27T12:00:03.826Z]   Platform: LinkedIn Company
[2026-05-27T12:00:03.826Z]   Posted By: Company Page
[2026-05-27T12:00:03.826Z]   Resolved Targets: company
[2026-05-27T12:00:03.826Z]   Post Type: Text+Image
[2026-05-27T12:00:03.826Z]   Image: /root/themaximoguys-blog/posts/MAS-MONITOR/images/mas-monitor-01.png
[2026-05-27T12:00:03.826Z]   Hashtags: #IBMMaximo #MAS9 #MaximoMonitor #IIoT #PredictiveMaintenance...
[2026-05-27T12:00:03.826Z]   First Comment: yes
[2026-05-27T12:00:03.826Z]   Series: MAS Features
[2026-05-27T12:00:03.826Z]   Publishing as company (urn:li:organization:111960338)...
[2026-05-27T12:00:03.826Z]   Uploading image: /root/themaximoguys-blog/posts/MAS-MONITOR/images/mas-monitor-01.png
[2026-05-27T12:00:05.410Z]   Image uploaded: urn:li:image:D4E10AQFGqIpZ_5-SLg
[2026-05-27T12:00:05.410Z]   Creating post...
[2026-05-27T12:00:06.122Z]   Post published: urn:li:share:7465371249632903169
[2026-05-27T12:00:06.122Z]   URL: https://www.linkedin.com/feed/update/urn:li:share:7465371249632903169/
[2026-05-27T12:00:06.123Z]   Waiting 5s for post propagation...
[2026-05-27T12:00:11.128Z]   Adding first comment as company...
[2026-05-27T12:00:11.531Z]   First comment added successfully
[2026-05-27T12:00:11.531Z]   Updating Notion page 36063851-9ab1-8151-91e2-e03642b0540d...
[2026-05-27T12:00:13.487Z]   Notion updated: Status=POSTED, URL=https://www.linkedin.com/feed/update/urn:li:share:7465371249632903169/
[2026-05-27T12:00:13.487Z] 
═══════════════════════════════════════════════════════
[2026-05-27T12:00:13.487Z] SUMMARY: 1 published, 0 failed, 1 total
[2026-05-27T12:00:13.487Z] ═══════════════════════════════════════════════════════
