[2026-07-05T12:00:01.648Z] ═══════════════════════════════════════════════════════
[2026-07-05T12:00:01.651Z] LinkedIn Auto-Publisher — 2026-07-05
[2026-07-05T12:00:01.652Z] Mode: LIVE
[2026-07-05T12:00:01.652Z] ═══════════════════════════════════════════════════════
[2026-07-05T12:00:01.652Z] Querying Notion for scheduled posts...
[2026-07-05T12:00:03.257Z] Found 1 post(s) scheduled for today
[2026-07-05T12:00:03.257Z] 
─── Post 1/1: "Part 7: When Health Scores Create Work Orders" ───
[2026-07-05T12:00:03.257Z]   Platform: LinkedIn Personal
[2026-07-05T12:00:03.257Z]   Posted By: Surendra Katta
[2026-07-05T12:00:03.257Z]   Resolved Targets: personal
[2026-07-05T12:00:03.257Z]   Post Type: Text+Image
[2026-07-05T12:00:03.257Z]   Image: /root/themaximoguys-blog/SocialMedia/LinkedIn/Content/images/HMP/li-mas-health-07.png
[2026-07-05T12:00:03.257Z]   Hashtags: #IBMMaximo #MaximoHealth #AssetManagement #ReliabilityEngineering #MAS #TheMaxim...
[2026-07-05T12:00:03.257Z]   First Comment: yes
[2026-07-05T12:00:03.257Z]   Series: MAS Health
[2026-07-05T12:00:03.258Z]   Publishing as personal (urn:li:person:hj5bWVNgmt)...
[2026-07-05T12:00:03.258Z]   Uploading image: /root/themaximoguys-blog/SocialMedia/LinkedIn/Content/images/HMP/li-mas-health-07.png
[2026-07-05T12:00:04.915Z]   Image uploaded: urn:li:image:D5610AQE3NR-iyhV_zQ
[2026-07-05T12:00:04.916Z]   Creating post...
[2026-07-05T12:00:05.422Z]   Post published: urn:li:share:7479504373664886784
[2026-07-05T12:00:05.423Z]   URL: https://www.linkedin.com/feed/update/urn:li:share:7479504373664886784/
[2026-07-05T12:00:05.423Z]   Waiting 5s for post propagation...
[2026-07-05T12:00:10.425Z]   Adding first comment as personal...
[2026-07-05T12:00:10.653Z] Comment API failed: 404 {"message":"Unable to obtain activity for urn: 'urn:li:share:7479504373664886784'","status":404}
[2026-07-05T12:00:10.653Z]   Retrying comment after 10s...
[2026-07-05T12:00:20.971Z]   First comment added successfully
[2026-07-05T12:00:20.971Z]   Updating Notion page 38263851-9ab1-8132-93b4-cc94b06dced6...
[2026-07-05T12:00:22.047Z]   Notion updated: Status=POSTED, URL=https://www.linkedin.com/feed/update/urn:li:share:7479504373664886784/
[2026-07-05T12:00:22.047Z] 
═══════════════════════════════════════════════════════
[2026-07-05T12:00:22.047Z] SUMMARY: 1 published, 0 failed, 1 total
[2026-07-05T12:00:22.048Z] ═══════════════════════════════════════════════════════
