[2026-04-15T12:00:01.185Z] ═══════════════════════════════════════════════════════
[2026-04-15T12:00:01.190Z] LinkedIn Auto-Publisher — 2026-04-15
[2026-04-15T12:00:01.190Z] Mode: LIVE
[2026-04-15T12:00:01.190Z] ═══════════════════════════════════════════════════════
[2026-04-15T12:00:01.190Z] Querying Notion for scheduled posts...
[2026-04-15T12:00:02.905Z] Found 2 post(s) scheduled for today
[2026-04-15T12:00:02.905Z] 
─── Post 1/2: "Dev Mindset 3: Beyond MIF" ───
[2026-04-15T12:00:02.905Z]   Platform: Both
[2026-04-15T12:00:02.905Z]   Posted By: Surendra Katta
[2026-04-15T12:00:02.905Z]   Post Type: Text+Image
[2026-04-15T12:00:02.905Z]   Image: /root/themaximoguys-blog/SocialMedia/LinkedIn/Content/images/linkedin-infographic-think-mas-dev-mindset-03.png
[2026-04-15T12:00:02.906Z]   Hashtags: #Maximo #MAS9 #EventDrivenArchitecture #IntegrationModernization #Kafka...
[2026-04-15T12:00:02.906Z]   First Comment: yes
[2026-04-15T12:00:02.906Z]   Series: Think MAS
[2026-04-15T12:00:02.908Z]   Publishing as company (urn:li:organization:111960338)...
[2026-04-15T12:00:02.909Z]   Uploading image: /root/themaximoguys-blog/SocialMedia/LinkedIn/Content/images/linkedin-infographic-think-mas-dev-mindset-03.png
[2026-04-15T12:00:04.281Z]   Image uploaded: urn:li:image:D4E10AQHxnIr3n3V4ow
[2026-04-15T12:00:04.282Z]   Creating post...
[2026-04-15T12:00:04.618Z]   Post published: urn:li:share:7450150953380364289
[2026-04-15T12:00:04.618Z]   URL: https://www.linkedin.com/feed/update/urn:li:share:7450150953380364289/
[2026-04-15T12:00:04.618Z]   Waiting 5s for post propagation...
[2026-04-15T12:00:09.627Z]   Adding first comment as company...
[2026-04-15T12:00:09.917Z]   First comment added successfully
[2026-04-15T12:00:09.918Z]   Waiting 30s before personal publish...
[2026-04-15T12:00:39.919Z]   Publishing as personal (urn:li:person:hj5bWVNgmt)...
[2026-04-15T12:00:39.919Z]   Uploading image: /root/themaximoguys-blog/SocialMedia/LinkedIn/Content/images/linkedin-infographic-think-mas-dev-mindset-03.png
[2026-04-15T12:00:40.793Z]   Image uploaded: urn:li:image:D4E10AQGpNsMsC4ftNQ
[2026-04-15T12:00:40.794Z]   Creating post...
[2026-04-15T12:00:41.109Z]   Post published: urn:li:share:7450151106569031682
[2026-04-15T12:00:41.109Z]   URL: https://www.linkedin.com/feed/update/urn:li:share:7450151106569031682/
[2026-04-15T12:00:41.109Z]   Waiting 5s for post propagation...
[2026-04-15T12:00:46.111Z]   Adding first comment as personal...
[2026-04-15T12:00:46.573Z]   First comment added successfully
[2026-04-15T12:00:46.573Z]   Updating Notion page 33d63851-9ab1-8187-b29a-df48fcae5a1e...
[2026-04-15T12:00:47.616Z]   Notion updated: Status=POSTED, URL=https://www.linkedin.com/feed/update/urn:li:share:7450150953380364289/
[2026-04-15T12:00:47.617Z] 
Waiting 30s before next post...
[2026-04-15T12:01:17.618Z] 
─── Post 2/2: "Part 16: Licensing — Free vs Paid" ───
[2026-04-15T12:01:17.618Z]   Platform: LinkedIn Company
[2026-04-15T12:01:17.618Z]   Posted By: Company Page
[2026-04-15T12:01:17.618Z]   Post Type: Text+Image
[2026-04-15T12:01:17.618Z]   Image: /root/themaximoguys-blog/posts/MAS-FEATURES/images/mas-features-licensing-free-paid.png
[2026-04-15T12:01:17.618Z]   Hashtags: #IBMMaximo #Licensing #CostOptimization #MAS9 #TheMaximoGuys...
[2026-04-15T12:01:17.618Z]   First Comment: yes
[2026-04-15T12:01:17.618Z]   Series: MAS Features
[2026-04-15T12:01:17.619Z]   Publishing as company (urn:li:organization:111960338)...
[2026-04-15T12:01:17.619Z]   Uploading image: /root/themaximoguys-blog/posts/MAS-FEATURES/images/mas-features-licensing-free-paid.png
[2026-04-15T12:01:18.381Z]   Image uploaded: urn:li:image:D4E10AQHqX3Uvvx9sOQ
[2026-04-15T12:01:18.381Z]   Creating post...
[2026-04-15T12:01:18.721Z]   Post published: urn:li:share:7450151264207843328
[2026-04-15T12:01:18.721Z]   URL: https://www.linkedin.com/feed/update/urn:li:share:7450151264207843328/
[2026-04-15T12:01:18.721Z]   Waiting 5s for post propagation...
[2026-04-15T12:01:23.723Z]   Adding first comment as company...
[2026-04-15T12:01:23.907Z] Comment API failed: 404 {"message":"Unable to obtain activity for urn: 'urn:li:share:7450151264207843328'","status":404}
[2026-04-15T12:01:23.907Z]   Retrying comment after 10s...
[2026-04-15T12:01:34.186Z]   First comment added successfully
[2026-04-15T12:01:34.186Z]   Updating Notion page 33363851-9ab1-81ca-bc5e-e05ca7e16bfb...
[2026-04-15T12:01:34.962Z]   Notion updated: Status=POSTED, URL=https://www.linkedin.com/feed/update/urn:li:share:7450151264207843328/
[2026-04-15T12:01:34.962Z] 
═══════════════════════════════════════════════════════
[2026-04-15T12:01:34.962Z] SUMMARY: 2 published, 0 failed, 2 total
[2026-04-15T12:01:34.962Z] ═══════════════════════════════════════════════════════
