[2026-04-18T12:00:02.003Z] ═══════════════════════════════════════════════════════
[2026-04-18T12:00:02.011Z] LinkedIn Auto-Publisher — 2026-04-18
[2026-04-18T12:00:02.011Z] Mode: LIVE
[2026-04-18T12:00:02.011Z] ═══════════════════════════════════════════════════════
[2026-04-18T12:00:02.011Z] Querying Notion for scheduled posts...
[2026-04-18T12:00:05.189Z] Found 2 post(s) scheduled for today
[2026-04-18T12:00:05.190Z] 
─── Post 1/2: "Think MAS 2: Architecture Deep Dive" ───
[2026-04-18T12:00:05.190Z]   Platform: Both
[2026-04-18T12:00:05.190Z]   Posted By: Surendra Katta
[2026-04-18T12:00:05.190Z]   Resolved Targets: personal
[2026-04-18T12:00:05.190Z]   Post Type: Text+Image
[2026-04-18T12:00:05.190Z]   Image: /root/themaximoguys-blog/SocialMedia/LinkedIn/Content/images/linkedin-infographic-think-mas-02.png
[2026-04-18T12:00:05.190Z]   Hashtags: #Maximo #MAS9 #OpenShift #AssetManagement #CloudNative...
[2026-04-18T12:00:05.190Z]   First Comment: yes
[2026-04-18T12:00:05.190Z]   Series: Think MAS
[2026-04-18T12:00:05.190Z]   Publishing as personal (urn:li:person:hj5bWVNgmt)...
[2026-04-18T12:00:05.191Z]   Uploading image: /root/themaximoguys-blog/SocialMedia/LinkedIn/Content/images/linkedin-infographic-think-mas-02.png
[2026-04-18T12:00:06.371Z]   Image uploaded: urn:li:image:D4E10AQGPdbgUb5_5YQ
[2026-04-18T12:00:06.371Z]   Creating post...
[2026-04-18T12:00:06.808Z]   Post published: urn:li:share:7451238125965733889
[2026-04-18T12:00:06.808Z]   URL: https://www.linkedin.com/feed/update/urn:li:share:7451238125965733889/
[2026-04-18T12:00:06.808Z]   Waiting 5s for post propagation...
[2026-04-18T12:00:11.813Z]   Adding first comment as personal...
[2026-04-18T12:00:11.969Z] Comment API failed: 404 {"message":"Unable to obtain activity for urn: 'urn:li:share:7451238125965733889'","status":404}
[2026-04-18T12:00:11.969Z]   Retrying comment after 10s...
[2026-04-18T12:00:22.255Z]   First comment added successfully
[2026-04-18T12:00:22.255Z]   Updating Notion page 33d63851-9ab1-8117-bd0f-d9d01d25eede...
[2026-04-18T12:00:23.250Z]   Notion updated: Status=POSTED, URL=https://www.linkedin.com/feed/update/urn:li:share:7451238125965733889/
[2026-04-18T12:00:23.250Z] 
Waiting 30s before next post...
[2026-04-18T12:00:53.250Z] 
─── Post 2/2: "Part 19: Renewables, TRIRIGA & New Products" ───
[2026-04-18T12:00:53.251Z]   Platform: LinkedIn Company
[2026-04-18T12:00:53.251Z]   Posted By: Company Page
[2026-04-18T12:00:53.251Z]   Resolved Targets: company
[2026-04-18T12:00:53.251Z]   Post Type: Text+Image
[2026-04-18T12:00:53.251Z]   Image: /root/themaximoguys-blog/posts/MAS-FEATURES/images/mas-features-renewables-tririga-new.png
[2026-04-18T12:00:53.251Z]   Hashtags: #IBMMaximo #Renewables #TRIRIGA #MAS9 #TheMaximoGuys...
[2026-04-18T12:00:53.251Z]   First Comment: yes
[2026-04-18T12:00:53.251Z]   Series: MAS Features
[2026-04-18T12:00:53.251Z]   Publishing as company (urn:li:organization:111960338)...
[2026-04-18T12:00:53.251Z]   Uploading image: /root/themaximoguys-blog/posts/MAS-FEATURES/images/mas-features-renewables-tririga-new.png
[2026-04-18T12:00:54.020Z]   Image uploaded: urn:li:image:D4E10AQFvCipeVMnSTQ
[2026-04-18T12:00:54.021Z]   Creating post...
[2026-04-18T12:00:54.383Z]   Post published: urn:li:share:7451238325597868032
[2026-04-18T12:00:54.383Z]   URL: https://www.linkedin.com/feed/update/urn:li:share:7451238325597868032/
[2026-04-18T12:00:54.383Z]   Waiting 5s for post propagation...
[2026-04-18T12:00:59.385Z]   Adding first comment as company...
[2026-04-18T12:00:59.649Z]   First comment added successfully
[2026-04-18T12:00:59.649Z]   Updating Notion page 33363851-9ab1-8118-9603-cdf53eb69fe0...
[2026-04-18T12:01:00.164Z]   Notion updated: Status=POSTED, URL=https://www.linkedin.com/feed/update/urn:li:share:7451238325597868032/
[2026-04-18T12:01:00.164Z] 
═══════════════════════════════════════════════════════
[2026-04-18T12:01:00.164Z] SUMMARY: 2 published, 0 failed, 2 total
[2026-04-18T12:01:00.165Z] ═══════════════════════════════════════════════════════
