[2026-07-10T12:00:03.900Z] ═══════════════════════════════════════════════════════
[2026-07-10T12:00:03.920Z] LinkedIn Auto-Publisher — 2026-07-10
[2026-07-10T12:00:03.920Z] Mode: LIVE
[2026-07-10T12:00:03.920Z] ═══════════════════════════════════════════════════════
[2026-07-10T12:00:03.920Z] Querying Notion for scheduled posts...
[2026-07-10T12:00:05.285Z] Found 2 post(s) scheduled for today
[2026-07-10T12:00:05.285Z] 
─── Post 1/2: "Part 8: Making Maximo Predict Actually Stick" ───
[2026-07-10T12:00:05.286Z]   Platform: LinkedIn Personal
[2026-07-10T12:00:05.286Z]   Posted By: Surendra Katta
[2026-07-10T12:00:05.286Z]   Resolved Targets: personal
[2026-07-10T12:00:05.286Z]   Post Type: Text+Image
[2026-07-10T12:00:05.286Z]   Image: /root/themaximoguys-blog/SocialMedia/LinkedIn/Content/images/HMP/li-mas-predict-08.png
[2026-07-10T12:00:05.286Z]   Hashtags: #Maximo #PredictiveMaintenance #AssetManagement #ChangeManagement #ReliabilityEn...
[2026-07-10T12:00:05.286Z]   First Comment: yes
[2026-07-10T12:00:05.286Z]   Series: MAS Predict
[2026-07-10T12:00:05.286Z]   Publishing as personal (urn:li:person:hj5bWVNgmt)...
[2026-07-10T12:00:05.295Z]   Uploading image: /root/themaximoguys-blog/SocialMedia/LinkedIn/Content/images/HMP/li-mas-predict-08.png
[2026-07-10T12:00:06.340Z]   Image uploaded: urn:li:image:D5610AQHGbwsY1rwuNw
[2026-07-10T12:00:06.341Z]   Creating post...
[2026-07-10T12:00:06.764Z]   Post published: urn:li:share:7481316318621614080
[2026-07-10T12:00:06.764Z]   URL: https://www.linkedin.com/feed/update/urn:li:share:7481316318621614080/
[2026-07-10T12:00:06.764Z]   Waiting 5s for post propagation...
[2026-07-10T12:00:11.765Z]   Adding first comment as personal...
[2026-07-10T12:00:12.022Z] Comment API failed: 404 {"message":"Unable to obtain activity for urn: 'urn:li:share:7481316318621614080'","status":404}
[2026-07-10T12:00:12.022Z]   Retrying comment after 10s...
[2026-07-10T12:00:22.364Z]   First comment added successfully
[2026-07-10T12:00:22.364Z]   Updating Notion page 38263851-9ab1-81e7-8de9-e6b196a0b394...
[2026-07-10T12:00:22.920Z]   Notion updated: Status=POSTED, URL=https://www.linkedin.com/feed/update/urn:li:share:7481316318621614080/
[2026-07-10T12:00:22.920Z] 
Waiting 30s before next post...
[2026-07-10T12:00:52.921Z] 
─── Post 2/2: "Part 6: Dashboards, KPIs, and Portfolio Views" ───
[2026-07-10T12:00:52.921Z]   Platform: LinkedIn Company
[2026-07-10T12:00:52.921Z]   Posted By: Company Page
[2026-07-10T12:00:52.921Z]   Resolved Targets: company
[2026-07-10T12:00:52.922Z]   Post Type: Text+Image
[2026-07-10T12:00:52.922Z]   Image: /root/themaximoguys-blog/posts/MAS-HEALTH/images/mas-health-06.png
[2026-07-10T12:00:52.922Z]   Hashtags: #IBMMaximo #MAS9 #AssetHealth #AssetPerformance #MASHealth...
[2026-07-10T12:00:52.922Z]   First Comment: yes
[2026-07-10T12:00:52.922Z]   Series: MAS Features
[2026-07-10T12:00:52.922Z]   Publishing as company (urn:li:organization:111960338)...
[2026-07-10T12:00:52.922Z]   Uploading image: /root/themaximoguys-blog/posts/MAS-HEALTH/images/mas-health-06.png
[2026-07-10T12:00:53.910Z]   Image uploaded: urn:li:image:D5610AQE-Lxm8iWN3xg
[2026-07-10T12:00:53.910Z]   Creating post...
[2026-07-10T12:00:54.343Z]   Post published: urn:li:share:7481316518169952256
[2026-07-10T12:00:54.343Z]   URL: https://www.linkedin.com/feed/update/urn:li:share:7481316518169952256/
[2026-07-10T12:00:54.343Z]   Waiting 5s for post propagation...
[2026-07-10T12:00:59.348Z]   Adding first comment as company...
[2026-07-10T12:00:59.539Z] Comment API failed: 404 {"message":"Unable to obtain activity for urn: 'urn:li:share:7481316518169952256'","status":404}
[2026-07-10T12:00:59.540Z]   Retrying comment after 10s...
[2026-07-10T12:01:09.962Z]   First comment added successfully
[2026-07-10T12:01:09.962Z]   Updating Notion page 36063851-9ab1-81d8-8bd1-dec332814f68...
[2026-07-10T12:01:10.439Z]   Notion updated: Status=POSTED, URL=https://www.linkedin.com/feed/update/urn:li:share:7481316518169952256/
[2026-07-10T12:01:10.439Z] 
═══════════════════════════════════════════════════════
[2026-07-10T12:01:10.439Z] SUMMARY: 2 published, 0 failed, 2 total
[2026-07-10T12:01:10.439Z] ═══════════════════════════════════════════════════════
