[2026-04-28T12:00:02.364Z] ═══════════════════════════════════════════════════════
[2026-04-28T12:00:02.377Z] LinkedIn Auto-Publisher — 2026-04-28
[2026-04-28T12:00:02.377Z] Mode: LIVE
[2026-04-28T12:00:02.377Z] ═══════════════════════════════════════════════════════
[2026-04-28T12:00:02.377Z] Querying Notion for scheduled posts...
[2026-04-28T12:00:04.214Z] Found 1 post(s) scheduled for today
[2026-04-28T12:00:04.214Z] 
─── Post 1/1: "Think MAS 12: Future of Maximo" ───
[2026-04-28T12:00:04.214Z]   Platform: Both
[2026-04-28T12:00:04.214Z]   Posted By: Surendra Katta
[2026-04-28T12:00:04.214Z]   Resolved Targets: personal
[2026-04-28T12:00:04.214Z]   Post Type: Text+Image
[2026-04-28T12:00:04.214Z]   Image: /root/themaximoguys-blog/SocialMedia/LinkedIn/Content/images/linkedin-infographic-think-mas-12.png
[2026-04-28T12:00:04.214Z]   Hashtags: #Maximo #AssetManagement #DigitalTransformation #AI #EAM...
[2026-04-28T12:00:04.214Z]   First Comment: yes
[2026-04-28T12:00:04.214Z]   Series: Think MAS
[2026-04-28T12:00:04.214Z]   Publishing as personal (urn:li:person:hj5bWVNgmt)...
[2026-04-28T12:00:04.216Z]   Uploading image: /root/themaximoguys-blog/SocialMedia/LinkedIn/Content/images/linkedin-infographic-think-mas-12.png
[2026-04-28T12:00:05.658Z]   Image uploaded: urn:li:image:D4E10AQGb5pVgprURSw
[2026-04-28T12:00:05.659Z]   Creating post...
[2026-04-28T12:00:06.027Z]   Post published: urn:li:share:7454862001425805312
[2026-04-28T12:00:06.027Z]   URL: https://www.linkedin.com/feed/update/urn:li:share:7454862001425805312/
[2026-04-28T12:00:06.029Z]   Waiting 5s for post propagation...
[2026-04-28T12:00:11.034Z]   Adding first comment as personal...
[2026-04-28T12:00:11.184Z] Comment API failed: 404 {"message":"Unable to obtain activity for urn: 'urn:li:share:7454862001425805312'","status":404}
[2026-04-28T12:00:11.184Z]   Retrying comment after 10s...
[2026-04-28T12:00:21.477Z]   First comment added successfully
[2026-04-28T12:00:21.478Z]   Updating Notion page 33d63851-9ab1-81ea-9114-d017ff2b3c0c...
[2026-04-28T12:00:21.989Z]   Notion updated: Status=POSTED, URL=https://www.linkedin.com/feed/update/urn:li:share:7454862001425805312/
[2026-04-28T12:00:21.989Z] 
═══════════════════════════════════════════════════════
[2026-04-28T12:00:21.989Z] SUMMARY: 1 published, 0 failed, 1 total
[2026-04-28T12:00:21.989Z] ═══════════════════════════════════════════════════════
