[2026-04-23T12:00:01.762Z] ═══════════════════════════════════════════════════════
[2026-04-23T12:00:01.784Z] LinkedIn Auto-Publisher — 2026-04-23
[2026-04-23T12:00:01.785Z] Mode: LIVE
[2026-04-23T12:00:01.785Z] ═══════════════════════════════════════════════════════
[2026-04-23T12:00:01.785Z] Querying Notion for scheduled posts...
[2026-04-23T12:00:04.774Z] Found 2 post(s) scheduled for today
[2026-04-23T12:00:04.775Z] 
─── Post 1/2: "Think MAS 7: Modern Mobile" ───
[2026-04-23T12:00:04.775Z]   Platform: Both
[2026-04-23T12:00:04.775Z]   Posted By: Surendra Katta
[2026-04-23T12:00:04.775Z]   Resolved Targets: personal
[2026-04-23T12:00:04.775Z]   Post Type: Text+Image
[2026-04-23T12:00:04.775Z]   Image: /root/themaximoguys-blog/SocialMedia/LinkedIn/Content/images/linkedin-infographic-think-mas-07.png
[2026-04-23T12:00:04.775Z]   Hashtags: #MaximoMobile #AssetManagement #MobileEAM #FieldOperations #DigitalTransformatio...
[2026-04-23T12:00:04.775Z]   First Comment: yes
[2026-04-23T12:00:04.775Z]   Series: Think MAS
[2026-04-23T12:00:04.775Z]   Publishing as personal (urn:li:person:hj5bWVNgmt)...
[2026-04-23T12:00:04.776Z]   Uploading image: /root/themaximoguys-blog/SocialMedia/LinkedIn/Content/images/linkedin-infographic-think-mas-07.png
[2026-04-23T12:00:05.977Z]   Image uploaded: urn:li:image:D4E10AQF-OXztGkX7fw
[2026-04-23T12:00:05.977Z]   Creating post...
[2026-04-23T12:00:06.346Z]   Post published: urn:li:share:7453050063368609792
[2026-04-23T12:00:06.346Z]   URL: https://www.linkedin.com/feed/update/urn:li:share:7453050063368609792/
[2026-04-23T12:00:06.347Z]   Waiting 5s for post propagation...
[2026-04-23T12:00:11.352Z]   Adding first comment as personal...
[2026-04-23T12:00:11.486Z] Comment API failed: 404 {"message":"Unable to obtain activity for urn: 'urn:li:share:7453050063368609792'","status":404}
[2026-04-23T12:00:11.487Z]   Retrying comment after 10s...
[2026-04-23T12:00:21.759Z]   First comment added successfully
[2026-04-23T12:00:21.759Z]   Updating Notion page 33d63851-9ab1-8141-a2e4-d8bf9d606430...
[2026-04-23T12:00:22.434Z]   Notion updated: Status=POSTED, URL=https://www.linkedin.com/feed/update/urn:li:share:7453050063368609792/
[2026-04-23T12:00:22.434Z] 
Waiting 30s before next post...
[2026-04-23T12:00:52.434Z] 
─── Post 2/2: "Part 24: AI-Powered Supply Chain Pipeline" ───
[2026-04-23T12:00:52.434Z]   Platform: LinkedIn Company
[2026-04-23T12:00:52.434Z]   Posted By: Company Page
[2026-04-23T12:00:52.434Z]   Resolved Targets: company
[2026-04-23T12:00:52.438Z]   Post Type: Text+Image
[2026-04-23T12:00:52.438Z]   Image: /root/themaximoguys-blog/posts/MAS-FEATURES/images/mas-features-ai-supply-chain-pipeline.png
[2026-04-23T12:00:52.438Z]   Hashtags: #IBMMaximo #AISupplyChain #PredictiveMaintenance #MAS9 #TheMaximoGuys...
[2026-04-23T12:00:52.438Z]   First Comment: yes
[2026-04-23T12:00:52.438Z]   Series: MAS Features
[2026-04-23T12:00:52.438Z]   Publishing as company (urn:li:organization:111960338)...
[2026-04-23T12:00:52.438Z]   Uploading image: /root/themaximoguys-blog/posts/MAS-FEATURES/images/mas-features-ai-supply-chain-pipeline.png
[2026-04-23T12:00:53.736Z]   Image uploaded: urn:li:image:D4E10AQEORYLN-16VWA
[2026-04-23T12:00:53.737Z]   Creating post...
[2026-04-23T12:00:54.055Z]   Post published: urn:li:share:7453050263709519872
[2026-04-23T12:00:54.055Z]   URL: https://www.linkedin.com/feed/update/urn:li:share:7453050263709519872/
[2026-04-23T12:00:54.055Z]   Waiting 5s for post propagation...
[2026-04-23T12:00:59.060Z]   Adding first comment as company...
[2026-04-23T12:00:59.315Z]   First comment added successfully
[2026-04-23T12:00:59.315Z]   Updating Notion page 33363851-9ab1-8115-84e9-d3b33be3dae0...
[2026-04-23T12:01:00.357Z]   Notion updated: Status=POSTED, URL=https://www.linkedin.com/feed/update/urn:li:share:7453050263709519872/
[2026-04-23T12:01:00.357Z] 
═══════════════════════════════════════════════════════
[2026-04-23T12:01:00.357Z] SUMMARY: 2 published, 0 failed, 2 total
[2026-04-23T12:01:00.357Z] ═══════════════════════════════════════════════════════
