[2026-06-26T12:00:01.902Z] ═══════════════════════════════════════════════════════
[2026-06-26T12:00:01.911Z] LinkedIn Auto-Publisher — 2026-06-26
[2026-06-26T12:00:01.911Z] Mode: LIVE
[2026-06-26T12:00:01.911Z] ═══════════════════════════════════════════════════════
[2026-06-26T12:00:01.911Z] Querying Notion for scheduled posts...
[2026-06-26T12:00:03.331Z] Found 2 post(s) scheduled for today
[2026-06-26T12:00:03.333Z] 
─── Post 1/2: "Part 4: Configuring Health Scores & Criticality" ───
[2026-06-26T12:00:03.333Z]   Platform: LinkedIn Personal
[2026-06-26T12:00:03.333Z]   Posted By: Surendra Katta
[2026-06-26T12:00:03.333Z]   Resolved Targets: personal
[2026-06-26T12:00:03.333Z]   Post Type: Text+Image
[2026-06-26T12:00:03.333Z]   Image: /root/themaximoguys-blog/SocialMedia/LinkedIn/Content/images/HMP/li-mas-health-04.png
[2026-06-26T12:00:03.333Z]   Hashtags: #IBMMaximo #MaximoHealth #AssetManagement #MAS #ReliabilityEngineering #TheMaxim...
[2026-06-26T12:00:03.334Z]   First Comment: yes
[2026-06-26T12:00:03.334Z]   Series: MAS Health
[2026-06-26T12:00:03.336Z]   Publishing as personal (urn:li:person:hj5bWVNgmt)...
[2026-06-26T12:00:03.336Z]   Uploading image: /root/themaximoguys-blog/SocialMedia/LinkedIn/Content/images/HMP/li-mas-health-04.png
[2026-06-26T12:00:04.546Z]   Image uploaded: urn:li:image:D4E10AQFOfy81_r4Y1w
[2026-06-26T12:00:04.546Z]   Creating post...
[2026-06-26T12:00:04.965Z]   Post published: urn:li:share:7476242880832135168
[2026-06-26T12:00:04.966Z]   URL: https://www.linkedin.com/feed/update/urn:li:share:7476242880832135168/
[2026-06-26T12:00:04.967Z]   Waiting 5s for post propagation...
[2026-06-26T12:00:09.972Z]   Adding first comment as personal...
[2026-06-26T12:00:10.150Z] Comment API failed: 404 {"message":"Unable to obtain activity for urn: 'urn:li:share:7476242880832135168'","status":404}
[2026-06-26T12:00:10.150Z]   Retrying comment after 10s...
[2026-06-26T12:00:20.581Z]   First comment added successfully
[2026-06-26T12:00:20.581Z]   Updating Notion page 38263851-9ab1-81d2-8741-f1864b0e56e1...
[2026-06-26T12:00:21.331Z]   Notion updated: Status=POSTED, URL=https://www.linkedin.com/feed/update/urn:li:share:7476242880832135168/
[2026-06-26T12:00:21.331Z] 
Waiting 30s before next post...
[2026-06-26T12:00:51.332Z] 
─── Post 2/2: "Part 4: Building and Training Predictive Models" ───
[2026-06-26T12:00:51.333Z]   Platform: LinkedIn Company
[2026-06-26T12:00:51.333Z]   Posted By: Company Page
[2026-06-26T12:00:51.333Z]   Resolved Targets: company
[2026-06-26T12:00:51.334Z]   Post Type: Text+Image
[2026-06-26T12:00:51.335Z]   Image: /root/themaximoguys-blog/posts/MAS-PREDICT/images/mas-predict-04.png
[2026-06-26T12:00:51.335Z]   Hashtags: #IBMMaximo #MAS9 #MachineLearning #PredictiveAnalytics #FailurePrediction...
[2026-06-26T12:00:51.335Z]   First Comment: yes
[2026-06-26T12:00:51.335Z]   Series: MAS Features
[2026-06-26T12:00:51.335Z]   Publishing as company (urn:li:organization:111960338)...
[2026-06-26T12:00:51.336Z]   Uploading image: /root/themaximoguys-blog/posts/MAS-PREDICT/images/mas-predict-04.png
[2026-06-26T12:00:52.428Z]   Image uploaded: urn:li:image:D4E10AQH35aozi4P_Sg
[2026-06-26T12:00:52.428Z]   Creating post...
[2026-06-26T12:00:52.906Z]   Post published: urn:li:share:7476243082049523715
[2026-06-26T12:00:52.906Z]   URL: https://www.linkedin.com/feed/update/urn:li:share:7476243082049523715/
[2026-06-26T12:00:52.906Z]   Waiting 5s for post propagation...
[2026-06-26T12:00:57.909Z]   Adding first comment as company...
[2026-06-26T12:00:58.114Z] Comment API failed: 404 {"message":"Unable to obtain activity for urn: 'urn:li:share:7476243082049523715'","status":404}
[2026-06-26T12:00:58.114Z]   Retrying comment after 10s...
[2026-06-26T12:01:08.622Z]   First comment added successfully
[2026-06-26T12:01:08.623Z]   Updating Notion page 36063851-9ab1-81a1-a28b-f3743de471df...
[2026-06-26T12:01:09.165Z]   Notion updated: Status=POSTED, URL=https://www.linkedin.com/feed/update/urn:li:share:7476243082049523715/
[2026-06-26T12:01:09.166Z] 
═══════════════════════════════════════════════════════
[2026-06-26T12:01:09.166Z] SUMMARY: 2 published, 0 failed, 2 total
[2026-06-26T12:01:09.166Z] ═══════════════════════════════════════════════════════
