[2026-07-13T12:00:01.981Z] ═══════════════════════════════════════════════════════
[2026-07-13T12:00:01.993Z] LinkedIn Auto-Publisher — 2026-07-13
[2026-07-13T12:00:01.993Z] Mode: LIVE
[2026-07-13T12:00:01.993Z] ═══════════════════════════════════════════════════════
[2026-07-13T12:00:01.993Z] Querying Notion for scheduled posts...
[2026-07-13T12:00:03.049Z] Found 1 post(s) scheduled for today
[2026-07-13T12:00:03.049Z] 
─── Post 1/1: "Part 6: Alerts and Automation" ───
[2026-07-13T12:00:03.052Z]   Platform: LinkedIn Company
[2026-07-13T12:00:03.052Z]   Posted By: Company Page
[2026-07-13T12:00:03.052Z]   Resolved Targets: company
[2026-07-13T12:00:03.052Z]   Post Type: Text+Image
[2026-07-13T12:00:03.052Z]   Image: /root/themaximoguys-blog/posts/MAS-MONITOR/images/mas-monitor-06.png
[2026-07-13T12:00:03.052Z]   Hashtags: #IBMMaximo #MAS9 #MaximoMonitor #PredictiveMaintenance #AssetMonitoring...
[2026-07-13T12:00:03.052Z]   First Comment: yes
[2026-07-13T12:00:03.052Z]   Series: MAS Features
[2026-07-13T12:00:03.052Z]   Publishing as company (urn:li:organization:111960338)...
[2026-07-13T12:00:03.053Z]   Uploading image: /root/themaximoguys-blog/posts/MAS-MONITOR/images/mas-monitor-06.png
[2026-07-13T12:00:04.941Z]   Image uploaded: urn:li:image:D5610AQHyo886rOnrrQ
[2026-07-13T12:00:04.941Z]   Creating post...
[2026-07-13T12:00:05.374Z]   Post published: urn:li:share:7482403476359049216
[2026-07-13T12:00:05.374Z]   URL: https://www.linkedin.com/feed/update/urn:li:share:7482403476359049216/
[2026-07-13T12:00:05.374Z]   Waiting 5s for post propagation...
[2026-07-13T12:00:10.376Z]   Adding first comment as company...
[2026-07-13T12:00:10.709Z]   First comment added successfully
[2026-07-13T12:00:10.709Z]   Updating Notion page 36063851-9ab1-8197-a628-cff08ca1a41e...
[2026-07-13T12:00:11.277Z]   Notion updated: Status=POSTED, URL=https://www.linkedin.com/feed/update/urn:li:share:7482403476359049216/
[2026-07-13T12:00:11.277Z] 
═══════════════════════════════════════════════════════
[2026-07-13T12:00:11.277Z] SUMMARY: 1 published, 0 failed, 1 total
[2026-07-13T12:00:11.277Z] ═══════════════════════════════════════════════════════
