[2026-04-03T12:00:02.092Z] ═══════════════════════════════════════════════════════
[2026-04-03T12:00:02.099Z] LinkedIn Auto-Publisher — 2026-04-03
[2026-04-03T12:00:02.099Z] Mode: LIVE
[2026-04-03T12:00:02.100Z] ═══════════════════════════════════════════════════════
[2026-04-03T12:00:02.100Z] Querying Notion for scheduled posts...
[2026-04-03T12:00:03.235Z] Found 1 post(s) scheduled for today
[2026-04-03T12:00:03.237Z] 
─── Post 1/1: "Part 4: Operational Dashboards & Scheduling" ───
[2026-04-03T12:00:03.237Z]   Platform: LinkedIn Company
[2026-04-03T12:00:03.237Z]   Posted By: Company Page
[2026-04-03T12:00:03.237Z]   Post Type: Text+Image
[2026-04-03T12:00:03.237Z]   Image: /root/themaximoguys-blog/SocialMedia/LinkedIn/Content/images/linkedin-infographic-04-dashboard-scheduling.png
[2026-04-03T12:00:03.237Z]   Hashtags: #IBMMaximo #MAS9 #Scheduling #MaintenanceManagement #TheMaximoGuys...
[2026-04-03T12:00:03.237Z]   First Comment: yes
[2026-04-03T12:00:03.237Z]   Series: MAS Features
[2026-04-03T12:00:03.239Z]   Publishing as company (urn:li:organization:111960338)...
[2026-04-03T12:00:03.240Z]   Uploading image: /root/themaximoguys-blog/SocialMedia/LinkedIn/Content/images/linkedin-infographic-04-dashboard-scheduling.png
[2026-04-03T12:00:05.350Z]   Image uploaded: urn:li:image:D4E10AQFrfIflwydxVA
[2026-04-03T12:00:05.350Z]   Creating post...
[2026-04-03T12:00:05.678Z]   Post published: urn:li:share:7445802303418286080
[2026-04-03T12:00:05.679Z]   URL: https://www.linkedin.com/feed/update/urn:li:share:7445802303418286080/
[2026-04-03T12:00:05.680Z]   Waiting 5s for post propagation...
[2026-04-03T12:00:10.685Z]   Adding first comment as company...
[2026-04-03T12:00:10.844Z] Comment API failed: 404 {"message":"Unable to obtain activity for urn: 'urn:li:share:7445802303418286080'","status":404}
[2026-04-03T12:00:10.844Z]   Retrying comment after 10s...
[2026-04-03T12:00:21.119Z]   First comment added successfully
[2026-04-03T12:00:21.119Z]   Updating Notion page 33363851-9ab1-811c-8476-dc5488344339...
[2026-04-03T12:00:23.872Z]   Notion updated: Status=POSTED, URL=https://www.linkedin.com/feed/update/urn:li:share:7445802303418286080/
[2026-04-03T12:00:23.872Z] 
═══════════════════════════════════════════════════════
[2026-04-03T12:00:23.872Z] SUMMARY: 1 published, 0 failed, 1 total
[2026-04-03T12:00:23.872Z] ═══════════════════════════════════════════════════════
