[2026-06-22T12:00:02.429Z] ═══════════════════════════════════════════════════════
[2026-06-22T12:00:02.439Z] LinkedIn Auto-Publisher — 2026-06-22
[2026-06-22T12:00:02.439Z] Mode: LIVE
[2026-06-22T12:00:02.440Z] ═══════════════════════════════════════════════════════
[2026-06-22T12:00:02.440Z] Querying Notion for scheduled posts...
[2026-06-22T12:00:04.174Z] Found 2 post(s) scheduled for today
[2026-06-22T12:00:04.174Z] 
─── Post 1/2: "Part 2: Data Foundations for Maximo Predict" ───
[2026-06-22T12:00:04.174Z]   Platform: LinkedIn Personal
[2026-06-22T12:00:04.174Z]   Posted By: Surendra Katta
[2026-06-22T12:00:04.174Z]   Resolved Targets: personal
[2026-06-22T12:00:04.174Z]   Post Type: Text+Image
[2026-06-22T12:00:04.174Z]   Image: /root/themaximoguys-blog/SocialMedia/LinkedIn/Content/images/HMP/li-mas-predict-02.png
[2026-06-22T12:00:04.174Z]   Hashtags: #IBMMaximo #MaximoPredict #PredictiveMaintenance #DataQuality #AssetManagement #...
[2026-06-22T12:00:04.174Z]   First Comment: yes
[2026-06-22T12:00:04.174Z]   Series: MAS Predict
[2026-06-22T12:00:04.175Z]   Publishing as personal (urn:li:person:hj5bWVNgmt)...
[2026-06-22T12:00:04.175Z]   Uploading image: /root/themaximoguys-blog/SocialMedia/LinkedIn/Content/images/HMP/li-mas-predict-02.png
[2026-06-22T12:00:05.988Z]   Image uploaded: urn:li:image:D4E10AQG11lq4za4gYQ
[2026-06-22T12:00:05.988Z]   Creating post...
[2026-06-22T12:00:06.471Z]   Post published: urn:li:share:7474793335874895873
[2026-06-22T12:00:06.471Z]   URL: https://www.linkedin.com/feed/update/urn:li:share:7474793335874895873/
[2026-06-22T12:00:06.472Z]   Waiting 5s for post propagation...
[2026-06-22T12:00:11.480Z]   Adding first comment as personal...
[2026-06-22T12:00:11.652Z] Comment API failed: 404 {"message":"Unable to obtain activity for urn: 'urn:li:share:7474793335874895873'","status":404}
[2026-06-22T12:00:11.652Z]   Retrying comment after 10s...
[2026-06-22T12:00:22.023Z]   First comment added successfully
[2026-06-22T12:00:22.023Z]   Updating Notion page 38263851-9ab1-8157-849e-f15470ab197d...
[2026-06-22T12:00:23.175Z]   Notion updated: Status=POSTED, URL=https://www.linkedin.com/feed/update/urn:li:share:7474793335874895873/
[2026-06-22T12:00:23.176Z] 
Waiting 30s before next post...
[2026-06-22T12:00:53.176Z] 
─── Post 2/2: "Part 4: Configuring Health Scores and Criticality" ───
[2026-06-22T12:00:53.176Z]   Platform: LinkedIn Company
[2026-06-22T12:00:53.176Z]   Posted By: Company Page
[2026-06-22T12:00:53.176Z]   Resolved Targets: company
[2026-06-22T12:00:53.176Z]   Post Type: Text+Image
[2026-06-22T12:00:53.176Z]   Image: /root/themaximoguys-blog/posts/MAS-HEALTH/images/mas-health-04.png
[2026-06-22T12:00:53.176Z]   Hashtags: #IBMMaximo #MAS9 #AssetHealth #CriticalityAnalysis #Reliability...
[2026-06-22T12:00:53.176Z]   First Comment: yes
[2026-06-22T12:00:53.176Z]   Series: MAS Features
[2026-06-22T12:00:53.176Z]   Publishing as company (urn:li:organization:111960338)...
[2026-06-22T12:00:53.176Z]   Uploading image: /root/themaximoguys-blog/posts/MAS-HEALTH/images/mas-health-04.png
[2026-06-22T12:00:54.123Z]   Image uploaded: urn:li:image:D4E10AQF-CQouuWcmsg
[2026-06-22T12:00:54.123Z]   Creating post...
[2026-06-22T12:00:54.566Z]   Post published: urn:li:share:7474793537591603201
[2026-06-22T12:00:54.566Z]   URL: https://www.linkedin.com/feed/update/urn:li:share:7474793537591603201/
[2026-06-22T12:00:54.566Z]   Waiting 5s for post propagation...
[2026-06-22T12:00:59.569Z]   Adding first comment as company...
[2026-06-22T12:00:59.865Z]   First comment added successfully
[2026-06-22T12:00:59.865Z]   Updating Notion page 36063851-9ab1-8116-a5a4-e17fe89ff2e5...
[2026-06-22T12:01:00.709Z]   Notion updated: Status=POSTED, URL=https://www.linkedin.com/feed/update/urn:li:share:7474793537591603201/
[2026-06-22T12:01:00.709Z] 
═══════════════════════════════════════════════════════
[2026-06-22T12:01:00.709Z] SUMMARY: 2 published, 0 failed, 2 total
[2026-06-22T12:01:00.709Z] ═══════════════════════════════════════════════════════
